<?xml version="1.0" encoding="utf-8"?><testsuites name="pytest tests"><testsuite name="pytest" errors="0" failures="0" skipped="0" tests="7" time="4.129" timestamp="2026-03-21T18:36:45.851433+00:00" hostname="agent-env-a2056aa4-9417-4e31-bbda-049b4fa67b83"><testcase classname="backend.tests.test_accuracy_stats.TestAccuracyStatsEndpoint" name="test_accuracy_stats_returns_ok_status" time="3.304" /><testcase classname="backend.tests.test_accuracy_stats.TestAccuracyStatsEndpoint" name="test_accuracy_stats_has_required_fields" time="0.191" /><testcase classname="backend.tests.test_accuracy_stats.TestAccuracyStatsEndpoint" name="test_accuracy_stats_no_fabricated_numbers" time="0.129" /><testcase classname="backend.tests.test_accuracy_stats.TestAccuracyStatsEndpoint" name="test_accuracy_stats_total_tracked_is_integer" time="0.108" /><testcase classname="backend.tests.test_accuracy_stats.TestAccuracyStatsEndpoint" name="test_accuracy_stats_building_state" time="0.116" /><testcase classname="backend.tests.test_accuracy_stats.TestAccuracyEndpointIntegrity" name="test_accuracy_stats_response_time" time="0.109" /><testcase classname="backend.tests.test_accuracy_stats.TestAccuracyEndpointIntegrity" name="test_accuracy_stats_content_type" time="0.110" /></testsuite></testsuites>