<?xml version="1.0" encoding="utf-8"?><testsuites name="pytest tests"><testsuite name="pytest" errors="0" failures="0" skipped="0" tests="18" time="34.444" timestamp="2026-03-11T22:49:05.403563+00:00" hostname="agent-env-fbb5f4cf-2885-4460-9c18-2f0862d98262"><testcase classname="tests.test_ad_creative_api.TestAdCreativeGetCached" name="test_get_cached_creatives_success" time="0.574" /><testcase classname="tests.test_ad_creative_api.TestAdCreativeGetCached" name="test_creatives_has_all_required_fields" time="0.157" /><testcase classname="tests.test_ad_creative_api.TestAdCreativeGetCached" name="test_tiktok_scripts_structure" time="0.144" /><testcase classname="tests.test_ad_creative_api.TestAdCreativeGetCached" name="test_facebook_ads_structure" time="0.136" /><testcase classname="tests.test_ad_creative_api.TestAdCreativeGetCached" name="test_instagram_captions_structure" time="0.121" /><testcase classname="tests.test_ad_creative_api.TestAdCreativeGetCached" name="test_product_angles_structure" time="0.110" /><testcase classname="tests.test_ad_creative_api.TestAdCreativeGetCached" name="test_headlines_array" time="0.120" /><testcase classname="tests.test_ad_creative_api.TestAdCreativeGetCached" name="test_video_storyboard_structure" time="0.129" /><testcase classname="tests.test_ad_creative_api.TestAdCreativeGetCached" name="test_shot_list_structure" time="0.120" /><testcase classname="tests.test_ad_creative_api.TestAdCreativeGetCached" name="test_voiceover_script_is_string" time="0.127" /><testcase classname="tests.test_ad_creative_api.TestAdCreativeGetNonCached" name="test_get_non_cached_returns_message" time="0.110" /><testcase classname="tests.test_ad_creative_api.TestAdCreativeAuth" name="test_get_without_auth_returns_401" time="0.122" /><testcase classname="tests.test_ad_creative_api.TestAdCreativeAuth" name="test_post_without_auth_returns_401" time="0.110" /><testcase classname="tests.test_ad_creative_api.TestAdCreativeGenerate" name="test_generate_returns_success_true" time="31.735" /><testcase classname="tests.test_ad_creative_api.TestAdCreativeGenerate" name="test_generate_with_invalid_product_returns_404" time="0.159" /><testcase classname="tests.test_ad_creative_api.TestAdCreativeMetadata" name="test_response_has_provider_field" time="0.131" /><testcase classname="tests.test_ad_creative_api.TestAdCreativeMetadata" name="test_response_has_generated_at" time="0.113" /><testcase classname="tests.test_ad_creative_api.TestAdCreativeMetadata" name="test_response_has_product_name" time="0.134" /></testsuite></testsuites>