<?xml version="1.0" encoding="utf-8"?><testsuites name="pytest tests"><testsuite name="pytest" errors="0" failures="0" skipped="0" tests="36" time="4.805" timestamp="2026-03-12T09:42:12.882714+00:00" hostname="agent-env-37a90b37-899e-4a66-983f-229d089391f4"><testcase classname="tests.test_ad_test_system.TestVariationsEndpoint" name="test_variations_returns_200_for_valid_product" time="0.947" /><testcase classname="tests.test_ad_test_system.TestVariationsEndpoint" name="test_variations_returns_product_info" time="0.112" /><testcase classname="tests.test_ad_test_system.TestVariationsEndpoint" name="test_variations_returns_exactly_3_variations" time="0.107" /><testcase classname="tests.test_ad_test_system.TestVariationsEndpoint" name="test_variations_have_required_fields" time="0.105" /><testcase classname="tests.test_ad_test_system.TestVariationsEndpoint" name="test_variation_labels_are_abc" time="0.111" /><testcase classname="tests.test_ad_test_system.TestVariationsEndpoint" name="test_variation_script_has_5_scenes" time="0.110" /><testcase classname="tests.test_ad_test_system.TestVariationsEndpoint" name="test_variation_script_scenes_have_required_fields" time="0.137" /><testcase classname="tests.test_ad_test_system.TestVariationsEndpoint" name="test_effectiveness_estimate_is_valid" time="0.100" /><testcase classname="tests.test_ad_test_system.TestVariationsEndpoint" name="test_test_plan_included" time="0.104" /><testcase classname="tests.test_ad_test_system.TestVariationsEndpoint" name="test_test_plan_has_6_steps" time="0.099" /><testcase classname="tests.test_ad_test_system.TestVariationsEndpoint" name="test_test_plan_has_4_metrics" time="0.109" /><testcase classname="tests.test_ad_test_system.TestVariationsEndpoint" name="test_test_plan_has_budget_and_duration" time="0.100" /><testcase classname="tests.test_ad_test_system.TestVariationsEndpoint" name="test_variations_404_for_nonexistent_product" time="0.118" /><testcase classname="tests.test_ad_test_system.TestCreateAdTest" name="test_create_requires_auth" time="0.109" /><testcase classname="tests.test_ad_test_system.TestCreateAdTest" name="test_create_requires_product_id" time="0.114" /><testcase classname="tests.test_ad_test_system.TestCreateAdTest" name="test_create_returns_404_for_nonexistent_product" time="0.102" /><testcase classname="tests.test_ad_test_system.TestMyAdTests" name="test_my_tests_requires_auth" time="0.098" /><testcase classname="tests.test_ad_test_system.TestMyAdTests" name="test_my_tests_returns_tests_array" time="0.104" /><testcase classname="tests.test_ad_test_system.TestMyAdTests" name="test_my_tests_includes_existing_test" time="0.098" /><testcase classname="tests.test_ad_test_system.TestMyAdTests" name="test_my_tests_test_has_winner_info" time="0.106" /><testcase classname="tests.test_ad_test_system.TestMyAdTests" name="test_my_tests_filter_by_status" time="0.111" /><testcase classname="tests.test_ad_test_system.TestMyAdTests" name="test_my_tests_filter_completed" time="0.107" /><testcase classname="tests.test_ad_test_system.TestUpdateResults" name="test_update_results_requires_auth" time="0.105" /><testcase classname="tests.test_ad_test_system.TestUpdateResults" name="test_update_results_404_for_nonexistent_test" time="0.100" /><testcase classname="tests.test_ad_test_system.TestCompleteAdTest" name="test_complete_requires_auth" time="0.109" /><testcase classname="tests.test_ad_test_system.TestCompleteAdTest" name="test_complete_404_for_nonexistent_test" time="0.113" /><testcase classname="tests.test_ad_test_system.TestLaunchSimulator" name="test_simulate_requires_auth" time="0.102" /><testcase classname="tests.test_ad_test_system.TestLaunchSimulator" name="test_simulate_returns_200_for_valid_product" time="0.105" /><testcase classname="tests.test_ad_test_system.TestLaunchSimulator" name="test_simulate_returns_simulation_object" time="0.104" /><testcase classname="tests.test_ad_test_system.TestLaunchSimulator" name="test_simulate_daily_ranges_structure" time="0.115" /><testcase classname="tests.test_ad_test_system.TestLaunchSimulator" name="test_simulate_returns_potential" time="0.109" /><testcase classname="tests.test_ad_test_system.TestLaunchSimulator" name="test_simulate_returns_risks_array" time="0.102" /><testcase classname="tests.test_ad_test_system.TestLaunchSimulator" name="test_simulate_returns_guidance" time="0.114" /><testcase classname="tests.test_ad_test_system.TestLaunchSimulator" name="test_simulate_returns_breakeven_days" time="0.116" /><testcase classname="tests.test_ad_test_system.TestLaunchSimulator" name="test_simulate_404_for_nonexistent_product" time="0.105" /><testcase classname="tests.test_ad_test_system.TestLaunchSimulator" name="test_simulate_returns_inputs_used" time="0.101" /></testsuite></testsuites>