<?xml version="1.0" encoding="utf-8"?><testsuites name="pytest tests"><testsuite name="pytest" errors="0" failures="0" skipped="0" tests="23" time="2.969" timestamp="2026-03-12T08:54:25.019200+00:00" hostname="agent-env-37a90b37-899e-4a66-983f-229d089391f4"><testcase classname="backend.tests.test_ad_winning_engine.TestAdEnginePatterns" name="test_patterns_returns_200_for_valid_product" time="0.242" /><testcase classname="backend.tests.test_ad_winning_engine.TestAdEnginePatterns" name="test_patterns_response_structure" time="0.135" /><testcase classname="backend.tests.test_ad_winning_engine.TestAdEnginePatterns" name="test_patterns_hook_type_structure" time="0.105" /><testcase classname="backend.tests.test_ad_winning_engine.TestAdEnginePatterns" name="test_patterns_video_length" time="0.097" /><testcase classname="backend.tests.test_ad_winning_engine.TestAdEnginePatterns" name="test_patterns_content_format" time="0.107" /><testcase classname="backend.tests.test_ad_winning_engine.TestAdEnginePatterns" name="test_patterns_cta_style" time="0.100" /><testcase classname="backend.tests.test_ad_winning_engine.TestAdEnginePatterns" name="test_patterns_music_sound" time="0.148" /><testcase classname="backend.tests.test_ad_winning_engine.TestAdEnginePatterns" name="test_patterns_engagement_indicators" time="0.113" /><testcase classname="backend.tests.test_ad_winning_engine.TestAdEnginePatterns" name="test_patterns_returns_404_for_non_existent_product" time="0.102" /><testcase classname="backend.tests.test_ad_winning_engine.TestAdEngineBlueprint" name="test_blueprint_returns_200_for_valid_product" time="0.107" /><testcase classname="backend.tests.test_ad_winning_engine.TestAdEngineBlueprint" name="test_blueprint_response_structure" time="0.137" /><testcase classname="backend.tests.test_ad_winning_engine.TestAdEngineBlueprint" name="test_blueprint_has_5_scenes" time="0.101" /><testcase classname="backend.tests.test_ad_winning_engine.TestAdEngineBlueprint" name="test_blueprint_scene_structure" time="0.148" /><testcase classname="backend.tests.test_ad_winning_engine.TestAdEngineBlueprint" name="test_blueprint_has_3_hook_variations" time="0.155" /><testcase classname="backend.tests.test_ad_winning_engine.TestAdEngineBlueprint" name="test_blueprint_has_5_filming_tips" time="0.167" /><testcase classname="backend.tests.test_ad_winning_engine.TestAdEngineBlueprint" name="test_blueprint_returns_404_for_non_existent_product" time="0.106" /><testcase classname="backend.tests.test_ad_winning_engine.TestAdEnginePerformance" name="test_performance_returns_200_for_valid_product" time="0.148" /><testcase classname="backend.tests.test_ad_winning_engine.TestAdEnginePerformance" name="test_performance_response_structure" time="0.137" /><testcase classname="backend.tests.test_ad_winning_engine.TestAdEnginePerformance" name="test_performance_engagement_level_values" time="0.118" /><testcase classname="backend.tests.test_ad_winning_engine.TestAdEnginePerformance" name="test_performance_activity_trend_values" time="0.104" /><testcase classname="backend.tests.test_ad_winning_engine.TestAdEnginePerformance" name="test_performance_trend_icon_values" time="0.100" /><testcase classname="backend.tests.test_ad_winning_engine.TestAdEnginePerformance" name="test_performance_saturation_values" time="0.098" /><testcase classname="backend.tests.test_ad_winning_engine.TestAdEnginePerformance" name="test_performance_returns_404_for_non_existent_product" time="0.103" /></testsuite></testsuites>