<?xml version="1.0" encoding="utf-8"?><testsuites name="pytest tests"><testsuite name="pytest" errors="0" failures="0" skipped="0" tests="21" time="4.941" timestamp="2026-03-28T13:55:28.297309+00:00" hostname="agent-env-31ec0979-87df-46e2-a901-6ef006c2f7ac"><testcase classname="tests.test_admin_oauth_credentials.TestHealthAndAuth" name="test_health_endpoint" time="2.026" /><testcase classname="tests.test_admin_oauth_credentials.TestHealthAndAuth" name="test_admin_login" time="0.340" /><testcase classname="tests.test_admin_oauth_credentials.TestHealthAndAuth" name="test_demo_login" time="0.354" /><testcase classname="tests.test_admin_oauth_credentials.TestHealthAndAuth" name="test_trending_products_api" time="0.137" /><testcase classname="tests.test_admin_oauth_credentials.TestAdminOAuthCredentialsAccess" name="test_get_credentials_admin_success" time="0.128" /><testcase classname="tests.test_admin_oauth_credentials.TestAdminOAuthCredentialsAccess" name="test_get_credentials_demo_forbidden" time="0.112" /><testcase classname="tests.test_admin_oauth_credentials.TestAdminOAuthCredentialsAccess" name="test_post_credentials_demo_forbidden" time="0.124" /><testcase classname="tests.test_admin_oauth_credentials.TestAdminOAuthCredentialsAccess" name="test_delete_credentials_demo_forbidden" time="0.102" /><testcase classname="tests.test_admin_oauth_credentials.TestAdminOAuthCredentialsAccess" name="test_test_credentials_demo_forbidden" time="0.131" /><testcase classname="tests.test_admin_oauth_credentials.TestAdminOAuthCredentialsCRUD" name="test_shopify_shows_env_source" time="0.115" /><testcase classname="tests.test_admin_oauth_credentials.TestAdminOAuthCredentialsCRUD" name="test_save_credentials_success" time="0.117" /><testcase classname="tests.test_admin_oauth_credentials.TestAdminOAuthCredentialsCRUD" name="test_verify_saved_credentials" time="0.107" /><testcase classname="tests.test_admin_oauth_credentials.TestAdminOAuthCredentialsCRUD" name="test_test_credentials_endpoint" time="0.126" /><testcase classname="tests.test_admin_oauth_credentials.TestAdminOAuthCredentialsCRUD" name="test_oauth_platforms_reflects_configured" time="0.149" /><testcase classname="tests.test_admin_oauth_credentials.TestAdminOAuthCredentialsCRUD" name="test_connections_platforms_reflects_configured" time="0.102" /><testcase classname="tests.test_admin_oauth_credentials.TestAdminOAuthCredentialsCRUD" name="test_save_credentials_invalid_platform" time="0.112" /><testcase classname="tests.test_admin_oauth_credentials.TestAdminOAuthCredentialsCRUD" name="test_save_credentials_empty_values" time="0.120" /><testcase classname="tests.test_admin_oauth_credentials.TestAdminOAuthCredentialsCRUD" name="test_delete_credentials_success" time="0.113" /><testcase classname="tests.test_admin_oauth_credentials.TestAdminOAuthCredentialsCRUD" name="test_verify_deleted_credentials" time="0.115" /><testcase classname="tests.test_admin_oauth_credentials.TestAdminOAuthCredentialsCRUD" name="test_delete_nonexistent_credentials" time="0.111" /><testcase classname="tests.test_admin_oauth_credentials.TestCredentialStructure" name="test_credential_has_required_fields" time="0.116" /></testsuite></testsuites>