<?xml version="1.0" encoding="utf-8"?><testsuites name="pytest tests"><testsuite name="pytest" errors="0" failures="0" skipped="0" tests="27" time="37.143" timestamp="2026-03-13T15:10:22.122510+00:00" hostname="agent-env-d748a77f-bb39-4e08-9fc8-693787a9bcd3"><testcase classname="backend.tests.test_advanced_filters_and_image_pipeline.TestProductsAdvancedFilters" name="test_products_no_filters" time="0.358" /><testcase classname="backend.tests.test_advanced_filters_and_image_pipeline.TestProductsAdvancedFilters" name="test_competition_level_filter_low" time="0.218" /><testcase classname="backend.tests.test_advanced_filters_and_image_pipeline.TestProductsAdvancedFilters" name="test_competition_level_filter_medium" time="0.205" /><testcase classname="backend.tests.test_advanced_filters_and_image_pipeline.TestProductsAdvancedFilters" name="test_competition_level_filter_high" time="0.118" /><testcase classname="backend.tests.test_advanced_filters_and_image_pipeline.TestProductsAdvancedFilters" name="test_min_trend_score_filter" time="0.188" /><testcase classname="backend.tests.test_advanced_filters_and_image_pipeline.TestProductsAdvancedFilters" name="test_max_trend_score_filter" time="0.332" /><testcase classname="backend.tests.test_advanced_filters_and_image_pipeline.TestProductsAdvancedFilters" name="test_trend_score_range_filter" time="0.161" /><testcase classname="backend.tests.test_advanced_filters_and_image_pipeline.TestProductsAdvancedFilters" name="test_min_price_filter" time="0.165" /><testcase classname="backend.tests.test_advanced_filters_and_image_pipeline.TestProductsAdvancedFilters" name="test_max_price_filter" time="0.185" /><testcase classname="backend.tests.test_advanced_filters_and_image_pipeline.TestProductsAdvancedFilters" name="test_price_range_filter" time="0.128" /><testcase classname="backend.tests.test_advanced_filters_and_image_pipeline.TestProductsAdvancedFilters" name="test_combined_filters" time="0.168" /><testcase classname="backend.tests.test_advanced_filters_and_image_pipeline.TestProductsAdvancedFilters" name="test_all_filters_combined" time="0.157" /><testcase classname="backend.tests.test_advanced_filters_and_image_pipeline.TestImagePipelineEndpoints" name="test_image_pipeline_stats_requires_auth" time="0.119" /><testcase classname="backend.tests.test_advanced_filters_and_image_pipeline.TestImagePipelineEndpoints" name="test_image_pipeline_stats_with_admin" time="0.453" /><testcase classname="backend.tests.test_advanced_filters_and_image_pipeline.TestImagePipelineEndpoints" name="test_image_pipeline_queue_requires_auth" time="0.111" /><testcase classname="backend.tests.test_advanced_filters_and_image_pipeline.TestImagePipelineEndpoints" name="test_image_pipeline_queue_with_admin" time="0.173" /><testcase classname="backend.tests.test_advanced_filters_and_image_pipeline.TestImagePipelineEndpoints" name="test_image_pipeline_queue_status_filter" time="0.171" /><testcase classname="backend.tests.test_advanced_filters_and_image_pipeline.TestImagePipelineEndpoints" name="test_enrich_product_images_requires_auth" time="0.126" /><testcase classname="backend.tests.test_advanced_filters_and_image_pipeline.TestImagePipelineEndpoints" name="test_enrich_product_images_with_auth" time="9.415" /><testcase classname="backend.tests.test_advanced_filters_and_image_pipeline.TestImagePipelineEndpoints" name="test_enrich_product_images_not_found" time="0.184" /><testcase classname="backend.tests.test_advanced_filters_and_image_pipeline.TestImagePipelineEndpoints" name="test_batch_enrich_requires_admin" time="0.118" /><testcase classname="backend.tests.test_advanced_filters_and_image_pipeline.TestImagePipelineEndpoints" name="test_batch_enrich_with_admin" time="22.717" /><testcase classname="backend.tests.test_advanced_filters_and_image_pipeline.TestImagePipelineEndpoints" name="test_pipeline_review_requires_admin" time="0.175" /><testcase classname="backend.tests.test_advanced_filters_and_image_pipeline.TestImagePipelineEndpoints" name="test_pipeline_review_approve" time="0.262" /><testcase classname="backend.tests.test_advanced_filters_and_image_pipeline.TestImagePipelineEndpoints" name="test_pipeline_review_reject" time="0.253" /><testcase classname="backend.tests.test_advanced_filters_and_image_pipeline.TestImagePipelineEndpoints" name="test_pipeline_review_invalid_action" time="0.250" /><testcase classname="backend.tests.test_advanced_filters_and_image_pipeline.TestImagePipelineEndpoints" name="test_pipeline_review_not_found" time="0.100" /></testsuite></testsuites>