<?xml version="1.0" encoding="utf-8"?><testsuites name="pytest tests"><testsuite name="pytest" errors="0" failures="0" skipped="0" tests="15" time="24.142" timestamp="2026-03-10T23:56:49.418553+00:00" hostname="agent-env-d276bb91-f468-4a6a-ae27-64f99dc99abe"><testcase classname="tests.test_auth.TestHealthCheck" name="test_api_health" time="19.797" /><testcase classname="tests.test_auth.TestUserRegistration" name="test_register_new_user" time="0.357" /><testcase classname="tests.test_auth.TestUserRegistration" name="test_register_duplicate_email" time="0.464" /><testcase classname="tests.test_auth.TestUserRegistration" name="test_register_invalid_email" time="0.124" /><testcase classname="tests.test_auth.TestUserRegistration" name="test_register_short_password" time="0.115" /><testcase classname="tests.test_auth.TestUserLogin" name="test_login_admin_user" time="0.339" /><testcase classname="tests.test_auth.TestUserLogin" name="test_login_regular_user" time="0.328" /><testcase classname="tests.test_auth.TestUserLogin" name="test_login_invalid_credentials" time="0.338" /><testcase classname="tests.test_auth.TestUserLogin" name="test_login_nonexistent_user" time="0.118" /><testcase classname="tests.test_auth.TestUserLogin" name="test_login_missing_fields" time="0.107" /><testcase classname="tests.test_auth.TestUserProfile" name="test_profile_with_valid_token" time="0.455" /><testcase classname="tests.test_auth.TestUserProfile" name="test_profile_regular_user" time="0.489" /><testcase classname="tests.test_auth.TestUserProfile" name="test_profile_without_token" time="0.121" /><testcase classname="tests.test_auth.TestUserProfile" name="test_profile_with_invalid_token" time="0.117" /><testcase classname="tests.test_auth.TestAuthFlow" name="test_register_login_profile_flow" time="0.775" /></testsuite></testsuites>