<?xml version="1.0" encoding="utf-8"?><testsuites name="pytest tests"><testsuite name="pytest" errors="0" failures="0" skipped="0" tests="8" time="3.469" timestamp="2026-03-22T12:39:22.681188+00:00" hostname="agent-env-eb4cfc26-daf0-4f56-a164-83c771f8743a"><testcase classname="backend.tests.test_automation_ingestion.TestAutomationEndpoints" name="test_automation_run_full_pipeline" time="2.542" /><testcase classname="backend.tests.test_automation_ingestion.TestAutomationEndpoints" name="test_automation_logs" time="0.133" /><testcase classname="backend.tests.test_automation_ingestion.TestAutomationEndpoints" name="test_automation_stats" time="0.101" /><testcase classname="backend.tests.test_automation_ingestion.TestIngestionEndpoints" name="test_ingestion_amazon" time="0.117" /><testcase classname="backend.tests.test_automation_ingestion.TestIngestionEndpoints" name="test_ingestion_tiktok" time="0.120" /><testcase classname="backend.tests.test_automation_ingestion.TestIngestionEndpoints" name="test_ingestion_supplier" time="0.112" /><testcase classname="backend.tests.test_automation_ingestion.TestIngestionEndpoints" name="test_ingestion_full_sync" time="0.141" /><testcase classname="backend.tests.test_automation_ingestion.TestIngestionEndpoints" name="test_ingestion_sources" time="0.134" /></testsuite></testsuites>