<?xml version="1.0" encoding="utf-8"?><testsuites name="pytest tests"><testsuite name="pytest" errors="0" failures="0" skipped="0" tests="21" time="5.580" timestamp="2026-03-30T22:49:16.724679+00:00" hostname="agent-env-ba1c04d1-026f-44ea-9520-7f4c47d2665f"><testcase classname="tests.test_avasam_integration.TestAvasamEndpointsGracefulErrors" name="test_avasam_search_graceful_error" time="3.467" /><testcase classname="tests.test_avasam_integration.TestAvasamEndpointsGracefulErrors" name="test_avasam_categories_graceful_error" time="0.110" /><testcase classname="tests.test_avasam_integration.TestAvasamEndpointsGracefulErrors" name="test_avasam_product_detail_404" time="0.177" /><testcase classname="tests.test_avasam_integration.TestAvasamEndpointsGracefulErrors" name="test_avasam_stock_404" time="0.105" /><testcase classname="tests.test_avasam_integration.TestAvasamEndpointsGracefulErrors" name="test_avasam_import_404" time="0.119" /><testcase classname="tests.test_avasam_integration.TestAvasamEndpointsGracefulErrors" name="test_avasam_sync_history_empty" time="0.121" /><testcase classname="tests.test_avasam_integration.TestAvasamAuthenticationRequired" name="test_avasam_search_requires_auth" time="0.109" /><testcase classname="tests.test_avasam_integration.TestAvasamAuthenticationRequired" name="test_avasam_categories_requires_auth" time="0.134" /><testcase classname="tests.test_avasam_integration.TestAvasamAuthenticationRequired" name="test_avasam_product_requires_auth" time="0.112" /><testcase classname="tests.test_avasam_integration.TestAvasamAuthenticationRequired" name="test_avasam_stock_requires_auth" time="0.121" /><testcase classname="tests.test_avasam_integration.TestAvasamAuthenticationRequired" name="test_avasam_import_requires_auth" time="0.127" /><testcase classname="tests.test_avasam_integration.TestAvasamAuthenticationRequired" name="test_avasam_sync_history_requires_auth" time="0.116" /><testcase classname="tests.test_avasam_integration.TestSupplierComparisonIncludesAvasam" name="test_supplier_comparison_includes_avasam" time="0.388" /><testcase classname="tests.test_avasam_integration.TestShippingTierForAvasamProducts" name="test_compute_uk_shipping_tier_avasam_pid" time="0.001" /><testcase classname="tests.test_avasam_integration.TestShippingTierForAvasamProducts" name="test_compute_uk_shipping_tier_avasam_data_source" time="0.000" /><testcase classname="tests.test_avasam_integration.TestShippingTierForAvasamProducts" name="test_cj_products_still_get_yellow_tier" time="0.000" /><testcase classname="tests.test_avasam_integration.TestShippingTierForAvasamProducts" name="test_generic_products_still_get_red_tier" time="0.000" /><testcase classname="tests.test_avasam_integration.TestSyncAvasamProductsTaskRegistered" name="test_sync_avasam_products_task_exists" time="0.022" /><testcase classname="tests.test_avasam_integration.TestSyncAvasamProductsTaskRegistered" name="test_sync_avasam_products_in_scheduled_tasks" time="0.000" /><testcase classname="tests.test_avasam_integration.TestBackendStartsWithAvasamRouter" name="test_health_endpoint" time="0.136" /><testcase classname="tests.test_avasam_integration.TestBackendStartsWithAvasamRouter" name="test_api_health_endpoint" time="0.133" /></testsuite></testsuites>