<?xml version="1.0" encoding="utf-8"?><testsuites name="pytest tests"><testsuite name="pytest" errors="0" failures="0" skipped="0" tests="18" time="4.621" timestamp="2026-03-11T23:28:41.882654+00:00" hostname="agent-env-6b19a41d-9ad4-4bf6-89db-b7ba4c4b98c0"><testcase classname="tests.test_backlog_features.TestReferralSystem" name="test_get_referral_stats" time="0.675" /><testcase classname="tests.test_backlog_features.TestReferralSystem" name="test_get_referral_history" time="0.055" /><testcase classname="tests.test_backlog_features.TestReferralSystem" name="test_track_referral_endpoint_exists" time="0.117" /><testcase classname="tests.test_backlog_features.TestReferralSystem" name="test_referral_stats_requires_auth" time="0.137" /><testcase classname="tests.test_backlog_features.TestAutomatedReports" name="test_list_reports" time="0.466" /><testcase classname="tests.test_backlog_features.TestAutomatedReports" name="test_weekly_winning_products_report" time="0.072" /><testcase classname="tests.test_backlog_features.TestAutomatedReports" name="test_monthly_market_trends_report" time="0.061" /><testcase classname="tests.test_backlog_features.TestAutomatedReports" name="test_weekly_pdf_download" time="0.129" /><testcase classname="tests.test_backlog_features.TestAutomatedReports" name="test_report_history" time="0.058" /><testcase classname="tests.test_backlog_features.TestAdDiscovery" name="test_discover_ads" time="0.518" /><testcase classname="tests.test_backlog_features.TestAdDiscovery" name="test_get_cached_ads" time="0.057" /><testcase classname="tests.test_backlog_features.TestAdDiscovery" name="test_ad_discovery_requires_auth" time="0.152" /><testcase classname="tests.test_backlog_features.TestShopifyIntegration" name="test_shopify_status" time="0.487" /><testcase classname="tests.test_backlog_features.TestShopifyIntegration" name="test_shopify_connect_init_endpoint_exists" time="0.074" /><testcase classname="tests.test_backlog_features.TestShopifyIntegration" name="test_shopify_publish_endpoint_exists" time="0.068" /><testcase classname="tests.test_backlog_features.TestShopifyIntegration" name="test_shopify_disconnect_endpoint_exists" time="0.075" /><testcase classname="tests.test_backlog_features.TestSignupWithReferral" name="test_referral_code_in_signup" time="0.845" /><testcase classname="tests.test_backlog_features.TestProductsEndpoint" name="test_products_returns_data_array" time="0.455" /></testsuite></testsuites>