<?xml version="1.0" encoding="utf-8"?><testsuites name="pytest tests"><testsuite name="pytest" errors="0" failures="0" skipped="0" tests="12" time="4.769" timestamp="2026-03-13T10:00:40.952144+00:00" hostname="agent-env-454c0bfa-8151-45a4-9565-98c9e4694d86"><testcase classname="backend.tests.test_blog_system.TestBlogPostsListEndpoint" name="test_blog_posts_list_returns_200" time="3.114" /><testcase classname="backend.tests.test_blog_system.TestBlogPostsListEndpoint" name="test_blog_posts_list_returns_posts_array_and_count" time="0.138" /><testcase classname="backend.tests.test_blog_system.TestBlogPostsListEndpoint" name="test_blog_posts_have_required_fields" time="0.132" /><testcase classname="backend.tests.test_blog_system.TestBlogPostsListEndpoint" name="test_blog_posts_sorted_by_published_at" time="0.106" /><testcase classname="backend.tests.test_blog_system.TestBlogPostsListEndpoint" name="test_blog_posts_have_product_thumbnails" time="0.106" /><testcase classname="backend.tests.test_blog_system.TestBlogPostDetailEndpoint" name="test_existing_slug_returns_200_with_full_content" time="0.210" /><testcase classname="backend.tests.test_blog_system.TestBlogPostDetailEndpoint" name="test_blog_post_content_structure" time="0.209" /><testcase classname="backend.tests.test_blog_system.TestBlogPostDetailEndpoint" name="test_nonexistent_slug_returns_404" time="0.116" /><testcase classname="backend.tests.test_blog_system.TestBlogPostDetailEndpoint" name="test_known_existing_slugs" time="0.222" /><testcase classname="backend.tests.test_blog_system.TestBlogPostDataValidity" name="test_blog_posts_have_valid_tags" time="0.111" /><testcase classname="backend.tests.test_blog_system.TestBlogPostDataValidity" name="test_blog_posts_have_ai_generated_flag" time="0.102" /><testcase classname="backend.tests.test_blog_system.TestBlogPostDataValidity" name="test_blog_post_meta_description" time="0.096" /></testsuite></testsuites>