<?xml version="1.0" encoding="utf-8"?><testsuites name="pytest tests"><testsuite name="pytest" errors="0" failures="0" skipped="0" tests="15" time="3.811" timestamp="2026-03-12T13:46:01.165286+00:00" hostname="agent-env-8224266b-2d27-44a9-a253-5832fe5945f8"><testcase classname="tests.test_budget_optimizer_v2.TestBudgetOptimizerV2" name="test_get_presets_returns_3_options" time="1.208" /><testcase classname="tests.test_budget_optimizer_v2.TestBudgetOptimizerV2" name="test_presets_requires_auth" time="0.153" /><testcase classname="tests.test_budget_optimizer_v2.TestBudgetOptimizerV2" name="test_set_preset_to_aggressive" time="0.237" /><testcase classname="tests.test_budget_optimizer_v2.TestBudgetOptimizerV2" name="test_set_preset_to_beginner" time="0.169" /><testcase classname="tests.test_budget_optimizer_v2.TestBudgetOptimizerV2" name="test_set_preset_invalid_returns_400" time="0.121" /><testcase classname="tests.test_budget_optimizer_v2.TestBudgetOptimizerV2" name="test_toggle_auto_recommend_enable" time="0.267" /><testcase classname="tests.test_budget_optimizer_v2.TestBudgetOptimizerV2" name="test_toggle_auto_recommend_disable" time="0.341" /><testcase classname="tests.test_budget_optimizer_v2.TestBudgetOptimizerV2" name="test_get_settings_returns_preset_and_auto_recommend" time="0.156" /><testcase classname="tests.test_budget_optimizer_v2.TestBudgetOptimizerV2" name="test_get_optimizer_alerts" time="0.109" /><testcase classname="tests.test_budget_optimizer_v2.TestBudgetOptimizerV2" name="test_mark_alerts_as_read" time="0.242" /><testcase classname="tests.test_budget_optimizer_v2.TestBudgetOptimizerV2" name="test_dashboard_summary_returns_structure" time="0.112" /><testcase classname="tests.test_budget_optimizer_v2.TestBudgetOptimizerV2" name="test_timeline_endpoint_works" time="0.115" /><testcase classname="tests.test_budget_optimizer_v2.TestBudgetOptimizerV2" name="test_preset_change_persists" time="0.217" /><testcase classname="tests.test_budget_optimizer_v2.TestWeeklyRadarDigestTask" name="test_jobs_status_includes_weekly_radar_digest" time="0.169" /><testcase classname="tests.test_budget_optimizer_v2.TestHealthCheck" name="test_api_health" time="0.118" /></testsuite></testsuites>