<?xml version="1.0" encoding="utf-8"?><testsuites name="pytest tests"><testsuite name="pytest" errors="0" failures="0" skipped="0" tests="15" time="2.142" timestamp="2026-03-12T10:19:47.642210+00:00" hostname="agent-env-caf07b31-80bb-4df6-b599-74511ac4b21d"><testcase classname="tests.test_budget_optimizer.TestBudgetOptimizerRecommend" name="test_recommend_requires_auth" time="0.220" /><testcase classname="tests.test_budget_optimizer.TestBudgetOptimizerRecommend" name="test_recommend_404_for_nonexistent_test" time="0.694" /><testcase classname="tests.test_budget_optimizer.TestBudgetOptimizerRecommend" name="test_recommend_returns_recommendations" time="0.225" /><testcase classname="tests.test_budget_optimizer.TestBudgetOptimizerRecommend" name="test_recommend_has_valid_summary" time="0.049" /><testcase classname="tests.test_budget_optimizer.TestBudgetOptimizerRecommend" name="test_recommend_variations_have_required_fields" time="0.052" /><testcase classname="tests.test_budget_optimizer.TestBudgetOptimizerRecommend" name="test_recommend_metrics_structure" time="0.052" /><testcase classname="tests.test_budget_optimizer.TestBudgetOptimizerRecommend" name="test_recommend_with_target_cpa" time="0.050" /><testcase classname="tests.test_budget_optimizer.TestBudgetOptimizerRecommend" name="test_recommend_benchmarks_structure" time="0.053" /><testcase classname="tests.test_budget_optimizer.TestBudgetOptimizerTimeline" name="test_timeline_requires_auth" time="0.110" /><testcase classname="tests.test_budget_optimizer.TestBudgetOptimizerTimeline" name="test_timeline_returns_events" time="0.099" /><testcase classname="tests.test_budget_optimizer.TestBudgetOptimizerTimeline" name="test_timeline_event_structure" time="0.107" /><testcase classname="tests.test_budget_optimizer.TestBudgetOptimizerDashboardSummary" name="test_dashboard_summary_requires_auth" time="0.106" /><testcase classname="tests.test_budget_optimizer.TestBudgetOptimizerDashboardSummary" name="test_dashboard_summary_returns_valid_structure" time="0.049" /><testcase classname="tests.test_budget_optimizer.TestBudgetOptimizerDashboardSummary" name="test_dashboard_summary_action_items_structure" time="0.049" /><testcase classname="tests.test_budget_optimizer.TestBudgetOptimizerServiceLogic" name="test_needs_more_data_action_for_fresh_test" time="0.099" /></testsuite></testsuites>