<?xml version="1.0" encoding="utf-8"?><testsuites name="pytest tests"><testsuite name="pytest" errors="0" failures="0" skipped="0" tests="23" time="39.769" timestamp="2026-03-30T07:34:11.531914+00:00" hostname="agent-env-355dcb1e-a76e-4783-b80a-809001093a5d"><testcase classname="tests.test_cj_dropshipping.TestCJSearch" name="test_search_requires_auth" time="1.856" /><testcase classname="tests.test_cj_dropshipping.TestCJSearch" name="test_search_returns_products" time="0.854" /><testcase classname="tests.test_cj_dropshipping.TestCJSearch" name="test_search_with_pagination" time="1.911" /><testcase classname="tests.test_cj_dropshipping.TestCJCategories" name="test_categories_requires_auth" time="0.102" /><testcase classname="tests.test_cj_dropshipping.TestCJCategories" name="test_categories_returns_list" time="0.323" /><testcase classname="tests.test_cj_dropshipping.TestCJProductDetail" name="test_product_detail_requires_auth" time="0.119" /><testcase classname="tests.test_cj_dropshipping.TestCJProductDetail" name="test_product_detail_not_found" time="0.332" /><testcase classname="tests.test_cj_dropshipping.TestCJProductDetail" name="test_product_detail_from_search" time="3.813" /><testcase classname="tests.test_cj_dropshipping.TestCJImport" name="test_import_requires_auth" time="0.115" /><testcase classname="tests.test_cj_dropshipping.TestCJImport" name="test_import_invalid_pid" time="0.304" /><testcase classname="tests.test_cj_dropshipping.TestCJImport" name="test_import_product_from_search" time="3.470" /><testcase classname="tests.test_cj_dropshipping.TestCJImport" name="test_import_deduplication" time="3.783" /><testcase classname="tests.test_cj_dropshipping.TestCJSync" name="test_sync_requires_auth" time="0.108" /><testcase classname="tests.test_cj_dropshipping.TestCJSync" name="test_sync_returns_counts" time="10.603" /><testcase classname="tests.test_cj_dropshipping.TestCJSyncHistory" name="test_sync_history_requires_auth" time="0.126" /><testcase classname="tests.test_cj_dropshipping.TestCJSyncHistory" name="test_sync_history_returns_list" time="0.107" /><testcase classname="tests.test_cj_dropshipping.TestCJSyncHistory" name="test_sync_history_limit" time="0.105" /><testcase classname="tests.test_cj_dropshipping.TestCJSupplierComparison" name="test_supplier_comparison_requires_auth" time="0.111" /><testcase classname="tests.test_cj_dropshipping.TestCJSupplierComparison" name="test_supplier_comparison_returns_suppliers" time="0.283" /><testcase classname="tests.test_cj_dropshipping.TestCJSupplierComparison" name="test_supplier_comparison_includes_cj" time="0.318" /><testcase classname="tests.test_cj_dropshipping.TestDailyAutomation" name="test_daily_automation_requires_api_key" time="0.101" /><testcase classname="tests.test_cj_dropshipping.TestDailyAutomation" name="test_daily_automation_invalid_key" time="0.099" /><testcase classname="tests.test_cj_dropshipping.TestDailyAutomation" name="test_daily_automation_includes_cj_sync" time="10.730" /></testsuite></testsuites>