<?xml version="1.0" encoding="utf-8"?><testsuites name="pytest tests"><testsuite name="pytest" errors="0" failures="0" skipped="1" tests="13" time="22.903" timestamp="2026-03-17T21:10:04.484310+00:00" hostname="agent-env-bddd46c4-7331-4f1c-a1e4-1eda2c6e32f1"><testcase classname="tests.test_cj_dropshipping_api.TestCJSearchEndpoint" name="test_search_requires_auth" time="1.324" /><testcase classname="tests.test_cj_dropshipping_api.TestCJSearchEndpoint" name="test_search_returns_products" time="0.845" /><testcase classname="tests.test_cj_dropshipping_api.TestCJSearchEndpoint" name="test_search_requires_query" time="0.130" /><testcase classname="tests.test_cj_dropshipping_api.TestCJSearchEndpoint" name="test_search_pagination" time="2.374" /><testcase classname="tests.test_cj_dropshipping_api.TestCJProductDetailEndpoint" name="test_product_detail_requires_auth" time="0.136" /><testcase classname="tests.test_cj_dropshipping_api.TestCJProductDetailEndpoint" name="test_product_detail_returns_full_data" time="0.337"><skipped type="pytest.skip" message="Could not get sample product ID from search">/app/backend/tests/test_cj_dropshipping_api.py:127: Could not get sample product ID from search</skipped></testcase><testcase classname="tests.test_cj_dropshipping_api.TestCJProductDetailEndpoint" name="test_product_detail_invalid_pid" time="0.383" /><testcase classname="tests.test_cj_dropshipping_api.TestCJImportEndpoint" name="test_import_requires_auth" time="0.183" /><testcase classname="tests.test_cj_dropshipping_api.TestCJImportEndpoint" name="test_import_creates_product" time="4.878" /><testcase classname="tests.test_cj_dropshipping_api.TestCJImportEndpoint" name="test_import_same_product_twice" time="6.830" /><testcase classname="tests.test_cj_dropshipping_api.TestCJCategoriesEndpoint" name="test_categories_requires_auth" time="0.177" /><testcase classname="tests.test_cj_dropshipping_api.TestCJCategoriesEndpoint" name="test_categories_returns_list" time="0.489" /><testcase classname="tests.test_cj_dropshipping_api.TestImportedProductIntegration" name="test_imported_product_has_cj_source" time="4.725" /></testsuite></testsuites>