<?xml version="1.0" encoding="utf-8"?><testsuites name="pytest tests"><testsuite name="pytest" errors="0" failures="0" skipped="0" tests="12" time="28.315" timestamp="2026-03-30T17:24:10.675002+00:00" hostname="agent-env-355dcb1e-a76e-4783-b80a-809001093a5d"><testcase classname="backend.tests.test_competitor_spy.TestCompetitorSpyScan" name="test_scan_valid_shopify_store" time="1.352" /><testcase classname="backend.tests.test_competitor_spy.TestCompetitorSpyScan" name="test_scan_with_https_prefix" time="0.300" /><testcase classname="backend.tests.test_competitor_spy.TestCompetitorSpyScan" name="test_scan_invalid_url_format" time="0.180" /><testcase classname="backend.tests.test_competitor_spy.TestCompetitorSpyScan" name="test_scan_empty_url" time="0.110" /><testcase classname="backend.tests.test_competitor_spy.TestCompetitorSpyScan" name="test_scan_missing_url" time="0.137" /><testcase classname="backend.tests.test_competitor_spy.TestCompetitorSpyScan" name="test_scan_non_shopify_store" time="0.297" /><testcase classname="backend.tests.test_competitor_spy.TestCompetitorSpyDeepAnalysis" name="test_deep_analysis_without_auth" time="0.114" /><testcase classname="backend.tests.test_competitor_spy.TestCompetitorSpyDeepAnalysis" name="test_deep_analysis_with_auth" time="24.622" /><testcase classname="backend.tests.test_competitor_spy.TestCompetitorSpyDeepAnalysis" name="test_deep_analysis_empty_url" time="0.483" /><testcase classname="backend.tests.test_competitor_spy.TestRegressionPreviousFeatures" name="test_product_validator_public" time="0.129" /><testcase classname="backend.tests.test_competitor_spy.TestRegressionPreviousFeatures" name="test_profit_simulator_public" time="0.134" /><testcase classname="backend.tests.test_competitor_spy.TestRegressionPreviousFeatures" name="test_auth_login" time="0.386" /></testsuite></testsuites>