<?xml version="1.0" encoding="utf-8"?><testsuites name="pytest tests"><testsuite name="pytest" errors="0" failures="0" skipped="0" tests="17" time="3.001" timestamp="2026-03-28T14:47:25.134455+00:00" hostname="agent-env-31ec0979-87df-46e2-a901-6ef006c2f7ac"><testcase classname="tests.test_compare_api.TestHealthCheck" name="test_health_check" time="0.962" /><testcase classname="tests.test_compare_api.TestQuickCompare" name="test_quick_compare_success" time="0.107" /><testcase classname="tests.test_compare_api.TestQuickCompare" name="test_quick_compare_with_3_products" time="0.051" /><testcase classname="tests.test_compare_api.TestQuickCompare" name="test_quick_compare_too_few_products" time="0.053" /><testcase classname="tests.test_compare_api.TestQuickCompare" name="test_quick_compare_too_many_products" time="0.049" /><testcase classname="tests.test_compare_api.TestQuickCompare" name="test_quick_compare_invalid_product_id" time="0.050" /><testcase classname="tests.test_compare_api.TestSavedComparison" name="test_create_comparison_no_auth" time="0.108" /><testcase classname="tests.test_compare_api.TestSavedComparison" name="test_create_comparison_success" time="0.401" /><testcase classname="tests.test_compare_api.TestSavedComparison" name="test_create_comparison_validates_product_count" time="0.057" /><testcase classname="tests.test_compare_api.TestSharedComparison" name="test_get_shared_comparison_success" time="0.250" /><testcase classname="tests.test_compare_api.TestSharedComparison" name="test_get_shared_comparison_not_found" time="0.107" /><testcase classname="tests.test_compare_api.TestMyComparisons" name="test_list_my_comparisons_no_auth" time="0.124" /><testcase classname="tests.test_compare_api.TestMyComparisons" name="test_list_my_comparisons_success" time="0.059" /><testcase classname="tests.test_compare_api.TestDeleteComparison" name="test_delete_comparison_no_auth" time="0.177" /><testcase classname="tests.test_compare_api.TestDeleteComparison" name="test_delete_comparison_success" time="0.184" /><testcase classname="tests.test_compare_api.TestDeleteComparison" name="test_delete_nonexistent_comparison" time="0.058" /><testcase classname="tests.test_compare_api.TestSSRRegression" name="test_ssr_trending_products" time="0.120" /></testsuite></testsuites>