<?xml version="1.0" encoding="utf-8"?><testsuites name="pytest tests"><testsuite name="pytest" errors="0" failures="2" skipped="0" tests="11" time="4.064" timestamp="2026-03-28T14:13:19.477809+00:00" hostname="agent-env-31ec0979-87df-46e2-a901-6ef006c2f7ac"><testcase classname="backend.tests.test_connection_wizard_sync.TestHealthAndAuth" name="test_health_check" time="0.225" /><testcase classname="backend.tests.test_connection_wizard_sync.TestHealthAndAuth" name="test_admin_login" time="0.341" /><testcase classname="backend.tests.test_connection_wizard_sync.TestHealthAndAuth" name="test_demo_login" time="0.394" /><testcase classname="backend.tests.test_connection_wizard_sync.TestSyncEndpoints" name="test_get_synced_products_requires_auth" time="0.140" /><testcase classname="backend.tests.test_connection_wizard_sync.TestSyncEndpoints" name="test_get_synced_products_with_auth" time="0.485" /><testcase classname="backend.tests.test_connection_wizard_sync.TestSyncEndpoints" name="test_etsy_sync_without_connection" time="0.450"><failure message="AssertionError: assert ('etsy' in '' or 'connection' in '')&#10; +  where '' = &lt;built-in method lower of str object at 0xf813d70f0be8&gt;()&#10; +    where &lt;built-in method lower of str object at 0xf813d70f0be8&gt; = ''.lower&#10; +      where '' = &lt;built-in method get of dict object at 0xf813d4774440&gt;('detail', '')&#10; +        where &lt;built-in method get of dict object at 0xf813d4774440&gt; = {'error': {'code': 'HTTP_404', 'message': 'No active etsy connection found'}, 'success': False}.get&#10; +  and   '' = &lt;built-in method lower of str object at 0xf813d70f0be8&gt;()&#10; +    where &lt;built-in method lower of str object at 0xf813d70f0be8&gt; = ''.lower&#10; +      where '' = &lt;built-in method get of dict object at 0xf813d4774440&gt;('detail', '')&#10; +        where &lt;built-in method get of dict object at 0xf813d4774440&gt; = {'error': {'code': 'HTTP_404', 'message': 'No active etsy connection found'}, 'success': False}.get">backend/tests/test_connection_wizard_sync.py:112: in test_etsy_sync_without_connection
    assert "etsy" in data.get("detail", "").lower() or "connection" in data.get("detail", "").lower()
E   AssertionError: assert ('etsy' in '' or 'connection' in '')
E    +  where '' = &lt;built-in method lower of str object at 0xf813d70f0be8&gt;()
E    +    where &lt;built-in method lower of str object at 0xf813d70f0be8&gt; = ''.lower
E    +      where '' = &lt;built-in method get of dict object at 0xf813d4774440&gt;('detail', '')
E    +        where &lt;built-in method get of dict object at 0xf813d4774440&gt; = {'error': {'code': 'HTTP_404', 'message': 'No active etsy connection found'}, 'success': False}.get
E    +  and   '' = &lt;built-in method lower of str object at 0xf813d70f0be8&gt;()
E    +    where &lt;built-in method lower of str object at 0xf813d70f0be8&gt; = ''.lower
E    +      where '' = &lt;built-in method get of dict object at 0xf813d4774440&gt;('detail', '')
E    +        where &lt;built-in method get of dict object at 0xf813d4774440&gt; = {'error': {'code': 'HTTP_404', 'message': 'No active etsy connection found'}, 'success': False}.get</failure></testcase><testcase classname="backend.tests.test_connection_wizard_sync.TestSyncEndpoints" name="test_woocommerce_sync_without_connection" time="0.484"><failure message="AssertionError: assert ('woocommerce' in '' or 'connection' in '')&#10; +  where '' = &lt;built-in method lower of str object at 0xf813d70f0be8&gt;()&#10; +    where &lt;built-in method lower of str object at 0xf813d70f0be8&gt; = ''.lower&#10; +      where '' = &lt;built-in method get of dict object at 0xf813d4602040&gt;('detail', '')&#10; +        where &lt;built-in method get of dict object at 0xf813d4602040&gt; = {'error': {'code': 'HTTP_404', 'message': 'No active woocommerce connection found'}, 'success': False}.get&#10; +  and   '' = &lt;built-in method lower of str object at 0xf813d70f0be8&gt;()&#10; +    where &lt;built-in method lower of str object at 0xf813d70f0be8&gt; = ''.lower&#10; +      where '' = &lt;built-in method get of dict object at 0xf813d4602040&gt;('detail', '')&#10; +        where &lt;built-in method get of dict object at 0xf813d4602040&gt; = {'error': {'code': 'HTTP_404', 'message': 'No active woocommerce connection found'}, 'success': False}.get">backend/tests/test_connection_wizard_sync.py:122: in test_woocommerce_sync_without_connection
    assert "woocommerce" in data.get("detail", "").lower() or "connection" in data.get("detail", "").lower()
E   AssertionError: assert ('woocommerce' in '' or 'connection' in '')
E    +  where '' = &lt;built-in method lower of str object at 0xf813d70f0be8&gt;()
E    +    where &lt;built-in method lower of str object at 0xf813d70f0be8&gt; = ''.lower
E    +      where '' = &lt;built-in method get of dict object at 0xf813d4602040&gt;('detail', '')
E    +        where &lt;built-in method get of dict object at 0xf813d4602040&gt; = {'error': {'code': 'HTTP_404', 'message': 'No active woocommerce connection found'}, 'success': False}.get
E    +  and   '' = &lt;built-in method lower of str object at 0xf813d70f0be8&gt;()
E    +    where &lt;built-in method lower of str object at 0xf813d70f0be8&gt; = ''.lower
E    +      where '' = &lt;built-in method get of dict object at 0xf813d4602040&gt;('detail', '')
E    +        where &lt;built-in method get of dict object at 0xf813d4602040&gt; = {'error': {'code': 'HTTP_404', 'message': 'No active woocommerce connection found'}, 'success': False}.get</failure></testcase><testcase classname="backend.tests.test_connection_wizard_sync.TestSyncEndpoints" name="test_amazon_sync_beta_message" time="0.447" /><testcase classname="backend.tests.test_connection_wizard_sync.TestPlatformEndpoints" name="test_get_platforms" time="0.445" /><testcase classname="backend.tests.test_connection_wizard_sync.TestPlatformEndpoints" name="test_get_oauth_platforms" time="0.447" /><testcase classname="backend.tests.test_connection_wizard_sync.TestSSREndpoint" name="test_public_trending_products" time="0.112" /></testsuite></testsuites>