<?xml version="1.0" encoding="utf-8"?><testsuites name="pytest tests"><testsuite name="pytest" errors="0" failures="0" skipped="0" tests="15" time="2.191" timestamp="2026-03-13T12:41:30.846300+00:00" hostname="agent-env-454c0bfa-8151-45a4-9565-98c9e4694d86"><testcase classname="backend.tests.test_conversion_optimization.TestPublicPlatformStats" name="test_platform_stats_returns_200" time="0.160" /><testcase classname="backend.tests.test_conversion_optimization.TestPublicPlatformStats" name="test_platform_stats_has_required_fields" time="0.144" /><testcase classname="backend.tests.test_conversion_optimization.TestPublicPlatformStats" name="test_platform_stats_values_are_positive" time="0.103" /><testcase classname="backend.tests.test_conversion_optimization.TestPublicTrendingProducts" name="test_trending_products_returns_200" time="0.134" /><testcase classname="backend.tests.test_conversion_optimization.TestPublicTrendingProducts" name="test_trending_products_returns_list" time="0.111" /><testcase classname="backend.tests.test_conversion_optimization.TestPublicTrendingProducts" name="test_trending_products_have_required_fields" time="0.117" /><testcase classname="backend.tests.test_conversion_optimization.TestPublicTrendingProducts" name="test_trending_products_limit_param" time="0.172" /><testcase classname="backend.tests.test_conversion_optimization.TestPublicTopTrending" name="test_top_trending_returns_200" time="0.109" /><testcase classname="backend.tests.test_conversion_optimization.TestPublicTopTrending" name="test_top_trending_has_products_with_rank" time="0.110" /><testcase classname="backend.tests.test_conversion_optimization.TestPublicTopTrending" name="test_top_trending_products_sorted_by_launch_score" time="0.144" /><testcase classname="backend.tests.test_conversion_optimization.TestHealthAndApiRoot" name="test_api_health" time="0.124" /><testcase classname="backend.tests.test_conversion_optimization.TestHealthAndApiRoot" name="test_api_root" time="0.113" /><testcase classname="backend.tests.test_conversion_optimization.TestStripeCheckoutStructure" name="test_checkout_requires_auth" time="0.105" /><testcase classname="backend.tests.test_conversion_optimization.TestAuthEndpoints" name="test_login_endpoint_exists" time="0.106" /><testcase classname="backend.tests.test_conversion_optimization.TestAuthEndpoints" name="test_signup_with_valid_credentials" time="0.337" /></testsuite></testsuites>