<?xml version="1.0" encoding="utf-8"?><testsuites name="pytest tests"><testsuite name="pytest" errors="0" failures="0" skipped="0" tests="14" time="2.554" timestamp="2026-03-21T15:21:47.944243+00:00" hostname="agent-env-a2056aa4-9417-4e31-bbda-049b4fa67b83"><testcase classname="backend.tests.test_cro_phase3_new_features.TestShareResultEndpoint" name="test_share_result_basic" time="0.755" /><testcase classname="backend.tests.test_cro_phase3_new_features.TestShareResultEndpoint" name="test_share_result_with_detail" time="0.096" /><testcase classname="backend.tests.test_cro_phase3_new_features.TestShareResultEndpoint" name="test_share_result_different_tools" time="0.365" /><testcase classname="backend.tests.test_cro_phase3_new_features.TestShareResultEndpoint" name="test_share_result_url_contains_tools_path" time="0.126" /><testcase classname="backend.tests.test_cro_phase3_new_features.TestWeeklyDigestEndpoint" name="test_digest_unauthorized_without_key" time="0.106" /><testcase classname="backend.tests.test_cro_phase3_new_features.TestWeeklyDigestEndpoint" name="test_digest_unauthorized_with_wrong_key" time="0.115" /><testcase classname="backend.tests.test_cro_phase3_new_features.TestWeeklyDigestEndpoint" name="test_digest_endpoint_exists" time="0.107" /><testcase classname="backend.tests.test_cro_phase3_new_features.TestLeadCaptureFromQuiz" name="test_capture_from_product_quiz" time="0.109" /><testcase classname="backend.tests.test_cro_phase3_new_features.TestLeadCaptureFromQuiz" name="test_capture_from_exit_intent" time="0.106" /><testcase classname="backend.tests.test_cro_phase3_new_features.TestLeadCaptureFromQuiz" name="test_capture_invalid_email_returns_error" time="0.164" /><testcase classname="backend.tests.test_cro_phase3_new_features.TestLeadCaptureFromQuiz" name="test_capture_empty_email_returns_error" time="0.110" /><testcase classname="backend.tests.test_cro_phase3_new_features.TestFrontendPagesLoad" name="test_product_quiz_page_loads" time="0.103" /><testcase classname="backend.tests.test_cro_phase3_new_features.TestFrontendPagesLoad" name="test_tools_page_loads" time="0.116" /><testcase classname="backend.tests.test_cro_phase3_new_features.TestFrontendPagesLoad" name="test_comparison_page_loads" time="0.105" /></testsuite></testsuites>