<?xml version="1.0" encoding="utf-8"?><testsuites name="pytest tests"><testsuite name="pytest" errors="0" failures="0" skipped="0" tests="9" time="4.344" timestamp="2026-03-14T22:53:41.862343+00:00" hostname="agent-env-ecc66b18-d7bc-49d0-b6d1-bbad5caa4b26"><testcase classname="backend.tests.test_csp_decision_panel.TestCSPEnforcement" name="test_health_endpoint_returns_csp_header" time="1.476" /><testcase classname="backend.tests.test_csp_decision_panel.TestCSPEnforcement" name="test_landing_page_returns_csp_header" time="0.190" /><testcase classname="backend.tests.test_csp_decision_panel.TestNextStepsEndpoint" name="test_next_steps_requires_auth" time="0.100" /><testcase classname="backend.tests.test_csp_decision_panel.TestNextStepsEndpoint" name="test_next_steps_returns_steps_array" time="0.550" /><testcase classname="backend.tests.test_csp_decision_panel.TestNextStepsEndpoint" name="test_next_steps_returns_stats" time="0.458" /><testcase classname="backend.tests.test_csp_decision_panel.TestNextStepsEndpoint" name="test_next_steps_priorities_are_sorted" time="0.406" /><testcase classname="backend.tests.test_csp_decision_panel.TestNextStepsEndpoint" name="test_next_steps_max_five_items" time="0.401" /><testcase classname="backend.tests.test_csp_decision_panel.TestDashboardEndpoints" name="test_daily_winners_endpoint" time="0.135" /><testcase classname="backend.tests.test_csp_decision_panel.TestDashboardEndpoints" name="test_market_radar_endpoint" time="0.555" /></testsuite></testsuites>