<?xml version="1.0" encoding="utf-8"?><testsuites name="pytest tests"><testsuite name="pytest" errors="0" failures="0" skipped="0" tests="7" time="2.767" timestamp="2026-03-14T22:42:26.036867+00:00" hostname="agent-env-ecc66b18-d7bc-49d0-b6d1-bbad5caa4b26"><testcase classname="tests.test_csrf_checkout_fix.TestCSRFCheckoutFix" name="test_checkout_without_auth_returns_401" time="0.123" /><testcase classname="tests.test_csrf_checkout_fix.TestCSRFCheckoutFix" name="test_register_new_free_user" time="0.347" /><testcase classname="tests.test_csrf_checkout_fix.TestCSRFCheckoutFix" name="test_login_sets_csrf_cookie" time="0.343" /><testcase classname="tests.test_csrf_checkout_fix.TestCSRFCheckoutFix" name="test_checkout_with_csrf_token_succeeds" time="0.982" /><testcase classname="tests.test_csrf_checkout_fix.TestCSRFCheckoutFix" name="test_checkout_without_csrf_header_returns_403" time="0.391" /><testcase classname="tests.test_csrf_checkout_fix.TestAdminCheckoutBehavior" name="test_admin_checkout_returns_400_not_csrf" time="0.388" /><testcase classname="tests.test_csrf_checkout_fix.TestPlansEndpoint" name="test_plans_endpoint_returns_starter_plan" time="0.132" /></testsuite></testsuites>