<?xml version="1.0" encoding="utf-8"?><testsuites name="pytest tests"><testsuite name="pytest" errors="0" failures="0" skipped="0" tests="20" time="2.719" timestamp="2026-03-10T12:02:15.021316+00:00" hostname="agent-env-4590e091-7c1a-491a-b95f-525f3b4ed10a"><testcase classname="backend.tests.test_dashboard_api.TestHealthCheck" name="test_health_endpoint" time="0.231" /><testcase classname="backend.tests.test_dashboard_api.TestDailyWinners" name="test_daily_winners_returns_200" time="0.124" /><testcase classname="backend.tests.test_dashboard_api.TestDailyWinners" name="test_daily_winners_structure" time="0.136" /><testcase classname="backend.tests.test_dashboard_api.TestDailyWinners" name="test_daily_winners_limit_param" time="0.116" /><testcase classname="backend.tests.test_dashboard_api.TestMarketRadar" name="test_market_radar_returns_200" time="0.145" /><testcase classname="backend.tests.test_dashboard_api.TestMarketRadar" name="test_market_radar_structure" time="0.169" /><testcase classname="backend.tests.test_dashboard_api.TestMarketRadar" name="test_market_radar_limit_param" time="0.117" /><testcase classname="backend.tests.test_dashboard_api.TestWatchlistAuthenticated" name="test_get_watchlist_without_auth_returns_401" time="0.108" /><testcase classname="backend.tests.test_dashboard_api.TestWatchlistAuthenticated" name="test_get_watchlist_with_auth_returns_200" time="0.110" /><testcase classname="backend.tests.test_dashboard_api.TestWatchlistAuthenticated" name="test_add_to_watchlist" time="0.236" /><testcase classname="backend.tests.test_dashboard_api.TestWatchlistAuthenticated" name="test_add_duplicate_to_watchlist_returns_400" time="0.134" /><testcase classname="backend.tests.test_dashboard_api.TestWatchlistAuthenticated" name="test_check_watchlist_status" time="0.105" /><testcase classname="backend.tests.test_dashboard_api.TestWatchlistAuthenticated" name="test_remove_from_watchlist" time="0.108" /><testcase classname="backend.tests.test_dashboard_api.TestWatchlistAuthenticated" name="test_remove_nonexistent_returns_404" time="0.109" /><testcase classname="backend.tests.test_dashboard_api.TestAlertsAuthenticated" name="test_get_alerts_without_auth_returns_401" time="0.109" /><testcase classname="backend.tests.test_dashboard_api.TestAlertsAuthenticated" name="test_get_alerts_with_auth_returns_200" time="0.103" /><testcase classname="backend.tests.test_dashboard_api.TestAlertsAuthenticated" name="test_get_alerts_with_limit" time="0.112" /><testcase classname="backend.tests.test_dashboard_api.TestAlertsAuthenticated" name="test_get_unread_alerts_only" time="0.116" /><testcase classname="backend.tests.test_dashboard_api.TestDashboardSummary" name="test_summary_public_returns_200" time="0.104" /><testcase classname="backend.tests.test_dashboard_api.TestDashboardSummary" name="test_summary_with_auth" time="0.111" /></testsuite></testsuites>