<?xml version="1.0" encoding="utf-8"?><testsuites name="pytest tests"><testsuite name="pytest" errors="0" failures="0" skipped="0" tests="12" time="4.625" timestamp="2026-03-12T12:45:50.212714+00:00" hostname="agent-env-8224266b-2d27-44a9-a253-5832fe5945f8"><testcase classname="tests.test_dashboard_pricing_rework.TestAuth" name="test_login_success" time="2.485" /><testcase classname="tests.test_dashboard_pricing_rework.TestAuth" name="test_profile_with_auth" time="0.497" /><testcase classname="tests.test_dashboard_pricing_rework.TestStripePlans" name="test_get_plans_returns_four_tiers" time="0.121" /><testcase classname="tests.test_dashboard_pricing_rework.TestStripePlans" name="test_plans_have_correct_gbp_pricing" time="0.113" /><testcase classname="tests.test_dashboard_pricing_rework.TestStripePlans" name="test_plans_have_features" time="0.149" /><testcase classname="tests.test_dashboard_pricing_rework.TestFeatureAccess" name="test_feature_access_for_admin" time="0.438" /><testcase classname="tests.test_dashboard_pricing_rework.TestProducts" name="test_get_products" time="0.116" /><testcase classname="tests.test_dashboard_pricing_rework.TestProducts" name="test_products_have_launch_score_fields" time="0.124" /><testcase classname="tests.test_dashboard_pricing_rework.TestDashboardWidgetData" name="test_while_you_were_away_data" time="0.171" /><testcase classname="tests.test_dashboard_pricing_rework.TestDashboardWidgetData" name="test_trendscout_radar_data" time="0.114" /><testcase classname="tests.test_dashboard_pricing_rework.TestHealthEndpoints" name="test_api_health" time="0.115" /><testcase classname="tests.test_dashboard_pricing_rework.TestHealthEndpoints" name="test_api_root" time="0.114" /></testsuite></testsuites>