<?xml version="1.0" encoding="utf-8"?><testsuites name="pytest tests"><testsuite name="pytest" errors="0" failures="1" skipped="0" tests="17" time="11.391" timestamp="2026-03-12T11:04:52.224344+00:00" hostname="agent-env-caf07b31-80bb-4df6-b599-74511ac4b21d"><testcase classname="backend.tests.test_data_integration_api.TestEnrichedProductFields" name="test_enriched_product_has_data_confidence" time="0.567" /><testcase classname="backend.tests.test_data_integration_api.TestEnrichedProductFields" name="test_enriched_product_has_source_signals" time="0.048" /><testcase classname="backend.tests.test_data_integration_api.TestEnrichedProductFields" name="test_enriched_product_has_scoring_metadata" time="0.049" /><testcase classname="backend.tests.test_data_integration_api.TestEnrichedProductFields" name="test_enriched_product_has_cj_fields" time="0.054" /><testcase classname="backend.tests.test_data_integration_api.TestEnrichedProductFields" name="test_enriched_product_has_aliexpress_fields" time="0.050" /><testcase classname="backend.tests.test_data_integration_api.TestEnrichedProductFields" name="test_enriched_product_has_tiktok_fields" time="0.047" /><testcase classname="backend.tests.test_data_integration_api.TestEnrichedProductFields" name="test_enriched_product_has_meta_fields" time="0.049" /><testcase classname="backend.tests.test_data_integration_api.TestEnrichEndpoint" name="test_enrich_requires_auth" time="0.046" /><testcase classname="backend.tests.test_data_integration_api.TestEnrichEndpoint" name="test_enrich_product_success" time="9.905" /><testcase classname="backend.tests.test_data_integration_api.TestEnrichEndpoint" name="test_enrich_invalid_product" time="0.052" /><testcase classname="backend.tests.test_data_integration_api.TestSourceHealthEndpoint" name="test_source_health_requires_auth" time="0.047" /><testcase classname="backend.tests.test_data_integration_api.TestSourceHealthEndpoint" name="test_source_health_returns_data" time="0.051" /><testcase classname="backend.tests.test_data_integration_api.TestIngestionStatusEndpoint" name="test_ingestion_status_requires_auth" time="0.051" /><testcase classname="backend.tests.test_data_integration_api.TestIngestionStatusEndpoint" name="test_ingestion_status_returns_counts" time="0.052" /><testcase classname="backend.tests.test_data_integration_api.TestRunIngestionEndpoint" name="test_run_ingestion_requires_auth" time="0.051" /><testcase classname="backend.tests.test_data_integration_api.TestRunIngestionEndpoint" name="test_run_ingestion_requires_admin" time="0.050" /><testcase classname="backend.tests.test_data_integration_api.TestScoreRecomputeEndpoint" name="test_score_recompute_with_api_key" time="0.119"><failure message="AssertionError: assert ('recomputed' in {'failed': 0, 'updated': 139} or 'status' in {'failed': 0, 'updated': 139})">backend/tests/test_data_integration_api.py:367: in test_score_recompute_with_api_key
    assert "recomputed" in data or "status" in data
E   AssertionError: assert ('recomputed' in {'failed': 0, 'updated': 139} or 'status' in {'failed': 0, 'updated': 139})</failure></testcase></testsuite></testsuites>