<?xml version="1.0" encoding="utf-8"?><testsuites name="pytest tests"><testsuite name="pytest" errors="0" failures="0" skipped="0" tests="20" time="3.183" timestamp="2026-03-10T13:44:22.538189+00:00" hostname="agent-env-4668f67a-1c5b-473e-8e33-f982b5ab8bd0"><testcase classname="backend.tests.test_dedup_api.TestHealthAPI" name="test_health_endpoint_returns_healthy" time="0.248" /><testcase classname="backend.tests.test_dedup_api.TestDedupAPI" name="test_dedup_stats_returns_correct_counts" time="0.113" /><testcase classname="backend.tests.test_dedup_api.TestDedupAPI" name="test_dedup_run_requires_api_key" time="0.135" /><testcase classname="backend.tests.test_dedup_api.TestDedupAPI" name="test_dedup_run_rejects_invalid_api_key" time="0.102" /><testcase classname="backend.tests.test_dedup_api.TestDedupAPI" name="test_dedup_run_dry_run_with_valid_key" time="0.202" /><testcase classname="backend.tests.test_dedup_api.TestDedupAPI" name="test_dedup_history_returns_previous_runs" time="0.103" /><testcase classname="backend.tests.test_dedup_api.TestProductsAPI" name="test_products_api_returns_canonical_only_by_default" time="0.121" /><testcase classname="backend.tests.test_dedup_api.TestProductsAPI" name="test_products_api_with_canonical_only_false" time="0.116" /><testcase classname="backend.tests.test_dedup_api.TestProductsAPI" name="test_products_api_metadata_structure" time="0.117" /><testcase classname="backend.tests.test_dedup_api.TestProductsAPI" name="test_canonical_product_has_required_fields" time="0.151" /><testcase classname="backend.tests.test_dedup_api.TestProductsAPI" name="test_multi_source_products_have_source_data" time="0.116" /><testcase classname="backend.tests.test_dedup_api.TestDashboardAPI" name="test_daily_winners_returns_products" time="0.105" /><testcase classname="backend.tests.test_dedup_api.TestDashboardAPI" name="test_daily_winners_have_valid_trend_stages" time="0.117" /><testcase classname="backend.tests.test_dedup_api.TestDashboardAPI" name="test_daily_winners_have_validation_labels" time="0.113" /><testcase classname="backend.tests.test_dedup_api.TestReportsAPI" name="test_reports_list_returns_available_reports" time="0.300" /><testcase classname="backend.tests.test_dedup_api.TestReportsAPI" name="test_report_structure_is_valid" time="0.114" /><testcase classname="backend.tests.test_dedup_api.TestReportsAPI" name="test_reports_have_latest_indicators" time="0.113" /><testcase classname="backend.tests.test_dedup_api.TestReportsAPI" name="test_weekly_report_has_products" time="0.122" /><testcase classname="backend.tests.test_dedup_api.TestProductDedupIntegration" name="test_dedup_stats_match_products_api" time="0.279" /><testcase classname="backend.tests.test_dedup_api.TestProductDedupIntegration" name="test_merged_products_excluded_from_default_query" time="0.232" /></testsuite></testsuites>