<?xml version="1.0" encoding="utf-8"?><testsuites name="pytest tests"><testsuite name="pytest" errors="0" failures="0" skipped="0" tests="15" time="8.542" timestamp="2026-03-16T20:16:10.930428+00:00" hostname="agent-env-bad92867-9df1-4804-ab3b-d57efc47e532"><testcase classname="backend.tests.test_digest_subscription.TestDigestSubscription" name="test_subscriber_count_public" time="0.659" /><testcase classname="backend.tests.test_digest_subscription.TestDigestSubscription" name="test_subscribe_new_email" time="0.629" /><testcase classname="backend.tests.test_digest_subscription.TestDigestSubscription" name="test_subscribe_duplicate_email" time="0.664" /><testcase classname="backend.tests.test_digest_subscription.TestDigestSubscription" name="test_subscribe_invalid_email" time="0.522" /><testcase classname="backend.tests.test_digest_subscription.TestDigestSubscription" name="test_subscribe_empty_email" time="0.482" /><testcase classname="backend.tests.test_digest_subscription.TestDigestSubscription" name="test_unsubscribe" time="0.841" /><testcase classname="backend.tests.test_digest_subscription.TestDigestSubscription" name="test_unsubscribe_nonexistent" time="0.626" /><testcase classname="backend.tests.test_digest_subscription.TestDigestSubscription" name="test_resubscribe_after_unsubscribe" time="1.129" /><testcase classname="backend.tests.test_digest_subscription.TestDigestSubscribersAdmin" name="test_subscribers_requires_auth" time="1.205" /><testcase classname="backend.tests.test_digest_subscription.TestDigestSubscribersAdmin" name="test_subscribers_admin_access" time="0.953" /><testcase classname="backend.tests.test_digest_subscription.TestSSETokenKeyFix" name="test_notification_center_uses_trendscout_token" time="0.003" /><testcase classname="backend.tests.test_digest_subscription.TestTaskRegistration" name="test_generate_weekly_digest_task_registered" time="0.006" /><testcase classname="backend.tests.test_digest_subscription.TestTaskRegistration" name="test_task_registry_api" time="0.298" /><testcase classname="backend.tests.test_digest_subscription.TestRedisPubSub" name="test_push_event_function_exists" time="0.003" /><testcase classname="backend.tests.test_digest_subscription.TestWeeklyDigestNavLink" name="test_trending_page_has_digest_link" time="0.462" /></testsuite></testsuites>