<?xml version="1.0" encoding="utf-8"?><testsuites name="pytest tests"><testsuite name="pytest" errors="0" failures="0" skipped="0" tests="17" time="15.656" timestamp="2026-03-21T20:14:59.070207+00:00" hostname="agent-env-403f6501-4fd4-43ad-946e-30e17000aeb2"><testcase classname="tests.test_drip_email_sequence.TestLeadCaptureWithViabilityResult" name="test_capture_lead_with_viability_result" time="3.228" /><testcase classname="tests.test_drip_email_sequence.TestLeadCaptureWithViabilityResult" name="test_capture_lead_without_viability_result" time="0.126" /><testcase classname="tests.test_drip_email_sequence.TestLeadCaptureWithViabilityResult" name="test_capture_lead_rejects_invalid_email" time="0.138" /><testcase classname="tests.test_drip_email_sequence.TestLeadCaptureWithViabilityResult" name="test_capture_lead_rejects_empty_email" time="0.105" /><testcase classname="tests.test_drip_email_sequence.TestLeadCaptureWithViabilityResult" name="test_capture_lead_normalizes_email" time="0.349" /><testcase classname="tests.test_drip_email_sequence.TestLeadCaptureWithViabilityResult" name="test_capture_lead_with_full_viability_result" time="0.294" /><testcase classname="tests.test_drip_email_sequence.TestEmailServiceDripMethods" name="test_email_service_has_viability_result_method" time="0.017" /><testcase classname="tests.test_drip_email_sequence.TestEmailServiceDripMethods" name="test_email_service_has_trending_drip_method" time="0.000" /><testcase classname="tests.test_drip_email_sequence.TestEmailServiceDripMethods" name="test_email_service_has_trial_drip_method" time="0.000" /><testcase classname="tests.test_drip_email_sequence.TestDripEmailCronJob" name="test_cron_job_registered" time="0.021" /><testcase classname="tests.test_drip_email_sequence.TestDripEmailCronJob" name="test_cron_job_description" time="0.000" /><testcase classname="tests.test_drip_email_sequence.TestQuickViabilityAPI" name="test_quick_viability_endpoint_exists" time="5.284" /><testcase classname="tests.test_drip_email_sequence.TestQuickViabilityAPI" name="test_quick_viability_returns_required_fields" time="5.265" /><testcase classname="tests.test_drip_email_sequence.TestLeadDocumentStructure" name="test_lead_capture_creates_drip_tracking_array" time="0.339" /><testcase classname="tests.test_drip_email_sequence.TestLeadDocumentStructure" name="test_lead_capture_sets_digest_opt_in" time="0.210" /><testcase classname="tests.test_drip_email_sequence.TestExistingFunctionality" name="test_homepage_loads" time="0.103" /><testcase classname="tests.test_drip_email_sequence.TestExistingFunctionality" name="test_health_endpoint" time="0.106" /></testsuite></testsuites>