<?xml version="1.0" encoding="utf-8"?><testsuites name="pytest tests"><testsuite name="pytest" errors="0" failures="0" skipped="0" tests="20" time="25.591" timestamp="2026-03-12T14:28:39.156311+00:00" hostname="agent-env-5cc902d1-2c58-4977-aca4-a0d92e9c6665"><testcase classname="backend.tests.test_e2e_features.TestPublicSEOEndpoints" name="test_trending_products_returns_200" time="0.267" /><testcase classname="backend.tests.test_e2e_features.TestPublicSEOEndpoints" name="test_trending_products_has_radar_badges" time="0.117" /><testcase classname="backend.tests.test_e2e_features.TestPublicSEOEndpoints" name="test_product_detail_by_slug" time="0.256" /><testcase classname="backend.tests.test_e2e_features.TestPublicSEOEndpoints" name="test_product_detail_has_related_products" time="0.250" /><testcase classname="backend.tests.test_e2e_features.TestPublicSEOEndpoints" name="test_product_detail_404_for_invalid_slug" time="0.145" /><testcase classname="backend.tests.test_e2e_features.TestAuthentication" name="test_login_success" time="0.333" /><testcase classname="backend.tests.test_e2e_features.TestOptimizerV2Endpoints" name="test_get_presets" time="0.436" /><testcase classname="backend.tests.test_e2e_features.TestOptimizerV2Endpoints" name="test_set_preset" time="0.451" /><testcase classname="backend.tests.test_e2e_features.TestOptimizerV2Endpoints" name="test_set_invalid_preset" time="0.454" /><testcase classname="backend.tests.test_e2e_features.TestOptimizerV2Endpoints" name="test_toggle_auto_recommend" time="0.617" /><testcase classname="backend.tests.test_e2e_features.TestOptimizerV2Endpoints" name="test_get_settings" time="0.537" /><testcase classname="backend.tests.test_e2e_features.TestOptimizerV2Endpoints" name="test_settings_persistence" time="0.594" /><testcase classname="backend.tests.test_e2e_features.TestDataIntegrationEndpoints" name="test_enrich_product_includes_zendrop" time="10.038" /><testcase classname="backend.tests.test_e2e_features.TestDataIntegrationEndpoints" name="test_enrich_product_has_all_sources" time="8.252" /><testcase classname="backend.tests.test_e2e_features.TestDataIntegrationEndpoints" name="test_integration_health_includes_zendrop" time="0.511" /><testcase classname="backend.tests.test_e2e_features.TestDataIntegrationEndpoints" name="test_source_health_endpoint" time="0.451" /><testcase classname="backend.tests.test_e2e_features.TestDashboardEndpoints" name="test_dashboard_summary" time="0.506" /><testcase classname="backend.tests.test_e2e_features.TestDashboardEndpoints" name="test_dashboard_daily_winners" time="0.460" /><testcase classname="backend.tests.test_e2e_features.TestDashboardEndpoints" name="test_user_onboarding_status" time="0.529" /><testcase classname="backend.tests.test_e2e_features.TestHealthCheck" name="test_api_health" time="0.299" /></testsuite></testsuites>