<?xml version="1.0" encoding="utf-8"?><testsuites name="pytest tests"><testsuite name="pytest" errors="0" failures="0" skipped="0" tests="14" time="2.594" timestamp="2026-03-10T14:59:18.479426+00:00" hostname="agent-env-4668f67a-1c5b-473e-8e33-f982b5ab8bd0"><testcase classname="tests.test_email_api.TestEmailRouterRegistration" name="test_email_router_base_accessible" time="0.279" /><testcase classname="tests.test_email_api.TestEmailRouterRegistration" name="test_send_test_endpoint_requires_auth" time="0.121" /><testcase classname="tests.test_email_api.TestEmailRouterRegistration" name="test_weekly_digest_endpoint_requires_auth" time="0.107" /><testcase classname="tests.test_email_api.TestSendTestEmail" name="test_send_test_email_with_valid_api_key" time="0.428" /><testcase classname="tests.test_email_api.TestSendTestEmail" name="test_send_test_email_with_invalid_api_key" time="0.104" /><testcase classname="tests.test_email_api.TestWeeklyDigestEmail" name="test_send_weekly_digest_with_valid_api_key" time="0.300" /><testcase classname="tests.test_email_api.TestWeeklyDigestEmail" name="test_send_weekly_digest_all_subscribers" time="0.106" /><testcase classname="tests.test_email_api.TestSubscriptionStatus" name="test_subscription_status_requires_auth" time="0.147" /><testcase classname="tests.test_email_api.TestSubscriptionStatus" name="test_update_subscription_requires_auth" time="0.134" /><testcase classname="tests.test_email_api.TestScheduledTaskRegistration" name="test_jobs_status_available" time="0.114" /><testcase classname="tests.test_email_api.TestScheduledTaskRegistration" name="test_scheduled_jobs_list" time="0.120" /><testcase classname="tests.test_email_api.TestResendAPIKeyConfiguration" name="test_resend_api_key_configured" time="0.322" /><testcase classname="tests.test_email_api.TestEmailServiceIntegration" name="test_health_check_after_email_endpoints" time="0.096" /><testcase classname="tests.test_email_api.TestEmailServiceIntegration" name="test_email_endpoints_dont_break_other_routes" time="0.109" /></testsuite></testsuites>