<?xml version="1.0" encoding="utf-8"?><testsuites name="pytest tests"><testsuite name="pytest" errors="0" failures="3" skipped="16" tests="39" time="12.223" timestamp="2026-03-17T21:39:59.987448+00:00" hostname="agent-env-bddd46c4-7331-4f1c-a1e4-1eda2c6e32f1"><testcase classname="backend.tests.test_final_qa_shopify_submission.TestHealthAndPublicEndpoints" name="test_health_endpoint" time="1.202" /><testcase classname="backend.tests.test_final_qa_shopify_submission.TestHealthAndPublicEndpoints" name="test_public_trending_index" time="0.118" /><testcase classname="backend.tests.test_final_qa_shopify_submission.TestHealthAndPublicEndpoints" name="test_sitemap" time="0.132" /><testcase classname="backend.tests.test_final_qa_shopify_submission.TestAuthentication" name="test_login_admin_user" time="0.378" /><testcase classname="backend.tests.test_final_qa_shopify_submission.TestAuthentication" name="test_login_reviewer_account" time="0.366" /><testcase classname="backend.tests.test_final_qa_shopify_submission.TestAuthentication" name="test_login_invalid_credentials" time="0.133" /><testcase classname="backend.tests.test_final_qa_shopify_submission.TestAuthentication" name="test_forgot_password_endpoint_exists" time="0.111" /><testcase classname="backend.tests.test_final_qa_shopify_submission.TestDashboardAndProducts" name="test_dashboard_stats" time="0.454"><failure message="assert 404 == 200&#10; +  where 404 = &lt;Response [404]&gt;.status_code">backend/tests/test_final_qa_shopify_submission.py:95: in test_dashboard_stats
    assert response.status_code == 200
E   assert 404 == 200
E    +  where 404 = &lt;Response [404]&gt;.status_code</failure></testcase><testcase classname="backend.tests.test_final_qa_shopify_submission.TestDashboardAndProducts" name="test_dashboard_next_steps" time="0.496" /><testcase classname="backend.tests.test_final_qa_shopify_submission.TestDashboardAndProducts" name="test_products_list" time="0.527" /><testcase classname="backend.tests.test_final_qa_shopify_submission.TestDashboardAndProducts" name="test_products_featured" time="0.555"><failure message="assert 404 == 200&#10; +  where 404 = &lt;Response [404]&gt;.status_code">backend/tests/test_final_qa_shopify_submission.py:112: in test_products_featured
    assert response.status_code == 200
E   assert 404 == 200
E    +  where 404 = &lt;Response [404]&gt;.status_code</failure></testcase><testcase classname="backend.tests.test_final_qa_shopify_submission.TestDashboardAndProducts" name="test_products_categories" time="0.773" /><testcase classname="backend.tests.test_final_qa_shopify_submission.TestProductDetail" name="test_product_detail" time="0.632"><failure message="AssertionError: assert ('id' in {'data': {'active_competitor_stores': 6, 'ad_activity_last_updated': '2026-03-17T20:01:17.330685+00:00', 'ad_activity_score': 40, 'ad_count': 0, ...}} or 'name' in {'data': {'active_competitor_stores': 6, 'ad_activity_last_updated': '2026-03-17T20:01:17.330685+00:00', 'ad_activity_score': 40, 'ad_count': 0, ...}} or 'title' in {'data': {'active_competitor_stores': 6, 'ad_activity_last_updated': '2026-03-17T20:01:17.330685+00:00', 'ad_activity_score': 40, 'ad_count': 0, ...}})">backend/tests/test_final_qa_shopify_submission.py:159: in test_product_detail
    assert "id" in data or "name" in data or "title" in data
E   AssertionError: assert ('id' in {'data': {'active_competitor_stores': 6, 'ad_activity_last_updated': '2026-03-17T20:01:17.330685+00:00', 'ad_activity_score': 40, 'ad_count': 0, ...}} or 'name' in {'data': {'active_competitor_stores': 6, 'ad_activity_last_updated': '2026-03-17T20:01:17.330685+00:00', 'ad_activity_score': 40, 'ad_count': 0, ...}} or 'title' in {'data': {'active_competitor_stores': 6, 'ad_activity_last_updated': '2026-03-17T20:01:17.330685+00:00', 'ad_activity_score': 40, 'ad_count': 0, ...}})</failure></testcase><testcase classname="backend.tests.test_final_qa_shopify_submission.TestProductDetail" name="test_product_launch_score_breakdown" time="0.639" /><testcase classname="backend.tests.test_final_qa_shopify_submission.TestCJSourcing" name="test_cj_search" time="0.765" /><testcase classname="backend.tests.test_final_qa_shopify_submission.TestCJSourcing" name="test_cj_categories" time="0.742" /><testcase classname="backend.tests.test_final_qa_shopify_submission.TestAdIntelligence" name="test_ads_discover" time="0.511" /><testcase classname="backend.tests.test_final_qa_shopify_submission.TestAdIntelligence" name="test_ads_categories" time="0.505" /><testcase classname="backend.tests.test_final_qa_shopify_submission.TestProfitabilitySimulator" name="test_profitability_simulator" time="0.119"><skipped type="pytest.skip" message="Could not authenticate">/app/backend/tests/test_final_qa_shopify_submission.py:248: Could not authenticate</skipped></testcase><testcase classname="backend.tests.test_final_qa_shopify_submission.TestCompetitorIntel" name="test_competitor_intel_history" time="0.129"><skipped type="pytest.skip" message="Could not authenticate">/app/backend/tests/test_final_qa_shopify_submission.py:284: Could not authenticate</skipped></testcase><testcase classname="backend.tests.test_final_qa_shopify_submission.TestRadarAlerts" name="test_radar_watches" time="0.120"><skipped type="pytest.skip" message="Could not authenticate">/app/backend/tests/test_final_qa_shopify_submission.py:307: Could not authenticate</skipped></testcase><testcase classname="backend.tests.test_final_qa_shopify_submission.TestRadarAlerts" name="test_radar_alert_feed" time="0.125"><skipped type="pytest.skip" message="Could not authenticate">/app/backend/tests/test_final_qa_shopify_submission.py:312: Could not authenticate</skipped></testcase><testcase classname="backend.tests.test_final_qa_shopify_submission.TestRadarAlerts" name="test_radar_live_events" time="0.121"><skipped type="pytest.skip" message="Could not authenticate">/app/backend/tests/test_final_qa_shopify_submission.py:317: Could not authenticate</skipped></testcase><testcase classname="backend.tests.test_final_qa_shopify_submission.TestVerifiedWinners" name="test_winners_list" time="0.125"><skipped type="pytest.skip" message="Could not authenticate">/app/backend/tests/test_final_qa_shopify_submission.py:340: Could not authenticate</skipped></testcase><testcase classname="backend.tests.test_final_qa_shopify_submission.TestVerifiedWinners" name="test_my_submissions" time="0.128"><skipped type="pytest.skip" message="Could not authenticate">/app/backend/tests/test_final_qa_shopify_submission.py:345: Could not authenticate</skipped></testcase><testcase classname="backend.tests.test_final_qa_shopify_submission.TestVerifiedWinners" name="test_my_badge" time="0.104"><skipped type="pytest.skip" message="Could not authenticate">/app/backend/tests/test_final_qa_shopify_submission.py:350: Could not authenticate</skipped></testcase><testcase classname="backend.tests.test_final_qa_shopify_submission.TestTikTokIntelligence" name="test_tiktok_trending" time="0.112"><skipped type="pytest.skip" message="Could not authenticate">/app/backend/tests/test_final_qa_shopify_submission.py:373: Could not authenticate</skipped></testcase><testcase classname="backend.tests.test_final_qa_shopify_submission.TestTikTokIntelligence" name="test_tiktok_products" time="0.119"><skipped type="pytest.skip" message="Could not authenticate">/app/backend/tests/test_final_qa_shopify_submission.py:378: Could not authenticate</skipped></testcase><testcase classname="backend.tests.test_final_qa_shopify_submission.TestSavedProducts" name="test_saved_products" time="0.125"><skipped type="pytest.skip" message="Could not authenticate">/app/backend/tests/test_final_qa_shopify_submission.py:401: Could not authenticate</skipped></testcase><testcase classname="backend.tests.test_final_qa_shopify_submission.TestStores" name="test_stores_list" time="0.110"><skipped type="pytest.skip" message="Could not authenticate">/app/backend/tests/test_final_qa_shopify_submission.py:424: Could not authenticate</skipped></testcase><testcase classname="backend.tests.test_final_qa_shopify_submission.TestConnections" name="test_connections_list" time="0.109"><skipped type="pytest.skip" message="Could not authenticate">/app/backend/tests/test_final_qa_shopify_submission.py:447: Could not authenticate</skipped></testcase><testcase classname="backend.tests.test_final_qa_shopify_submission.TestReports" name="test_reports_list" time="0.111"><skipped type="pytest.skip" message="Could not authenticate">/app/backend/tests/test_final_qa_shopify_submission.py:470: Could not authenticate</skipped></testcase><testcase classname="backend.tests.test_final_qa_shopify_submission.TestAdTests" name="test_ad_tests_list" time="0.112"><skipped type="pytest.skip" message="Could not authenticate">/app/backend/tests/test_final_qa_shopify_submission.py:493: Could not authenticate</skipped></testcase><testcase classname="backend.tests.test_final_qa_shopify_submission.TestShopifyApp" name="test_shopify_app_info" time="0.116" /><testcase classname="backend.tests.test_final_qa_shopify_submission.TestShopifyApp" name="test_gdpr_webhooks_require_hmac" time="0.569" /><testcase classname="backend.tests.test_final_qa_shopify_submission.TestShopifyPushProduct" name="test_shopify_exports_list" time="0.126"><skipped type="pytest.skip" message="Could not authenticate">/app/backend/tests/test_final_qa_shopify_submission.py:539: Could not authenticate</skipped></testcase><testcase classname="backend.tests.test_final_qa_shopify_submission.TestDigest" name="test_digest_latest" time="0.117" /><testcase classname="backend.tests.test_final_qa_shopify_submission.TestDigest" name="test_digest_archive" time="0.127" /><testcase classname="backend.tests.test_final_qa_shopify_submission.TestDigest" name="test_digest_subscriber_count" time="0.228" /></testsuite></testsuites>