<?xml version="1.0" encoding="utf-8"?><testsuites name="pytest tests"><testsuite name="pytest" errors="0" failures="0" skipped="0" tests="7" time="2.670" timestamp="2026-03-12T08:31:32.798270+00:00" hostname="agent-env-37a90b37-899e-4a66-983f-229d089391f4"><testcase classname="backend.tests.test_homepage_tools_competitor.TestCompetitorIntelligence" name="test_competitor_intelligence_public_access" time="0.632" /><testcase classname="backend.tests.test_homepage_tools_competitor.TestCompetitorIntelligence" name="test_competitor_intelligence_response_structure" time="0.533" /><testcase classname="backend.tests.test_homepage_tools_competitor.TestCompetitorIntelligence" name="test_competitor_intelligence_data_types" time="0.547" /><testcase classname="backend.tests.test_homepage_tools_competitor.TestCompetitorIntelligence" name="test_competitor_intelligence_price_range_structure" time="0.558" /><testcase classname="backend.tests.test_homepage_tools_competitor.TestCompetitorIntelligence" name="test_competitor_intelligence_nonexistent_product" time="0.100" /><testcase classname="backend.tests.test_homepage_tools_competitor.TestHealthAndPublicEndpoints" name="test_api_health" time="0.124" /><testcase classname="backend.tests.test_homepage_tools_competitor.TestHealthAndPublicEndpoints" name="test_public_featured_product" time="0.124" /></testsuite></testsuites>