<?xml version="1.0" encoding="utf-8"?><testsuites name="pytest tests"><testsuite name="pytest" errors="0" failures="0" skipped="0" tests="15" time="4.229" timestamp="2026-03-13T07:24:13.712388+00:00" hostname="agent-env-2dbe6127-a7be-4a37-8c5c-aa715d93973f"><testcase classname="backend.tests.test_homepage_tools_competitor.TestShopifyAnalyzerPublicEndpoint" name="test_analyze_real_shopify_store_allbirds" time="1.014" /><testcase classname="backend.tests.test_homepage_tools_competitor.TestShopifyAnalyzerPublicEndpoint" name="test_analyze_gymshark_store" time="0.250" /><testcase classname="backend.tests.test_homepage_tools_competitor.TestShopifyAnalyzerPublicEndpoint" name="test_analyze_store_with_https_prefix" time="0.718" /><testcase classname="backend.tests.test_homepage_tools_competitor.TestShopifyAnalyzerPublicEndpoint" name="test_analyze_invalid_url_returns_400" time="0.099" /><testcase classname="backend.tests.test_homepage_tools_competitor.TestShopifyAnalyzerPublicEndpoint" name="test_analyze_non_shopify_store_returns_400" time="0.166" /><testcase classname="backend.tests.test_homepage_tools_competitor.TestCompetitorStoreEndpointsAuth" name="test_list_competitor_stores_requires_auth" time="0.048" /><testcase classname="backend.tests.test_homepage_tools_competitor.TestCompetitorStoreEndpointsAuth" name="test_add_competitor_store_requires_auth" time="0.045" /><testcase classname="backend.tests.test_homepage_tools_competitor.TestCompetitorStoresCRUD" name="test_list_competitor_stores_authenticated" time="0.316" /><testcase classname="backend.tests.test_homepage_tools_competitor.TestCompetitorStoresCRUD" name="test_add_competitor_store_duplicate_returns_400" time="0.089" /><testcase classname="backend.tests.test_homepage_tools_competitor.TestCompetitorStoresCRUD" name="test_add_new_competitor_store" time="0.370" /><testcase classname="backend.tests.test_homepage_tools_competitor.TestCompetitorStoresCRUD" name="test_refresh_competitor_store" time="0.273" /><testcase classname="backend.tests.test_homepage_tools_competitor.TestCompetitorStoresCRUD" name="test_refresh_nonexistent_store_returns_404" time="0.045" /><testcase classname="backend.tests.test_homepage_tools_competitor.TestCompetitorStoresCRUD" name="test_delete_competitor_store" time="0.625" /><testcase classname="backend.tests.test_homepage_tools_competitor.TestCompetitorStoresCRUD" name="test_delete_nonexistent_store_returns_404" time="0.045" /><testcase classname="backend.tests.test_homepage_tools_competitor.TestCompetitorStorePlanLimits" name="test_free_user_limit" time="0.046" /></testsuite></testsuites>