<?xml version="1.0" encoding="utf-8"?><testsuites name="pytest tests"><testsuite name="pytest" errors="0" failures="0" skipped="0" tests="22" time="3.666" timestamp="2026-03-13T13:12:53.416420+00:00" hostname="agent-env-454c0bfa-8151-45a4-9565-98c9e4694d86"><testcase classname="backend.tests.test_image_review_api.TestAdminImageReviewAuth" name="test_metrics_without_auth_returns_401" time="0.247" /><testcase classname="backend.tests.test_image_review_api.TestAdminImageReviewAuth" name="test_products_without_auth_returns_401" time="0.114" /><testcase classname="backend.tests.test_image_review_api.TestAdminImageReviewAuth" name="test_bulk_without_auth_returns_401" time="0.144" /><testcase classname="backend.tests.test_image_review_api.TestImageReviewMetrics" name="test_metrics_returns_all_counts" time="0.467" /><testcase classname="backend.tests.test_image_review_api.TestImageReviewProductList" name="test_list_all_products" time="0.121" /><testcase classname="backend.tests.test_image_review_api.TestImageReviewProductList" name="test_list_needs_review_products" time="0.110" /><testcase classname="backend.tests.test_image_review_api.TestImageReviewProductList" name="test_list_approved_products" time="0.148" /><testcase classname="backend.tests.test_image_review_api.TestImageReviewProductList" name="test_product_list_has_required_fields" time="0.110" /><testcase classname="backend.tests.test_image_review_api.TestImageReviewProductDetail" name="test_get_product_detail" time="0.131" /><testcase classname="backend.tests.test_image_review_api.TestImageReviewProductDetail" name="test_get_nonexistent_product_returns_404" time="0.107" /><testcase classname="backend.tests.test_image_review_api.TestImageReviewApprove" name="test_approve_image" time="0.212" /><testcase classname="backend.tests.test_image_review_api.TestImageReviewReject" name="test_reject_image" time="0.295" /><testcase classname="backend.tests.test_image_review_api.TestImageReviewSetUrl" name="test_set_custom_url" time="0.236" /><testcase classname="backend.tests.test_image_review_api.TestImageReviewSetUrl" name="test_set_url_requires_url_param" time="0.112" /><testcase classname="backend.tests.test_image_review_api.TestImageReviewPin" name="test_pin_image" time="0.237" /><testcase classname="backend.tests.test_image_review_api.TestImageReviewPin" name="test_unpin_image" time="0.115" /><testcase classname="backend.tests.test_image_review_api.TestImageReviewBulk" name="test_bulk_approve" time="0.115" /><testcase classname="backend.tests.test_image_review_api.TestImageReviewBulk" name="test_bulk_reject" time="0.107" /><testcase classname="backend.tests.test_image_review_api.TestImageReviewBulk" name="test_bulk_mark_needs_review" time="0.117" /><testcase classname="backend.tests.test_image_review_api.TestImageReviewBulk" name="test_bulk_invalid_action" time="0.103" /><testcase classname="backend.tests.test_image_review_api.TestImageReviewBulk" name="test_bulk_missing_params" time="0.122" /><testcase classname="backend.tests.test_image_review_api.TestCleanup" name="test_restore_products" time="0.106" /></testsuite></testsuites>