<?xml version="1.0" encoding="utf-8"?><testsuites name="pytest tests"><testsuite name="pytest" errors="0" failures="0" skipped="0" tests="6" time="5.092" timestamp="2026-03-19T12:24:42.210765+00:00" hostname="agent-env-852c313b-c2f5-4fe9-ad48-ee5fe7876920"><testcase classname="tests.test_image_replacement_verification.TestImageReplacementVerification" name="test_public_trending_products_no_unsplash" time="4.336" /><testcase classname="tests.test_image_replacement_verification.TestImageReplacementVerification" name="test_target_products_have_valid_images" time="0.170" /><testcase classname="tests.test_image_replacement_verification.TestImageReplacementVerification" name="test_products_with_images_count" time="0.140" /><testcase classname="tests.test_image_replacement_verification.TestImageReplacementVerification" name="test_discover_page_loads" time="0.135" /><testcase classname="tests.test_image_replacement_verification.TestImageReplacementVerification" name="test_categories_endpoint" time="0.133" /><testcase classname="tests.test_image_replacement_verification.TestProductDetailImages" name="test_led_sunset_product_detail" time="0.110" /></testsuite></testsuites>