<?xml version="1.0" encoding="utf-8"?><testsuites name="pytest tests"><testsuite name="pytest" errors="0" failures="0" skipped="0" tests="12" time="32.311" timestamp="2026-03-13T00:45:54.926209+00:00" hostname="agent-env-5cc902d1-2c58-4977-aca4-a0d92e9c6665"><testcase classname="backend.tests.test_image_system.TestImageServing" name="test_image_serving_returns_jpeg" time="0.428" /><testcase classname="backend.tests.test_image_system.TestImageServing" name="test_nonexistent_image_returns_404" time="0.127" /><testcase classname="backend.tests.test_image_system.TestImageEnrichmentAPI" name="test_enrich_product_images_requires_auth" time="0.167" /><testcase classname="backend.tests.test_image_system.TestImageEnrichmentAPI" name="test_enrich_product_images_success" time="1.563" /><testcase classname="backend.tests.test_image_system.TestImageEnrichmentAPI" name="test_enrich_nonexistent_product_returns_404" time="0.130" /><testcase classname="backend.tests.test_image_system.TestBatchEnrichment" name="test_batch_enrich_requires_auth" time="0.125" /><testcase classname="backend.tests.test_image_system.TestBatchEnrichment" name="test_batch_enrich_success_for_admin" time="28.739" /><testcase classname="backend.tests.test_image_system.TestPublicAPIGallerySupport" name="test_trending_products_has_gallery_images_field" time="0.211" /><testcase classname="backend.tests.test_image_system.TestPublicAPIGallerySupport" name="test_product_detail_has_gallery_images" time="0.128" /><testcase classname="backend.tests.test_image_system.TestPublicAPIGallerySupport" name="test_product_detail_has_growth_rate_and_tiktok_views" time="0.110" /><testcase classname="backend.tests.test_image_system.TestImageSystemIntegration" name="test_enriched_images_are_servable" time="0.403" /><testcase classname="backend.tests.test_image_system.TestImageSystemIntegration" name="test_primary_image_matches_first_gallery_image" time="0.113" /></testsuite></testsuites>