<?xml version="1.0" encoding="utf-8"?><testsuites name="pytest tests"><testsuite name="pytest" errors="0" failures="0" skipped="0" tests="13" time="25.327" timestamp="2026-03-12T11:43:07.964999+00:00" hostname="agent-env-caf07b31-80bb-4df6-b599-74511ac4b21d"><testcase classname="tests.test_integration_api_layer.TestAPISetup" name="test_api_health" time="2.087" /><testcase classname="tests.test_integration_api_layer.TestIntegrationHealth" name="test_integration_health_returns_all_4_sources" time="0.422" /><testcase classname="tests.test_integration_api_layer.TestIntegrationHealth" name="test_each_source_has_required_fields" time="0.098" /><testcase classname="tests.test_integration_api_layer.TestIntegrationHealth" name="test_aliexpress_shows_not_configured" time="0.115" /><testcase classname="tests.test_integration_api_layer.TestIntegrationHealth" name="test_cj_shows_not_configured" time="0.104" /><testcase classname="tests.test_integration_api_layer.TestIntegrationHealth" name="test_meta_shows_not_configured" time="0.131" /><testcase classname="tests.test_integration_api_layer.TestIntegrationHealth" name="test_tiktok_shows_healthy_with_live_mode" time="0.113" /><testcase classname="tests.test_integration_api_layer.TestProductEnrich" name="test_enrich_uses_4_step_fallback_chain" time="10.571" /><testcase classname="tests.test_integration_api_layer.TestProductEnrich" name="test_enrichment_returns_sources_status" time="10.080" /><testcase classname="tests.test_integration_api_layer.TestDataIngestion" name="test_run_ingestion_starts_background_job" time="0.472" /><testcase classname="tests.test_integration_api_layer.TestDataIngestion" name="test_ingestion_status_returns_confidence_breakdown" time="0.113" /><testcase classname="tests.test_integration_api_layer.TestSourceHealth" name="test_source_health_returns_pull_history" time="0.443" /><testcase classname="tests.test_integration_api_layer.TestSystemHealthDashboard" name="test_system_health_uses_official_client_health_checks" time="0.501" /></testsuite></testsuites>