<?xml version="1.0" encoding="utf-8"?><testsuites name="pytest tests"><testsuite name="pytest" errors="0" failures="0" skipped="0" tests="15" time="3.017" timestamp="2026-03-21T15:57:05.921510+00:00" hostname="agent-env-a2056aa4-9417-4e31-bbda-049b4fa67b83"><testcase classname="backend.tests.test_iteration103_features.TestBlogSystem" name="test_blog_posts_list_returns_articles" time="1.296" /><testcase classname="backend.tests.test_iteration103_features.TestBlogSystem" name="test_blog_posts_have_required_fields" time="0.151" /><testcase classname="backend.tests.test_iteration103_features.TestBlogSystem" name="test_seed_article_how_to_validate_product_idea" time="0.107" /><testcase classname="backend.tests.test_iteration103_features.TestBlogSystem" name="test_seed_article_uk_vat_guide" time="0.115" /><testcase classname="backend.tests.test_iteration103_features.TestBlogSystem" name="test_seed_article_tiktok_shop" time="0.113" /><testcase classname="backend.tests.test_iteration103_features.TestBlogSystem" name="test_blog_seed_endpoint_idempotent" time="0.144" /><testcase classname="backend.tests.test_iteration103_features.TestBlogSystem" name="test_blog_post_not_found" time="0.125" /><testcase classname="backend.tests.test_iteration103_features.TestLeadCaptureEndpoints" name="test_lead_capture_product_quiz_source" time="0.104" /><testcase classname="backend.tests.test_iteration103_features.TestLeadCaptureEndpoints" name="test_share_result_endpoint" time="0.117" /><testcase classname="backend.tests.test_iteration103_features.TestDigestEndpoints" name="test_digest_subscriber_count" time="0.123" /><testcase classname="backend.tests.test_iteration103_features.TestDigestEndpoints" name="test_digest_subscribe" time="0.114" /><testcase classname="backend.tests.test_iteration103_features.TestDigestEndpoints" name="test_digest_archive" time="0.100" /><testcase classname="backend.tests.test_iteration103_features.TestTaskRegistry" name="test_scheduled_tasks_endpoint" time="0.110" /><testcase classname="backend.tests.test_iteration103_features.TestHealthAndBasics" name="test_api_health" time="0.111" /><testcase classname="backend.tests.test_iteration103_features.TestHealthAndBasics" name="test_frontend_loads" time="0.108" /></testsuite></testsuites>