<?xml version="1.0" encoding="utf-8"?><testsuites name="pytest tests"><testsuite name="pytest" errors="0" failures="0" skipped="0" tests="11" time="3.508" timestamp="2026-03-17T19:34:46.590418+00:00" hostname="agent-env-ed643f02-c018-4367-94b1-2f1404f385bd"><testcase classname="backend.tests.test_iteration89_features.TestAdminImagesEndpoint" name="test_images_stats_requires_auth" time="1.686" /><testcase classname="backend.tests.test_iteration89_features.TestAdminImagesEndpoint" name="test_images_stats_returns_data" time="0.546" /><testcase classname="backend.tests.test_iteration89_features.TestAdTestsEndpoint" name="test_ad_tests_requires_auth" time="0.124" /><testcase classname="backend.tests.test_iteration89_features.TestAdTestsEndpoint" name="test_ad_tests_returns_data" time="0.124" /><testcase classname="backend.tests.test_iteration89_features.TestTikTokIntelligenceEndpoint" name="test_tiktok_intelligence_returns_data" time="0.136" /><testcase classname="backend.tests.test_iteration89_features.TestTikTokIntelligenceEndpoint" name="test_tiktok_viral_products_have_ids" time="0.153" /><testcase classname="backend.tests.test_iteration89_features.TestProductEndpoints" name="test_product_detail_returns_data" time="0.177" /><testcase classname="backend.tests.test_iteration89_features.TestProductEndpoints" name="test_product_has_supplier_info" time="0.138" /><testcase classname="backend.tests.test_iteration89_features.TestRoutesAccessibility" name="test_discover_route" time="0.127" /><testcase classname="backend.tests.test_iteration89_features.TestRoutesAccessibility" name="test_ad_tests_route" time="0.121" /><testcase classname="backend.tests.test_iteration89_features.TestRoutesAccessibility" name="test_tiktok_route" time="0.108" /></testsuite></testsuites>