<?xml version="1.0" encoding="utf-8"?><testsuites name="pytest tests"><testsuite name="pytest" errors="0" failures="0" skipped="0" tests="14" time="68.616" timestamp="2026-03-13T22:20:46.112670+00:00" hostname="agent-env-53c95710-00ad-4f6c-8971-324fbc7d9235"><testcase classname="backend.tests.test_iteration71_features.TestRedisAndRateLimiting" name="test_rate_limit_headers_present" time="2.659" /><testcase classname="backend.tests.test_iteration71_features.TestRedisAndRateLimiting" name="test_health_endpoint_accessible" time="0.128" /><testcase classname="backend.tests.test_iteration71_features.TestProfitabilityCalculator" name="test_profitability_calculator_valid_request" time="0.283" /><testcase classname="backend.tests.test_iteration71_features.TestProfitabilityCalculator" name="test_profitability_calculator_verdict_green" time="0.168" /><testcase classname="backend.tests.test_iteration71_features.TestProfitabilityCalculator" name="test_profitability_calculator_invalid_product" time="0.166" /><testcase classname="backend.tests.test_iteration71_features.TestSSENotifications" name="test_sse_endpoint_accessible" time="5.115" /><testcase classname="backend.tests.test_iteration71_features.TestSSENotifications" name="test_sse_endpoint_requires_auth" time="0.135" /><testcase classname="backend.tests.test_iteration71_features.TestConnectionHealthCheck" name="test_health_check_endpoint_accessible" time="0.106" /><testcase classname="backend.tests.test_iteration71_features.TestConnectionHealthCheck" name="test_health_check_no_connections" time="0.150" /><testcase classname="backend.tests.test_iteration71_features.TestAdPipeline" name="test_pipeline_endpoint_exists" time="59.022" /><testcase classname="backend.tests.test_iteration71_features.TestAdPipeline" name="test_pipeline_invalid_product" time="0.244" /><testcase classname="backend.tests.test_iteration71_features.TestExistingFeatures" name="test_scoring_methodology_endpoint" time="0.126" /><testcase classname="backend.tests.test_iteration71_features.TestExistingFeatures" name="test_get_products_list" time="0.123" /><testcase classname="backend.tests.test_iteration71_features.TestExistingFeatures" name="test_connection_platforms" time="0.118" /></testsuite></testsuites>