<?xml version="1.0" encoding="utf-8"?><testsuites name="pytest tests"><testsuite name="pytest" errors="0" failures="0" skipped="0" tests="19" time="4.103" timestamp="2026-03-17T19:00:59.199698+00:00" hostname="agent-env-ed643f02-c018-4367-94b1-2f1404f385bd"><testcase classname="backend.tests.test_iteration88_features.TestProductsListAPI" name="test_products_list_returns_200" time="1.926" /><testcase classname="backend.tests.test_iteration88_features.TestProductsListAPI" name="test_products_list_has_data_key" time="0.147" /><testcase classname="backend.tests.test_iteration88_features.TestProductsListAPI" name="test_products_have_launch_scores" time="0.115" /><testcase classname="backend.tests.test_iteration88_features.TestProductDetailAPI" name="test_product_detail_returns_200" time="0.149" /><testcase classname="backend.tests.test_iteration88_features.TestProductDetailAPI" name="test_product_detail_has_launch_score" time="0.062" /><testcase classname="backend.tests.test_iteration88_features.TestProductDetailAPI" name="test_product_detail_has_image_url" time="0.081" /><testcase classname="backend.tests.test_iteration88_features.TestProductDetailAPI" name="test_product_has_supplier_data" time="0.057" /><testcase classname="backend.tests.test_iteration88_features.TestSupplierAPI" name="test_suppliers_endpoint_returns_200" time="0.072" /><testcase classname="backend.tests.test_iteration88_features.TestSupplierAPI" name="test_suppliers_response_structure" time="0.091" /><testcase classname="backend.tests.test_iteration88_features.TestSupplierAPI" name="test_suppliers_for_nonexistent_product" time="0.075" /><testcase classname="backend.tests.test_iteration88_features.TestAdminImageEndpoints" name="test_image_stats_requires_auth" time="0.179" /><testcase classname="backend.tests.test_iteration88_features.TestAdminImageEndpoints" name="test_image_stats_returns_counts" time="0.419" /><testcase classname="backend.tests.test_iteration88_features.TestAdminImageEndpoints" name="test_image_refresh_requires_admin" time="0.150" /><testcase classname="backend.tests.test_iteration88_features.TestTikTokIntelligenceAPI" name="test_tiktok_intelligence_returns_200" time="0.076" /><testcase classname="backend.tests.test_iteration88_features.TestTikTokIntelligenceAPI" name="test_tiktok_intelligence_data_structure" time="0.078" /><testcase classname="backend.tests.test_iteration88_features.TestTikTokIntelligenceAPI" name="test_tiktok_intelligence_has_viral_products" time="0.078" /><testcase classname="backend.tests.test_iteration88_features.TestLaunchScoreRecalibration" name="test_products_with_high_ad_count_have_lower_scores" time="0.121" /><testcase classname="backend.tests.test_iteration88_features.TestLaunchScoreRecalibration" name="test_launch_score_reasoning_mentions_competition" time="0.071" /><testcase classname="backend.tests.test_iteration88_features.TestPublicTrendingEndpoint" name="test_public_trending_products" time="0.073" /></testsuite></testsuites>