<?xml version="1.0" encoding="utf-8"?><testsuites name="pytest tests"><testsuite name="pytest" errors="0" failures="0" skipped="0" tests="14" time="2.338" timestamp="2026-03-14T09:05:01.207862+00:00" hostname="agent-env-53c95710-00ad-4f6c-8971-324fbc7d9235"><testcase classname="tests.test_iteration72_features.TestShopifyOAuth" name="test_shopify_oauth_init_returns_503_without_config" time="0.597" /><testcase classname="tests.test_iteration72_features.TestShopifyOAuth" name="test_shopify_oauth_status_returns_not_connected" time="0.119" /><testcase classname="tests.test_iteration72_features.TestShopifyOAuth" name="test_shopify_oauth_init_requires_auth" time="0.131" /><testcase classname="tests.test_iteration72_features.TestShopifyOAuth" name="test_shopify_oauth_status_requires_auth" time="0.104" /><testcase classname="tests.test_iteration72_features.TestLaunchPlaybook" name="test_launch_playbook_returns_5_steps" time="0.212" /><testcase classname="tests.test_iteration72_features.TestLaunchPlaybook" name="test_launch_playbook_returns_3_ad_angles" time="0.143" /><testcase classname="tests.test_iteration72_features.TestLaunchPlaybook" name="test_launch_playbook_returns_audience_suggestions" time="0.104" /><testcase classname="tests.test_iteration72_features.TestLaunchPlaybook" name="test_launch_playbook_returns_testing_budget" time="0.102" /><testcase classname="tests.test_iteration72_features.TestLaunchPlaybook" name="test_launch_playbook_returns_404_for_invalid_product" time="0.156" /><testcase classname="tests.test_iteration72_features.TestLaunchPlaybook" name="test_launch_playbook_requires_auth" time="0.104" /><testcase classname="tests.test_iteration72_features.TestProfitabilityCalculator" name="test_profitability_calculator_works" time="0.137" /><testcase classname="tests.test_iteration72_features.TestRateLimiting" name="test_rate_limit_headers_present" time="0.104" /><testcase classname="tests.test_iteration72_features.TestHealthCheck" name="test_health_endpoint" time="0.103" /><testcase classname="tests.test_iteration72_features.TestHealthCheck" name="test_products_endpoint" time="0.106" /></testsuite></testsuites>