<?xml version="1.0" encoding="utf-8"?><testsuites name="pytest tests"><testsuite name="pytest" errors="0" failures="0" skipped="0" tests="17" time="2.742" timestamp="2026-03-13T00:27:13.782540+00:00" hostname="agent-env-5cc902d1-2c58-4977-aca4-a0d92e9c6665"><testcase classname="backend.tests.test_landing_trending.TestPublicTrendingProducts" name="test_trending_products_returns_200" time="0.133" /><testcase classname="backend.tests.test_landing_trending.TestPublicTrendingProducts" name="test_trending_products_response_structure" time="0.169" /><testcase classname="backend.tests.test_landing_trending.TestPublicTrendingProducts" name="test_product_has_required_fields" time="0.165" /><testcase classname="backend.tests.test_landing_trending.TestPublicTrendingProducts" name="test_product_supplier_cost_is_number" time="0.161" /><testcase classname="backend.tests.test_landing_trending.TestPublicTrendingProducts" name="test_product_retail_price_is_number" time="0.116" /><testcase classname="backend.tests.test_landing_trending.TestPublicTrendingProducts" name="test_product_growth_rate_is_number" time="0.157" /><testcase classname="backend.tests.test_landing_trending.TestPublicTrendingProducts" name="test_product_tiktok_views_is_number" time="0.105" /><testcase classname="backend.tests.test_landing_trending.TestPublicTrendingProducts" name="test_product_launch_score_in_range" time="0.139" /><testcase classname="backend.tests.test_landing_trending.TestPublicTrendingProducts" name="test_product_margin_percent_reasonable" time="0.112" /><testcase classname="backend.tests.test_landing_trending.TestPublicTrendingProducts" name="test_product_has_slug" time="0.175" /><testcase classname="backend.tests.test_landing_trending.TestPublicTrendingProducts" name="test_limit_parameter_works" time="0.304" /><testcase classname="backend.tests.test_landing_trending.TestPublicCategories" name="test_categories_returns_200" time="0.159" /><testcase classname="backend.tests.test_landing_trending.TestPublicCategories" name="test_categories_returns_array" time="0.228" /><testcase classname="backend.tests.test_landing_trending.TestPublicCategories" name="test_category_has_required_fields" time="0.123" /><testcase classname="backend.tests.test_landing_trending.TestPublicCategories" name="test_category_count_is_positive" time="0.152" /><testcase classname="backend.tests.test_landing_trending.TestPublicCategories" name="test_category_avg_score_in_range" time="0.113" /><testcase classname="backend.tests.test_landing_trending.TestConfidenceScores" name="test_high_confidence_products_exist" time="0.126" /></testsuite></testsuites>