<?xml version="1.0" encoding="utf-8"?><testsuites name="pytest tests"><testsuite name="pytest" errors="0" failures="0" skipped="0" tests="10" time="61.872" timestamp="2026-03-13T18:42:40.877784+00:00" hostname="agent-env-b50d0dec-0792-4114-b082-ef48abe05d6f"><testcase classname="backend.tests.test_launchpad_bug_fixes.TestLaunchPadBugFixes" name="test_get_product_data" time="2.317" /><testcase classname="backend.tests.test_launchpad_bug_fixes.TestLaunchPadBugFixes" name="test_get_suppliers_for_product" time="0.157" /><testcase classname="backend.tests.test_launchpad_bug_fixes.TestLaunchPadBugFixes" name="test_store_launch_creates_store" time="0.148" /><testcase classname="backend.tests.test_launchpad_bug_fixes.TestLaunchPadBugFixes" name="test_store_launch_with_supplier" time="0.338" /><testcase classname="backend.tests.test_launchpad_bug_fixes.TestLaunchPadBugFixes" name="test_generate_ad_creatives" time="30.554" /><testcase classname="backend.tests.test_launchpad_bug_fixes.TestLaunchPadBugFixes" name="test_full_launch_flow" time="26.924" /><testcase classname="backend.tests.test_launchpad_bug_fixes.TestSupplierEndpointCorrection" name="test_correct_supplier_endpoint_returns_data" time="0.483" /><testcase classname="backend.tests.test_launchpad_bug_fixes.TestSupplierEndpointCorrection" name="test_wrong_endpoint_returns_error" time="0.166" /><testcase classname="backend.tests.test_launchpad_bug_fixes.TestStoreGenerationImports" name="test_store_generate_endpoint" time="0.535" /><testcase classname="backend.tests.test_launchpad_bug_fixes.TestStoreGenerationImports" name="test_store_launch_endpoint" time="0.148" /></testsuite></testsuites>