<?xml version="1.0" encoding="utf-8"?><testsuites name="pytest tests"><testsuite name="pytest" errors="0" failures="0" skipped="0" tests="17" time="4.816" timestamp="2026-03-10T14:26:16.868741+00:00" hostname="agent-env-4668f67a-1c5b-473e-8e33-f982b5ab8bd0"><testcase classname="backend.tests.test_launch_score_breakdown_api.TestLaunchScoreBreakdownEndpoint" name="test_breakdown_endpoint_returns_200" time="0.732" /><testcase classname="backend.tests.test_launch_score_breakdown_api.TestLaunchScoreBreakdownEndpoint" name="test_breakdown_returns_correct_structure" time="0.253" /><testcase classname="backend.tests.test_launch_score_breakdown_api.TestLaunchScoreBreakdownEndpoint" name="test_breakdown_has_five_components" time="0.235" /><testcase classname="backend.tests.test_launch_score_breakdown_api.TestLaunchScoreBreakdownEndpoint" name="test_component_has_all_required_fields" time="0.254" /><testcase classname="backend.tests.test_launch_score_breakdown_api.TestLaunchScoreBreakdownEndpoint" name="test_component_weights_sum_to_100" time="0.248" /><testcase classname="backend.tests.test_launch_score_breakdown_api.TestLaunchScoreBreakdownEndpoint" name="test_contributions_sum_to_launch_score" time="0.332" /><testcase classname="backend.tests.test_launch_score_breakdown_api.TestLaunchScoreBreakdownEndpoint" name="test_formula_breakdown_present" time="0.264" /><testcase classname="backend.tests.test_launch_score_breakdown_api.TestLaunchScoreBreakdownEndpoint" name="test_summary_has_required_sections" time="0.238" /><testcase classname="backend.tests.test_launch_score_breakdown_api.TestLaunchScoreBreakdownEndpoint" name="test_strengths_structure" time="0.267" /><testcase classname="backend.tests.test_launch_score_breakdown_api.TestLaunchScoreBreakdownEndpoint" name="test_weaknesses_structure" time="0.279" /><testcase classname="backend.tests.test_launch_score_breakdown_api.TestLaunchScoreBreakdownEndpoint" name="test_improvements_structure" time="0.238" /><testcase classname="backend.tests.test_launch_score_breakdown_api.TestLaunchScoreBreakdownEndpoint" name="test_404_for_nonexistent_product" time="0.115" /><testcase classname="backend.tests.test_launch_score_breakdown_api.TestLaunchScoreBreakdownLogic" name="test_component_level_correct" time="0.241" /><testcase classname="backend.tests.test_launch_score_breakdown_api.TestLaunchScoreBreakdownLogic" name="test_component_impact_correct" time="0.265" /><testcase classname="backend.tests.test_launch_score_breakdown_api.TestLaunchScoreBreakdownLogic" name="test_components_sorted_by_contribution" time="0.255" /><testcase classname="backend.tests.test_launch_score_breakdown_api.TestLaunchScoreBreakdownLogic" name="test_strong_launch_product_has_strengths" time="0.257" /><testcase classname="backend.tests.test_launch_score_breakdown_api.TestLaunchScoreBreakdownLogic" name="test_rating_explanation_matches_label" time="0.218" /></testsuite></testsuites>