<?xml version="1.0" encoding="utf-8"?><testsuites name="pytest tests"><testsuite name="pytest" errors="0" failures="0" skipped="1" tests="15" time="9.312" timestamp="2026-03-13T15:53:08.830453+00:00" hostname="agent-env-d748a77f-bb39-4e08-9fc8-693787a9bcd3"><testcase classname="tests.test_launch_readiness.TestHealthEndpoint" name="test_health_returns_200" time="2.890" /><testcase classname="tests.test_launch_readiness.TestAuthLogin" name="test_login_with_valid_credentials" time="0.375" /><testcase classname="tests.test_launch_readiness.TestAuthLogin" name="test_login_with_invalid_password" time="1.881" /><testcase classname="tests.test_launch_readiness.TestAuthLogin" name="test_login_rate_limit_header_present" time="0.353" /><testcase classname="tests.test_launch_readiness.TestProductsRegression" name="test_products_list_returns_200" time="0.525" /><testcase classname="tests.test_launch_readiness.TestProductsRegression" name="test_products_with_category_filter" time="0.504" /><testcase classname="tests.test_launch_readiness.TestProductsRegression" name="test_products_with_trend_stage_filter" time="0.458" /><testcase classname="tests.test_launch_readiness.TestProductsRegression" name="test_products_with_competition_filter" time="0.538" /><testcase classname="tests.test_launch_readiness.TestProductsRegression" name="test_products_with_price_filter" time="0.495" /><testcase classname="tests.test_launch_readiness.TestProductsRegression" name="test_products_with_trend_score_filter" time="0.534" /><testcase classname="tests.test_launch_readiness.TestSaturationEndpointRegression" name="test_saturation_endpoint_exists" time="0.443"><skipped type="pytest.skip" message="No products available for saturation test">/app/backend/tests/test_launch_readiness.py:171: No products available for saturation test</skipped></testcase><testcase classname="tests.test_launch_readiness.TestFaviconAndOGMetaAssets" name="test_favicon_exists" time="0.131" /><testcase classname="tests.test_launch_readiness.TestFaviconAndOGMetaAssets" name="test_og_image_exists" time="0.119" /><testcase classname="tests.test_launch_readiness.TestRateLimitConfig" name="test_rate_limit_decorator_exists_on_register" time="0.000" /><testcase classname="tests.test_launch_readiness.TestRateLimitConfig" name="test_rate_limit_decorator_exists_on_login" time="0.000" /></testsuite></testsuites>