<?xml version="1.0" encoding="utf-8"?><testsuites name="pytest tests"><testsuite name="pytest" errors="0" failures="0" skipped="0" tests="14" time="1.998" timestamp="2026-03-10T14:09:04.214366+00:00" hostname="agent-env-4668f67a-1c5b-473e-8e33-f982b5ab8bd0"><testcase classname="backend.tests.test_launch_score_api.TestLaunchScoreComputation" name="test_compute_launch_scores_requires_api_key" time="0.245" /><testcase classname="backend.tests.test_launch_score_api.TestLaunchScoreComputation" name="test_compute_launch_scores_invalid_api_key" time="0.111" /><testcase classname="backend.tests.test_launch_score_api.TestLaunchScoreComputation" name="test_compute_launch_scores_with_valid_key" time="0.146" /><testcase classname="backend.tests.test_launch_score_api.TestProductsAPILaunchScore" name="test_products_include_launch_score" time="0.109" /><testcase classname="backend.tests.test_launch_score_api.TestProductsAPILaunchScore" name="test_products_launch_score_labels_valid" time="0.137" /><testcase classname="backend.tests.test_launch_score_api.TestProductsAPILaunchScore" name="test_launch_score_categories_correct" time="0.129" /><testcase classname="backend.tests.test_launch_score_api.TestProductsAPILaunchScore" name="test_product_with_strong_launch_score" time="0.194" /><testcase classname="backend.tests.test_launch_score_api.TestDailyWinnersLaunchScore" name="test_daily_winners_returns_launch_score" time="0.101" /><testcase classname="backend.tests.test_launch_score_api.TestDailyWinnersLaunchScore" name="test_daily_winners_sorted_by_launch_score" time="0.113" /><testcase classname="backend.tests.test_launch_score_api.TestDailyWinnersLaunchScore" name="test_daily_winners_have_required_fields" time="0.115" /><testcase classname="backend.tests.test_launch_score_api.TestLaunchScoreReasoning" name="test_reasoning_has_strengths" time="0.112" /><testcase classname="backend.tests.test_launch_score_api.TestLaunchScoreReasoning" name="test_risky_products_have_weaknesses" time="0.173" /><testcase classname="backend.tests.test_launch_score_api.TestPipelineStatusLaunchScore" name="test_pipeline_status_has_launch_score_stats" time="0.106" /><testcase classname="backend.tests.test_launch_score_api.TestSpecificProductLaunchScore" name="test_find_electric_heated_lunch_box" time="0.108" /></testsuite></testsuites>