<?xml version="1.0" encoding="utf-8"?><testsuites name="pytest tests"><testsuite name="pytest" errors="0" failures="0" skipped="0" tests="15" time="67.356" timestamp="2026-03-13T09:28:28.019725+00:00" hostname="agent-env-2dbe6127-a7be-4a37-8c5c-aa715d93973f"><testcase classname="tests.test_leaderboard_adcreatives_features.TestTopTrendingLeaderboard" name="test_top_trending_endpoint_returns_200" time="0.137" /><testcase classname="tests.test_leaderboard_adcreatives_features.TestTopTrendingLeaderboard" name="test_top_trending_returns_50_products" time="0.107" /><testcase classname="tests.test_leaderboard_adcreatives_features.TestTopTrendingLeaderboard" name="test_top_trending_products_have_required_fields" time="0.105" /><testcase classname="tests.test_leaderboard_adcreatives_features.TestTopTrendingLeaderboard" name="test_top_trending_products_ranked_by_launch_score" time="0.103" /><testcase classname="tests.test_leaderboard_adcreatives_features.TestTopTrendingLeaderboard" name="test_no_broken_amazon_placeholder_images" time="0.112" /><testcase classname="tests.test_leaderboard_adcreatives_features.TestTopTrendingLeaderboard" name="test_products_have_valid_slugs" time="0.118" /><testcase classname="tests.test_leaderboard_adcreatives_features.TestAdCreativeGenerator" name="test_ad_creatives_requires_auth" time="0.215" /><testcase classname="tests.test_leaderboard_adcreatives_features.TestAdCreativeGenerator" name="test_ad_creatives_returns_200_with_auth" time="16.026" /><testcase classname="tests.test_leaderboard_adcreatives_features.TestAdCreativeGenerator" name="test_ad_creatives_returns_3_concepts" time="16.213" /><testcase classname="tests.test_leaderboard_adcreatives_features.TestAdCreativeGenerator" name="test_ad_creatives_have_required_structure" time="16.878" /><testcase classname="tests.test_leaderboard_adcreatives_features.TestAdCreativeGenerator" name="test_ad_creatives_includes_product_info" time="16.386" /><testcase classname="tests.test_leaderboard_adcreatives_features.TestAdCreativeGenerator" name="test_ad_creatives_invalid_product_404" time="0.483" /><testcase classname="tests.test_leaderboard_adcreatives_features.TestPublicProductPage" name="test_public_product_by_slug" time="0.213" /><testcase classname="tests.test_leaderboard_adcreatives_features.TestImageFixVerification" name="test_all_products_have_images" time="0.100" /><testcase classname="tests.test_leaderboard_adcreatives_features.TestImageFixVerification" name="test_images_are_valid_urls" time="0.106" /></testsuite></testsuites>