<?xml version="1.0" encoding="utf-8"?><testsuites name="pytest tests"><testsuite name="pytest" errors="0" failures="0" skipped="0" tests="10" time="2.617" timestamp="2026-03-21T20:05:38.706686+00:00" hostname="agent-env-403f6501-4fd4-43ad-946e-30e17000aeb2"><testcase classname="backend.tests.test_leads_capture.TestLeadsCaptureEndpoint" name="test_capture_valid_email_with_source" time="1.319" /><testcase classname="backend.tests.test_leads_capture.TestLeadsCaptureEndpoint" name="test_capture_email_without_at_symbol" time="0.111" /><testcase classname="backend.tests.test_leads_capture.TestLeadsCaptureEndpoint" name="test_capture_empty_email" time="0.131" /><testcase classname="backend.tests.test_leads_capture.TestLeadsCaptureEndpoint" name="test_capture_whitespace_email" time="0.133" /><testcase classname="backend.tests.test_leads_capture.TestLeadsCaptureEndpoint" name="test_capture_email_with_different_source" time="0.118" /><testcase classname="backend.tests.test_leads_capture.TestLeadsCaptureEndpoint" name="test_capture_email_without_context" time="0.142" /><testcase classname="backend.tests.test_leads_capture.TestLeadsCaptureEndpoint" name="test_capture_email_without_source" time="0.120" /><testcase classname="backend.tests.test_leads_capture.TestLeadsCaptureEndpoint" name="test_capture_duplicate_email_upsert" time="0.227" /><testcase classname="backend.tests.test_leads_capture.TestLeadsCaptureEndpoint" name="test_capture_email_case_insensitive" time="0.130" /><testcase classname="backend.tests.test_leads_capture.TestLeadsCaptureEndpoint" name="test_capture_email_with_special_chars_in_context" time="0.125" /></testsuite></testsuites>