<?xml version="1.0" encoding="utf-8"?><testsuites name="pytest tests"><testsuite name="pytest" errors="0" failures="0" skipped="0" tests="22" time="3.668" timestamp="2026-03-13T15:25:18.367377+00:00" hostname="agent-env-d748a77f-bb39-4e08-9fc8-693787a9bcd3"><testcase classname="backend.tests.test_new_product_detail_features.TestSaturationEndpoint" name="test_saturation_returns_200_for_valid_product" time="0.658" /><testcase classname="backend.tests.test_new_product_detail_features.TestSaturationEndpoint" name="test_saturation_returns_required_fields" time="0.159" /><testcase classname="backend.tests.test_new_product_detail_features.TestSaturationEndpoint" name="test_saturation_score_is_valid_number" time="0.164" /><testcase classname="backend.tests.test_new_product_detail_features.TestSaturationEndpoint" name="test_risk_level_is_valid" time="0.173" /><testcase classname="backend.tests.test_new_product_detail_features.TestSaturationEndpoint" name="test_risk_level_matches_score" time="0.134" /><testcase classname="backend.tests.test_new_product_detail_features.TestSaturationEndpoint" name="test_stores_detected_is_valid" time="0.142" /><testcase classname="backend.tests.test_new_product_detail_features.TestSaturationEndpoint" name="test_ads_detected_is_valid" time="0.133" /><testcase classname="backend.tests.test_new_product_detail_features.TestSaturationEndpoint" name="test_saturation_returns_404_for_invalid_product" time="0.190" /><testcase classname="backend.tests.test_new_product_detail_features.TestProductEndpointForTrendTimeline" name="test_product_has_trend_score" time="0.121" /><testcase classname="backend.tests.test_new_product_detail_features.TestProductEndpointForTrendTimeline" name="test_product_has_market_score" time="0.110" /><testcase classname="backend.tests.test_new_product_detail_features.TestProductEndpointForTrendTimeline" name="test_product_has_launch_score" time="0.110" /><testcase classname="backend.tests.test_new_product_detail_features.TestProductEndpointForTrendTimeline" name="test_product_has_early_trend_score" time="0.132" /><testcase classname="backend.tests.test_new_product_detail_features.TestProductEndpointForTrendTimeline" name="test_product_has_tiktok_views" time="0.146" /><testcase classname="backend.tests.test_new_product_detail_features.TestProductEndpointForProfitCalculator" name="test_product_has_supplier_cost" time="0.171" /><testcase classname="backend.tests.test_new_product_detail_features.TestProductEndpointForProfitCalculator" name="test_product_has_estimated_retail_price" time="0.122" /><testcase classname="backend.tests.test_new_product_detail_features.TestProductEndpointForProfitCalculator" name="test_product_has_estimated_margin" time="0.118" /><testcase classname="backend.tests.test_new_product_detail_features.TestRegressionFilters" name="test_products_competition_level_low_filter" time="0.128" /><testcase classname="backend.tests.test_new_product_detail_features.TestRegressionFilters" name="test_products_competition_level_medium_filter" time="0.139" /><testcase classname="backend.tests.test_new_product_detail_features.TestRegressionFilters" name="test_products_competition_level_high_filter" time="0.113" /><testcase classname="backend.tests.test_new_product_detail_features.TestRegressionFilters" name="test_products_min_price_filter" time="0.129" /><testcase classname="backend.tests.test_new_product_detail_features.TestRegressionFilters" name="test_products_max_price_filter" time="0.174" /><testcase classname="backend.tests.test_new_product_detail_features.TestRegressionFilters" name="test_products_price_range_filter" time="0.115" /></testsuite></testsuites>