<?xml version="1.0" encoding="utf-8"?><testsuites name="pytest tests"><testsuite name="pytest" errors="0" failures="0" skipped="0" tests="17" time="30.849" timestamp="2026-03-30T17:00:57.084594+00:00" hostname="agent-env-355dcb1e-a76e-4783-b80a-809001093a5d"><testcase classname="backend.tests.test_new_features.TestPublicProductValidator" name="test_validate_product_success" time="0.178" /><testcase classname="backend.tests.test_new_features.TestPublicProductValidator" name="test_validate_product_led_lights" time="0.429" /><testcase classname="backend.tests.test_new_features.TestPublicProductValidator" name="test_validate_product_short_query" time="0.124" /><testcase classname="backend.tests.test_new_features.TestPublicProductValidator" name="test_validate_product_empty_query" time="0.129" /><testcase classname="backend.tests.test_new_features.TestPublicProfitSimulator" name="test_profit_simulator_basic" time="0.161" /><testcase classname="backend.tests.test_new_features.TestPublicProfitSimulator" name="test_profit_simulator_no_vat" time="0.122" /><testcase classname="backend.tests.test_new_features.TestPublicProfitSimulator" name="test_profit_simulator_high_competition" time="0.106" /><testcase classname="backend.tests.test_new_features.TestPublicProfitSimulator" name="test_profit_simulator_invalid_price" time="0.118" /><testcase classname="backend.tests.test_new_features.TestAuthentication" name="test_login_admin" time="0.405" /><testcase classname="backend.tests.test_new_features.TestAuthentication" name="test_login_demo" time="0.383" /><testcase classname="backend.tests.test_new_features.TestQuickLaunch" name="test_quick_launch_success" time="15.463" /><testcase classname="backend.tests.test_new_features.TestQuickLaunch" name="test_quick_launch_no_auth" time="0.706" /><testcase classname="backend.tests.test_new_features.TestQuickLaunch" name="test_quick_launch_invalid_product" time="0.499" /><testcase classname="backend.tests.test_new_features.TestCJSync" name="test_cj_sync_success" time="11.569" /><testcase classname="backend.tests.test_new_features.TestPublicEndpoints" name="test_trending_products" time="0.129" /><testcase classname="backend.tests.test_new_features.TestPublicEndpoints" name="test_daily_picks" time="0.129" /><testcase classname="backend.tests.test_new_features.TestPublicEndpoints" name="test_platform_stats" time="0.136" /></testsuite></testsuites>