<?xml version="1.0" encoding="utf-8"?><testsuites name="pytest tests"><testsuite name="pytest" errors="0" failures="0" skipped="0" tests="11" time="2.200" timestamp="2026-03-10T21:01:55.630396+00:00" hostname="agent-env-9476d891-585c-49dc-a165-a94cd3a57d66"><testcase classname="tests.test_newsletter.TestNewsletterSubscribe" name="test_subscribe_valid_email" time="0.272" /><testcase classname="tests.test_newsletter.TestNewsletterSubscribe" name="test_subscribe_same_email_twice" time="0.251" /><testcase classname="tests.test_newsletter.TestNewsletterSubscribe" name="test_subscribe_invalid_email_no_at" time="0.195" /><testcase classname="tests.test_newsletter.TestNewsletterSubscribe" name="test_subscribe_invalid_email_empty" time="0.106" /><testcase classname="tests.test_newsletter.TestNewsletterSubscribe" name="test_subscribe_invalid_email_whitespace" time="0.109" /><testcase classname="tests.test_newsletter.TestNewsletterUnsubscribe" name="test_unsubscribe_existing_email" time="0.272" /><testcase classname="tests.test_newsletter.TestNewsletterUnsubscribe" name="test_unsubscribe_resubscribe" time="0.423" /><testcase classname="tests.test_newsletter.TestPOTWCronTask" name="test_potw_task_registered" time="0.110" /><testcase classname="tests.test_newsletter.TestPOTWCronTask" name="test_potw_task_schedule" time="0.158" /><testcase classname="tests.test_newsletter.TestPOTWCronTask" name="test_potw_task_description" time="0.138" /><testcase classname="tests.test_newsletter.TestHealthCheck" name="test_api_health" time="0.105" /></testsuite></testsuites>