<?xml version="1.0" encoding="utf-8"?><testsuites name="pytest tests"><testsuite name="pytest" errors="0" failures="0" skipped="0" tests="23" time="4.953" timestamp="2026-03-10T15:35:35.723819+00:00" hostname="agent-env-15e10a39-0c25-48c3-825c-fe2c409e0e40"><testcase classname="backend.tests.test_notifications_api.TestNotificationEndpointsAuth" name="test_get_notifications_requires_auth" time="0.210" /><testcase classname="backend.tests.test_notifications_api.TestNotificationEndpointsAuth" name="test_unread_count_requires_auth" time="0.111" /><testcase classname="backend.tests.test_notifications_api.TestNotificationEndpointsAuth" name="test_preferences_requires_auth" time="0.102" /><testcase classname="backend.tests.test_notifications_api.TestNotificationEndpointsAuth" name="test_mark_read_requires_auth" time="0.133" /><testcase classname="backend.tests.test_notifications_api.TestNotificationEndpointsAuth" name="test_mark_all_read_requires_auth" time="0.165" /><testcase classname="backend.tests.test_notifications_api.TestNotificationEndpointsAuth" name="test_preferences_update_requires_auth" time="0.123" /><testcase classname="backend.tests.test_notifications_api.TestNotificationEndpointsAuth" name="test_test_alert_requires_auth" time="0.105" /><testcase classname="backend.tests.test_notifications_api.TestNotificationPreferences" name="test_get_preferences_returns_defaults_for_new_user" time="0.119" /><testcase classname="backend.tests.test_notifications_api.TestNotificationPreferences" name="test_update_preferences_email_enabled" time="0.309" /><testcase classname="backend.tests.test_notifications_api.TestNotificationPreferences" name="test_update_preferences_alert_threshold" time="0.444" /><testcase classname="backend.tests.test_notifications_api.TestNotificationPreferences" name="test_update_preferences_quiet_hours" time="0.223" /><testcase classname="backend.tests.test_notifications_api.TestNotificationPreferences" name="test_update_preferences_notification_types" time="0.291" /><testcase classname="backend.tests.test_notifications_api.TestNotificationCRUD" name="test_get_notifications_empty_list" time="0.216" /><testcase classname="backend.tests.test_notifications_api.TestNotificationCRUD" name="test_get_unread_count_returns_int" time="0.321" /><testcase classname="backend.tests.test_notifications_api.TestNotificationCRUD" name="test_create_test_notification" time="0.241" /><testcase classname="backend.tests.test_notifications_api.TestNotificationCRUD" name="test_mark_notifications_as_read" time="0.358" /><testcase classname="backend.tests.test_notifications_api.TestNotificationCRUD" name="test_mark_all_notifications_as_read" time="0.349" /><testcase classname="backend.tests.test_notifications_api.TestNotificationCRUD" name="test_notification_list_pagination" time="0.238" /><testcase classname="backend.tests.test_notifications_api.TestNotificationCRUD" name="test_notification_unread_only_filter" time="0.335" /><testcase classname="backend.tests.test_notifications_api.TestNotificationServiceIntegration" name="test_notification_deduplication" time="0.131" /><testcase classname="backend.tests.test_notifications_api.TestNotificationServiceIntegration" name="test_notification_priority_ordering" time="0.105" /><testcase classname="backend.tests.test_notifications_api.TestNotificationServiceIntegration" name="test_notification_contains_product_data" time="0.108" /><testcase classname="backend.tests.test_notifications_api.TestNotificationRouterRegistration" name="test_notification_router_exists" time="0.075" /></testsuite></testsuites>