<?xml version="1.0" encoding="utf-8"?><testsuites name="pytest tests"><testsuite name="pytest" errors="0" failures="0" skipped="0" tests="17" time="4.000" timestamp="2026-03-22T12:56:00.720940+00:00" hostname="agent-env-eb4cfc26-daf0-4f56-a164-83c771f8743a"><testcase classname="backend.tests.test_oauth_websocket_features.TestOAuthPlatforms" name="test_get_all_oauth_platforms" time="1.897" /><testcase classname="backend.tests.test_oauth_websocket_features.TestOAuthPlatforms" name="test_shopify_setup_endpoint" time="0.113" /><testcase classname="backend.tests.test_oauth_websocket_features.TestOAuthPlatforms" name="test_meta_setup_endpoint" time="0.110" /><testcase classname="backend.tests.test_oauth_websocket_features.TestOAuthPlatforms" name="test_etsy_setup_endpoint" time="0.114" /><testcase classname="backend.tests.test_oauth_websocket_features.TestOAuthPlatforms" name="test_amazon_seller_setup_endpoint" time="0.108" /><testcase classname="backend.tests.test_oauth_websocket_features.TestOAuthPlatforms" name="test_tiktok_shop_setup_endpoint" time="0.112" /><testcase classname="backend.tests.test_oauth_websocket_features.TestOAuthPlatforms" name="test_google_ads_setup_endpoint" time="0.100" /><testcase classname="backend.tests.test_oauth_websocket_features.TestOAuthPlatforms" name="test_tiktok_ads_setup_endpoint" time="0.120" /><testcase classname="backend.tests.test_oauth_websocket_features.TestOAuthPlatforms" name="test_invalid_platform_setup" time="0.116" /><testcase classname="backend.tests.test_oauth_websocket_features.TestWebSocketEndpoint" name="test_websocket_endpoint_accessible" time="0.112" /><testcase classname="backend.tests.test_oauth_websocket_features.TestWebSocketEndpoint" name="test_websocket_endpoint_post_returns_405" time="0.118" /><testcase classname="backend.tests.test_oauth_websocket_features.TestAutomationWithNotifications" name="test_automation_run_full_pipeline" time="0.316" /><testcase classname="backend.tests.test_oauth_websocket_features.TestAutomationWithNotifications" name="test_automation_logs_endpoint" time="0.103" /><testcase classname="backend.tests.test_oauth_websocket_features.TestAutomationWithNotifications" name="test_automation_stats_endpoint" time="0.109" /><testcase classname="backend.tests.test_oauth_websocket_features.TestIngestionWithNotifications" name="test_amazon_import" time="0.118" /><testcase classname="backend.tests.test_oauth_websocket_features.TestIngestionWithNotifications" name="test_tiktok_import" time="0.131" /><testcase classname="backend.tests.test_oauth_websocket_features.TestIngestionWithNotifications" name="test_ingestion_sources_endpoint" time="0.115" /></testsuite></testsuites>