<?xml version="1.0" encoding="utf-8"?><testsuites name="pytest tests"><testsuite name="pytest" errors="0" failures="0" skipped="0" tests="8" time="1.473" timestamp="2026-03-13T21:36:41.967635+00:00" hostname="agent-env-53c95710-00ad-4f6c-8971-324fbc7d9235"><testcase classname="backend.tests.test_onboarding_ads.TestAdCreativeGeneration" name="test_health_check" time="0.264" /><testcase classname="backend.tests.test_onboarding_ads.TestAdCreativeGeneration" name="test_get_products_for_ad_generation" time="0.112" /><testcase classname="backend.tests.test_onboarding_ads.TestAdCreativeGeneration" name="test_ad_creative_generation_endpoint_exists" time="0.278" /><testcase classname="backend.tests.test_onboarding_ads.TestSupplierEndpoints" name="test_supplier_endpoint_exists" time="0.239" /><testcase classname="backend.tests.test_onboarding_ads.TestQuickLaunchFlow" name="test_store_launch_endpoint" time="0.111" /><testcase classname="backend.tests.test_onboarding_ads.TestQuickLaunchFlow" name="test_connections_endpoint" time="0.174" /><testcase classname="backend.tests.test_onboarding_ads.TestDashboardEndpoints" name="test_products_sorted_by_launch_score" time="0.126" /><testcase classname="backend.tests.test_onboarding_ads.TestPlatformConnections" name="test_platforms_endpoint" time="0.099" /></testsuite></testsuites>