<?xml version="1.0" encoding="utf-8"?><testsuites name="pytest tests"><testsuite name="pytest" errors="0" failures="0" skipped="0" tests="9" time="2.059" timestamp="2026-03-10T17:09:16.597425+00:00" hostname="agent-env-15e10a39-0c25-48c3-825c-fe2c409e0e40"><testcase classname="backend.tests.test_onboarding_api.TestOnboardingStatusEndpoint" name="test_get_onboarding_status_requires_auth" time="0.166" /><testcase classname="backend.tests.test_onboarding_api.TestOnboardingStatusEndpoint" name="test_get_onboarding_status_with_auth" time="0.120" /><testcase classname="backend.tests.test_onboarding_api.TestCompleteOnboardingEndpoint" name="test_complete_onboarding_requires_auth" time="0.147" /><testcase classname="backend.tests.test_onboarding_api.TestCompleteOnboardingEndpoint" name="test_complete_onboarding_with_auth" time="0.168" /><testcase classname="backend.tests.test_onboarding_api.TestCompleteOnboardingEndpoint" name="test_complete_onboarding_persists" time="0.284" /><testcase classname="backend.tests.test_onboarding_api.TestResetOnboardingEndpoint" name="test_reset_onboarding_requires_auth" time="0.165" /><testcase classname="backend.tests.test_onboarding_api.TestResetOnboardingEndpoint" name="test_reset_onboarding_with_auth" time="0.149" /><testcase classname="backend.tests.test_onboarding_api.TestResetOnboardingEndpoint" name="test_reset_onboarding_persists" time="0.351" /><testcase classname="backend.tests.test_onboarding_api.TestOnboardingFlow" name="test_complete_onboarding_flow" time="0.453" /></testsuite></testsuites>