<?xml version="1.0" encoding="utf-8"?><testsuites name="pytest tests"><testsuite name="pytest" errors="0" failures="0" skipped="0" tests="16" time="2.405" timestamp="2026-03-10T15:18:04.295728+00:00" hostname="agent-env-15e10a39-0c25-48c3-825c-fe2c409e0e40"><testcase classname="backend.tests.test_opportunity_feed_api.TestOpportunityFeedAPI" name="test_get_opportunity_feed_returns_200" time="0.279" /><testcase classname="backend.tests.test_opportunity_feed_api.TestOpportunityFeedAPI" name="test_get_opportunity_feed_returns_expected_structure" time="0.106" /><testcase classname="backend.tests.test_opportunity_feed_api.TestOpportunityFeedAPI" name="test_get_opportunity_feed_event_structure" time="0.132" /><testcase classname="backend.tests.test_opportunity_feed_api.TestOpportunityFeedAPI" name="test_get_opportunity_feed_limit_parameter" time="0.116" /><testcase classname="backend.tests.test_opportunity_feed_api.TestOpportunityFeedAPI" name="test_get_opportunity_feed_hours_parameter" time="0.247" /><testcase classname="backend.tests.test_opportunity_feed_api.TestOpportunityFeedAPI" name="test_get_opportunity_feed_event_types_filter" time="0.112" /><testcase classname="backend.tests.test_opportunity_feed_api.TestOpportunityFeedAPI" name="test_get_feed_stats_returns_200" time="0.129" /><testcase classname="backend.tests.test_opportunity_feed_api.TestOpportunityFeedAPI" name="test_get_feed_stats_returns_expected_structure" time="0.117" /><testcase classname="backend.tests.test_opportunity_feed_api.TestOpportunityFeedAPI" name="test_generate_sample_events_requires_api_key" time="0.130" /><testcase classname="backend.tests.test_opportunity_feed_api.TestOpportunityFeedAPI" name="test_generate_sample_events_rejects_invalid_key" time="0.142" /><testcase classname="backend.tests.test_opportunity_feed_api.TestOpportunityFeedAPI" name="test_generate_sample_events_with_valid_key" time="0.148" /><testcase classname="backend.tests.test_opportunity_feed_api.TestOpportunityFeedAPI" name="test_feed_events_sorted_by_priority" time="0.175" /><testcase classname="backend.tests.test_opportunity_feed_api.TestOpportunityFeedAPI" name="test_feed_events_have_valid_timestamps" time="0.112" /><testcase classname="backend.tests.test_opportunity_feed_api.TestOpportunityFeedAPI" name="test_feed_event_product_data_integrity" time="0.125" /><testcase classname="backend.tests.test_opportunity_feed_api.TestFeedEventTypes" name="test_strong_launch_events_have_high_scores" time="0.129" /><testcase classname="backend.tests.test_opportunity_feed_api.TestFeedEventTypes" name="test_event_colors_are_valid" time="0.101" /></testsuite></testsuites>