<?xml version="1.0" encoding="utf-8"?><testsuites name="pytest tests"><testsuite name="pytest" errors="0" failures="0" skipped="0" tests="13" time="1.559" timestamp="2026-03-12T00:56:16.143723+00:00" hostname="agent-env-37a90b37-899e-4a66-983f-229d089391f4"><testcase classname="backend.tests.test_p1_p2_features.TestPublicFeaturedProduct" name="test_featured_product_endpoint_accessible" time="0.326" /><testcase classname="backend.tests.test_p1_p2_features.TestPublicFeaturedProduct" name="test_featured_product_returns_product_data" time="0.059" /><testcase classname="backend.tests.test_p1_p2_features.TestPublicSeoPages" name="test_seo_trending_tiktok_products" time="0.053" /><testcase classname="backend.tests.test_p1_p2_features.TestPublicSeoPages" name="test_seo_winning_products_2025" time="0.058" /><testcase classname="backend.tests.test_p1_p2_features.TestPublicSeoPages" name="test_seo_product_fields" time="0.048" /><testcase classname="backend.tests.test_p1_p2_features.TestPublicSeoPages" name="test_seo_invalid_slug_returns_404" time="0.049" /><testcase classname="backend.tests.test_p1_p2_features.TestDailyOpportunities" name="test_daily_opportunities_requires_auth" time="0.136" /><testcase classname="backend.tests.test_p1_p2_features.TestDailyOpportunities" name="test_daily_opportunities_returns_data" time="0.413" /><testcase classname="backend.tests.test_p1_p2_features.TestDailyOpportunities" name="test_daily_opportunities_top_opportunity_fields" time="0.059" /><testcase classname="backend.tests.test_p1_p2_features.TestDailyOpportunities" name="test_daily_opportunities_emerging_products" time="0.061" /><testcase classname="backend.tests.test_p1_p2_features.TestDailyOpportunities" name="test_daily_opportunities_strong_launches" time="0.052" /><testcase classname="backend.tests.test_p1_p2_features.TestDailyOpportunities" name="test_daily_opportunities_trend_spikes" time="0.056" /><testcase classname="backend.tests.test_p1_p2_features.TestHealthCheck" name="test_health_endpoint" time="0.086" /></testsuite></testsuites>