<?xml version="1.0" encoding="utf-8"?><testsuites name="pytest tests"><testsuite name="pytest" errors="0" failures="0" skipped="0" tests="16" time="3.438" timestamp="2026-03-12T01:07:15.646814+00:00" hostname="agent-env-37a90b37-899e-4a66-983f-229d089391f4"><testcase classname="backend.tests.test_p3_outcomes.TestOutcomesTrack" name="test_track_requires_auth" time="0.243" /><testcase classname="backend.tests.test_p3_outcomes.TestOutcomesTrack" name="test_track_requires_product_id" time="0.468" /><testcase classname="backend.tests.test_p3_outcomes.TestOutcomesTrack" name="test_track_product_not_found" time="0.127" /><testcase classname="backend.tests.test_p3_outcomes.TestOutcomesTrack" name="test_track_success" time="0.273" /><testcase classname="backend.tests.test_p3_outcomes.TestOutcomesTrack" name="test_track_returns_existing" time="0.123" /><testcase classname="backend.tests.test_p3_outcomes.TestOutcomesMy" name="test_my_requires_auth" time="0.118" /><testcase classname="backend.tests.test_p3_outcomes.TestOutcomesMy" name="test_my_returns_outcomes_and_summary" time="0.108" /><testcase classname="backend.tests.test_p3_outcomes.TestOutcomesMy" name="test_my_filter_by_status" time="0.112" /><testcase classname="backend.tests.test_p3_outcomes.TestOutcomesUpdate" name="test_update_requires_auth" time="0.152" /><testcase classname="backend.tests.test_p3_outcomes.TestOutcomesUpdate" name="test_update_not_found" time="0.122" /><testcase classname="backend.tests.test_p3_outcomes.TestOutcomesUpdate" name="test_update_metrics" time="0.245" /><testcase classname="backend.tests.test_p3_outcomes.TestOutcomesAutoLabel" name="test_auto_label_requires_auth" time="0.140" /><testcase classname="backend.tests.test_p3_outcomes.TestOutcomesAutoLabel" name="test_auto_label_success" time="0.123" /><testcase classname="backend.tests.test_p3_outcomes.TestOutcomesStats" name="test_stats_requires_auth" time="0.121" /><testcase classname="backend.tests.test_p3_outcomes.TestOutcomesStats" name="test_stats_returns_aggregate_data" time="0.112" /><testcase classname="backend.tests.test_p3_outcomes.TestOutcomesIntegration" name="test_complete_workflow" time="0.771" /></testsuite></testsuites>