<?xml version="1.0" encoding="utf-8"?><testsuites name="pytest tests"><testsuite name="pytest" errors="0" failures="0" skipped="0" tests="15" time="2.095" timestamp="2026-03-12T08:16:15.693720+00:00" hostname="agent-env-37a90b37-899e-4a66-983f-229d089391f4"><testcase classname="backend.tests.test_p4_new_features.TestPredictionAccuracy" name="test_prediction_accuracy_requires_auth" time="0.231" /><testcase classname="backend.tests.test_p4_new_features.TestPredictionAccuracy" name="test_prediction_accuracy_returns_correct_structure" time="0.425" /><testcase classname="backend.tests.test_p4_new_features.TestPredictionAccuracy" name="test_prediction_accuracy_score_buckets_structure" time="0.049" /><testcase classname="backend.tests.test_p4_new_features.TestPredictionAccuracy" name="test_prediction_accuracy_insights_structure" time="0.049" /><testcase classname="backend.tests.test_p4_new_features.TestOpportunityRadar" name="test_radar_live_events_requires_auth" time="0.107" /><testcase classname="backend.tests.test_p4_new_features.TestOpportunityRadar" name="test_radar_live_events_returns_correct_structure" time="0.054" /><testcase classname="backend.tests.test_p4_new_features.TestOpportunityRadar" name="test_radar_live_events_event_structure" time="0.053" /><testcase classname="backend.tests.test_p4_new_features.TestOpportunityRadar" name="test_radar_live_events_limit_parameter" time="0.051" /><testcase classname="backend.tests.test_p4_new_features.TestSaturationRadar" name="test_saturation_endpoint_is_public" time="0.150" /><testcase classname="backend.tests.test_p4_new_features.TestSaturationRadar" name="test_saturation_returns_404_for_invalid_product" time="0.105" /><testcase classname="backend.tests.test_p4_new_features.TestSaturationRadar" name="test_saturation_returns_correct_structure" time="0.101" /><testcase classname="backend.tests.test_p4_new_features.TestSaturationRadar" name="test_saturation_score_is_valid_range" time="0.134" /><testcase classname="backend.tests.test_p4_new_features.TestSaturationRadar" name="test_saturation_risk_level_is_valid" time="0.138" /><testcase classname="backend.tests.test_p4_new_features.TestSaturationRadar" name="test_saturation_signals_object" time="0.096" /><testcase classname="backend.tests.test_p4_new_features.TestIntegration" name="test_complete_workflow" time="0.231" /></testsuite></testsuites>