<?xml version="1.0" encoding="utf-8"?><testsuites name="pytest tests"><testsuite name="pytest" errors="0" failures="0" skipped="0" tests="10" time="1.575" timestamp="2026-03-10T14:50:29.370022+00:00" hostname="agent-env-4668f67a-1c5b-473e-8e33-f982b5ab8bd0"><testcase classname="tests.test_pdf_export_api.TestWeeklyReportPDF" name="test_weekly_pdf_returns_valid_pdf" time="0.234" /><testcase classname="tests.test_pdf_export_api.TestWeeklyReportPDF" name="test_weekly_pdf_has_content_length" time="0.114" /><testcase classname="tests.test_pdf_export_api.TestMonthlyReportPDF" name="test_monthly_pdf_returns_valid_pdf_or_404" time="0.115" /><testcase classname="tests.test_pdf_export_api.TestMonthlyReportPDF" name="test_monthly_pdf_404_error_message" time="0.115" /><testcase classname="tests.test_pdf_export_api.TestPublicWeeklyReportPDF" name="test_public_pdf_returns_valid_pdf" time="0.126" /><testcase classname="tests.test_pdf_export_api.TestPublicWeeklyReportPDF" name="test_public_pdf_accessible_without_auth" time="0.119" /><testcase classname="tests.test_pdf_export_api.TestPublicWeeklyReportPDF" name="test_public_pdf_smaller_than_full_report" time="0.235" /><testcase classname="tests.test_pdf_export_api.TestPDFErrorHandling" name="test_invalid_endpoint_returns_404" time="0.114" /><testcase classname="tests.test_pdf_export_api.TestPDFContentQuality" name="test_weekly_pdf_contains_viralscout_branding" time="0.165" /><testcase classname="tests.test_pdf_export_api.TestPDFContentQuality" name="test_pdf_response_is_binary" time="0.125" /></testsuite></testsuites>