<?xml version="1.0" encoding="utf-8"?><testsuites name="pytest tests"><testsuite name="pytest" errors="0" failures="0" skipped="4" tests="19" time="5.588" timestamp="2026-03-16T19:48:26.466491+00:00" hostname="agent-env-bad92867-9df1-4804-ab3b-d57efc47e532"><testcase classname="tests.test_phase4_features.TestPublicTrendingIndex" name="test_trending_index_returns_products" time="1.512" /><testcase classname="tests.test_phase4_features.TestPublicTrendingIndex" name="test_trending_index_product_has_slug" time="0.147" /><testcase classname="tests.test_phase4_features.TestPublicTrendingIndex" name="test_trending_index_returns_categories" time="0.132" /><testcase classname="tests.test_phase4_features.TestPublicTrendingProductSEO" name="test_trending_product_by_slug" time="0.317" /><testcase classname="tests.test_phase4_features.TestPublicTrendingProductSEO" name="test_trending_product_seo_fields" time="0.309" /><testcase classname="tests.test_phase4_features.TestPublicTrendingProductSEO" name="test_trending_product_invalid_slug_returns_404" time="0.229" /><testcase classname="tests.test_phase4_features.TestWinnerStreakBadge" name="test_my_badge_requires_auth" time="0.154" /><testcase classname="tests.test_phase4_features.TestWinnerStreakBadge" name="test_my_badge_returns_badge_info" time="0.675" /><testcase classname="tests.test_phase4_features.TestWinnerStreakBadge" name="test_winners_list_includes_badge_info" time="0.145" /><testcase classname="tests.test_phase4_features.TestApiKeyManagement" name="test_generate_key_requires_auth" time="0.136" /><testcase classname="tests.test_phase4_features.TestApiKeyManagement" name="test_generate_api_key" time="0.134" /><testcase classname="tests.test_phase4_features.TestApiKeyManagement" name="test_list_api_keys" time="0.155" /><testcase classname="tests.test_phase4_features.TestApiKeyManagement" name="test_revoke_api_key" time="0.372" /><testcase classname="tests.test_phase4_features.TestApiV1Endpoints" name="test_v1_products_search_requires_api_key" time="0.144" /><testcase classname="tests.test_phase4_features.TestApiV1Endpoints" name="test_v1_products_search_with_key" time="0.284" /><testcase classname="tests.test_phase4_features.TestApiV1Endpoints" name="test_v1_products_search_with_query" time="0.148"><skipped type="pytest.skip" message="Could not generate API key for v1 tests">/app/backend/tests/test_phase4_features.py:276: Could not generate API key for v1 tests</skipped></testcase><testcase classname="tests.test_phase4_features.TestApiV1Endpoints" name="test_v1_product_score" time="0.207"><skipped type="pytest.skip" message="Could not generate API key for v1 tests">/app/backend/tests/test_phase4_features.py:284: Could not generate API key for v1 tests</skipped></testcase><testcase classname="tests.test_phase4_features.TestApiV1Endpoints" name="test_v1_trends_categories" time="0.146"><skipped type="pytest.skip" message="Could not generate API key for v1 tests">/app/backend/tests/test_phase4_features.py:309: Could not generate API key for v1 tests</skipped></testcase><testcase classname="tests.test_phase4_features.TestApiV1Endpoints" name="test_v1_trends_top" time="0.155"><skipped type="pytest.skip" message="Could not generate API key for v1 tests">/app/backend/tests/test_phase4_features.py:320: Could not generate API key for v1 tests</skipped></testcase></testsuite></testsuites>