<?xml version="1.0" encoding="utf-8"?><testsuites name="pytest tests"><testsuite name="pytest" errors="0" failures="1" skipped="0" tests="16" time="35.939" timestamp="2026-03-12T13:17:39.064940+00:00" hostname="agent-env-8224266b-2d27-44a9-a253-5832fe5945f8"><testcase classname="backend.tests.test_phase_ef_launchpad.TestSystemHealth" name="test_system_health_endpoint" time="0.202" /><testcase classname="backend.tests.test_phase_ef_launchpad.TestSystemHealth" name="test_stripe_plans_endpoint" time="0.116" /><testcase classname="backend.tests.test_phase_ef_launchpad.TestAuthentication" name="test_login_success" time="0.344" /><testcase classname="backend.tests.test_phase_ef_launchpad.TestRadarAlertSystem" name="test_radar_scan_requires_auth" time="0.146" /><testcase classname="backend.tests.test_phase_ef_launchpad.TestRadarAlertSystem" name="test_radar_scan_with_auth" time="0.456" /><testcase classname="backend.tests.test_phase_ef_launchpad.TestRadarAlertSystem" name="test_radar_detections" time="0.450" /><testcase classname="backend.tests.test_phase_ef_launchpad.TestOnboardingSystem" name="test_onboarding_status" time="0.518" /><testcase classname="backend.tests.test_phase_ef_launchpad.TestOnboardingSystem" name="test_reset_onboarding" time="0.569" /><testcase classname="backend.tests.test_phase_ef_launchpad.TestOnboardingSystem" name="test_complete_onboarding" time="0.482" /><testcase classname="backend.tests.test_phase_ef_launchpad.TestProductsAPI" name="test_get_products" time="0.106" /><testcase classname="backend.tests.test_phase_ef_launchpad.TestProductsAPI" name="test_get_single_product" time="0.538" /><testcase classname="backend.tests.test_phase_ef_launchpad.TestProductsAPI" name="test_get_product_suppliers" time="0.580" /><testcase classname="backend.tests.test_phase_ef_launchpad.TestAdCreatives" name="test_generate_ad_creatives" time="30.119" /><testcase classname="backend.tests.test_phase_ef_launchpad.TestStoreLaunch" name="test_store_launch_preview" time="0.665" /><testcase classname="backend.tests.test_phase_ef_launchpad.TestFeaturedProduct" name="test_featured_product" time="0.120" /><testcase classname="backend.tests.test_phase_ef_launchpad.TestUserProfile" name="test_admin_user_profile" time="0.440"><failure message="assert 404 == 200&#10; +  where 404 = &lt;Response [404]&gt;.status_code">backend/tests/test_phase_ef_launchpad.py:267: in test_admin_user_profile
    assert response.status_code == 200
E   assert 404 == 200
E    +  where 404 = &lt;Response [404]&gt;.status_code</failure></testcase></testsuite></testsuites>