<?xml version="1.0" encoding="utf-8"?><testsuites name="pytest tests"><testsuite name="pytest" errors="0" failures="0" skipped="0" tests="21" time="5.019" timestamp="2026-03-15T23:27:24.123610+00:00" hostname="agent-env-bad92867-9df1-4804-ab3b-d57efc47e532"><testcase classname="backend.tests.test_phase1_features.TestAdSpyDiscoverEndpoint" name="test_discover_ads_default" time="1.583" /><testcase classname="backend.tests.test_phase1_features.TestAdSpyDiscoverEndpoint" name="test_discover_ads_keyword_search" time="0.129" /><testcase classname="backend.tests.test_phase1_features.TestAdSpyDiscoverEndpoint" name="test_discover_ads_platform_tiktok" time="0.121" /><testcase classname="backend.tests.test_phase1_features.TestAdSpyDiscoverEndpoint" name="test_discover_ads_platform_meta" time="0.124" /><testcase classname="backend.tests.test_phase1_features.TestAdSpyDiscoverEndpoint" name="test_discover_ads_platform_all" time="0.225" /><testcase classname="backend.tests.test_phase1_features.TestAdSpyDiscoverEndpoint" name="test_discover_ads_sort_engagement" time="0.140" /><testcase classname="backend.tests.test_phase1_features.TestAdSpyDiscoverEndpoint" name="test_discover_ads_sort_recent" time="0.124" /><testcase classname="backend.tests.test_phase1_features.TestAdSpyDiscoverEndpoint" name="test_discover_ads_sort_spend" time="0.114" /><testcase classname="backend.tests.test_phase1_features.TestAdSpyDiscoverEndpoint" name="test_ad_object_structure" time="0.109" /><testcase classname="backend.tests.test_phase1_features.TestProfitabilitySimulatorEndpoint" name="test_simulator_basic" time="0.128" /><testcase classname="backend.tests.test_phase1_features.TestProfitabilitySimulatorEndpoint" name="test_simulator_unit_economics_fields" time="0.100" /><testcase classname="backend.tests.test_phase1_features.TestProfitabilitySimulatorEndpoint" name="test_simulator_monthly_projection_fields" time="0.129" /><testcase classname="backend.tests.test_phase1_features.TestProfitabilitySimulatorEndpoint" name="test_simulator_saturation_analysis_fields" time="0.121" /><testcase classname="backend.tests.test_phase1_features.TestProfitabilitySimulatorEndpoint" name="test_simulator_verdict_types" time="0.109" /><testcase classname="backend.tests.test_phase1_features.TestProfitabilitySimulatorEndpoint" name="test_simulator_competition_levels" time="0.354" /><testcase classname="backend.tests.test_phase1_features.TestLaunchScoreBreakdownEndpoint" name="test_launch_score_breakdown_exists" time="0.232" /><testcase classname="backend.tests.test_phase1_features.TestLaunchScoreBreakdownEndpoint" name="test_launch_score_breakdown_has_7_signals" time="0.216" /><testcase classname="backend.tests.test_phase1_features.TestLaunchScoreBreakdownEndpoint" name="test_launch_score_component_structure" time="0.294" /><testcase classname="backend.tests.test_phase1_features.TestLaunchScoreBreakdownEndpoint" name="test_launch_score_has_formula" time="0.214" /><testcase classname="backend.tests.test_phase1_features.TestLaunchScoreBreakdownEndpoint" name="test_launch_score_has_summary" time="0.236" /><testcase classname="backend.tests.test_phase1_features.TestLaunchScoreBreakdownEndpoint" name="test_launch_score_404_for_invalid_product" time="0.099" /></testsuite></testsuites>