<?xml version="1.0" encoding="utf-8"?><testsuites name="pytest tests"><testsuite name="pytest" errors="0" failures="0" skipped="0" tests="14" time="10.654" timestamp="2026-03-12T13:10:02.160942+00:00" hostname="agent-env-8224266b-2d27-44a9-a253-5832fe5945f8"><testcase classname="backend.tests.test_phase_abcd_features.TestRadarAlertSystem" name="test_radar_scan_requires_auth" time="7.508" /><testcase classname="backend.tests.test_phase_abcd_features.TestRadarAlertSystem" name="test_radar_scan_with_admin" time="0.529" /><testcase classname="backend.tests.test_phase_abcd_features.TestRadarAlertSystem" name="test_radar_detections_endpoint" time="0.134" /><testcase classname="backend.tests.test_phase_abcd_features.TestRadarAlertSystem" name="test_radar_digest_endpoint" time="0.388" /><testcase classname="backend.tests.test_phase_abcd_features.TestOnboardingEndpoints" name="test_onboarding_status_endpoint" time="0.443" /><testcase classname="backend.tests.test_phase_abcd_features.TestOnboardingEndpoints" name="test_reset_onboarding" time="0.286" /><testcase classname="backend.tests.test_phase_abcd_features.TestOnboardingEndpoints" name="test_complete_onboarding_with_preferences" time="0.106" /><testcase classname="backend.tests.test_phase_abcd_features.TestOnboardingEndpoints" name="test_onboarding_status_after_completion" time="0.112" /><testcase classname="backend.tests.test_phase_abcd_features.TestLandingPageAPIs" name="test_public_featured_product" time="0.144" /><testcase classname="backend.tests.test_phase_abcd_features.TestLandingPageAPIs" name="test_products_api_returns_scores" time="0.120" /><testcase classname="backend.tests.test_phase_abcd_features.TestStripePlansForPricing" name="test_stripe_plans_returns_four_tiers" time="0.123" /><testcase classname="backend.tests.test_phase_abcd_features.TestStripePlansForPricing" name="test_plans_have_correct_gbp_prices" time="0.114" /><testcase classname="backend.tests.test_phase_abcd_features.TestAdminFeatureAccess" name="test_admin_has_elite_access" time="0.444" /><testcase classname="backend.tests.test_phase_abcd_features.TestAdminFeatureAccess" name="test_feature_access_for_elite_user" time="0.133" /></testsuite></testsuites>