<?xml version="1.0" encoding="utf-8"?><testsuites name="pytest tests"><testsuite name="pytest" errors="0" failures="0" skipped="0" tests="12" time="2.458" timestamp="2026-03-13T13:02:53.351544+00:00" hostname="agent-env-454c0bfa-8151-45a4-9565-98c9e4694d86"><testcase classname="backend.tests.test_phase3_analytics.TestAnalyticsEventTracking" name="test_post_event_with_session_and_page" time="0.256" /><testcase classname="backend.tests.test_phase3_analytics.TestAnalyticsEventTracking" name="test_post_event_without_event_field_fails" time="0.134" /><testcase classname="backend.tests.test_phase3_analytics.TestAnalyticsBatchTracking" name="test_post_batch_events" time="0.129" /><testcase classname="backend.tests.test_phase3_analytics.TestAnalyticsBatchTracking" name="test_post_batch_empty_array_fails" time="0.111" /><testcase classname="backend.tests.test_phase3_analytics.TestAnalyticsDashboardAuth" name="test_dashboard_without_auth_returns_401" time="0.120" /><testcase classname="backend.tests.test_phase3_analytics.TestAnalyticsDashboardAuth" name="test_funnel_without_auth_returns_401" time="0.111" /><testcase classname="backend.tests.test_phase3_analytics.TestAnalyticsDashboardAdmin" name="test_dashboard_returns_required_fields" time="0.530" /><testcase classname="backend.tests.test_phase3_analytics.TestAnalyticsDashboardAdmin" name="test_funnel_returns_required_fields" time="0.477" /><testcase classname="backend.tests.test_phase3_analytics.TestGZipCompression" name="test_gzip_compression_on_large_response" time="0.125" /><testcase classname="backend.tests.test_phase3_analytics.TestGZipCompression" name="test_api_health_accepts_gzip" time="0.119" /><testcase classname="backend.tests.test_phase3_analytics.TestLandingPageAnalytics" name="test_track_page_view_event" time="0.121" /><testcase classname="backend.tests.test_phase3_analytics.TestLandingPageAnalytics" name="test_track_signup_click_event" time="0.123" /></testsuite></testsuites>