<?xml version="1.0" encoding="utf-8"?><testsuites name="pytest tests"><testsuite name="pytest" errors="0" failures="0" skipped="0" tests="19" time="9.041" timestamp="2026-03-16T18:13:45.483435+00:00" hostname="agent-env-bad92867-9df1-4804-ab3b-d57efc47e532"><testcase classname="backend.tests.test_phase2_features.TestAdSpyEnhanced" name="test_discover_ads_returns_categories" time="0.306" /><testcase classname="backend.tests.test_phase2_features.TestAdSpyEnhanced" name="test_save_ad_requires_auth" time="0.120" /><testcase classname="backend.tests.test_phase2_features.TestAdSpyEnhanced" name="test_save_ad_success" time="0.606" /><testcase classname="backend.tests.test_phase2_features.TestAdSpyEnhanced" name="test_get_saved_ads_requires_auth" time="0.165" /><testcase classname="backend.tests.test_phase2_features.TestAdSpyEnhanced" name="test_get_saved_ads_success" time="0.158" /><testcase classname="backend.tests.test_phase2_features.TestAdSpyEnhanced" name="test_delete_saved_ad" time="0.261" /><testcase classname="backend.tests.test_phase2_features.TestAdSpyEnhanced" name="test_save_and_unsave_flow" time="0.714" /><testcase classname="backend.tests.test_phase2_features.TestCompetitorIntelligence" name="test_analyze_store_requires_auth" time="0.126" /><testcase classname="backend.tests.test_phase2_features.TestCompetitorIntelligence" name="test_analyze_store_success" time="1.502" /><testcase classname="backend.tests.test_phase2_features.TestCompetitorIntelligence" name="test_analyze_store_pricing_fields" time="0.850" /><testcase classname="backend.tests.test_phase2_features.TestCompetitorIntelligence" name="test_analyze_store_supplier_risk" time="0.327" /><testcase classname="backend.tests.test_phase2_features.TestCompetitorIntelligence" name="test_analyze_store_invalid_url" time="0.224" /><testcase classname="backend.tests.test_phase2_features.TestCompetitorIntelligence" name="test_compare_stores_requires_auth" time="0.111" /><testcase classname="backend.tests.test_phase2_features.TestCompetitorIntelligence" name="test_compare_stores_success" time="0.866" /><testcase classname="backend.tests.test_phase2_features.TestCompetitorIntelligence" name="test_compare_stores_needs_two_urls" time="0.188" /><testcase classname="backend.tests.test_phase2_features.TestCompetitorIntelligence" name="test_get_history_requires_auth" time="0.131" /><testcase classname="backend.tests.test_phase2_features.TestCompetitorIntelligence" name="test_get_history_success" time="0.291" /><testcase classname="backend.tests.test_phase2_features.TestPhase2Integration" name="test_ad_spy_full_flow" time="0.891" /><testcase classname="backend.tests.test_phase2_features.TestPhase2Integration" name="test_competitor_intel_full_flow" time="1.092" /></testsuite></testsuites>