<?xml version="1.0" encoding="utf-8"?><testsuites name="pytest tests"><testsuite name="pytest" errors="0" failures="0" skipped="0" tests="21" time="7.840" timestamp="2026-03-16T19:29:59.852527+00:00" hostname="agent-env-bad92867-9df1-4804-ab3b-d57efc47e532"><testcase classname="backend.tests.test_phase3_features.TestAuth" name="test_login_works" time="0.565" /><testcase classname="backend.tests.test_phase3_features.TestRadarWatches" name="test_create_watch" time="0.555" /><testcase classname="backend.tests.test_phase3_features.TestRadarWatches" name="test_get_watches" time="0.173" /><testcase classname="backend.tests.test_phase3_features.TestRadarWatches" name="test_toggle_watch" time="0.645" /><testcase classname="backend.tests.test_phase3_features.TestRadarWatches" name="test_delete_watch" time="0.602" /><testcase classname="backend.tests.test_phase3_features.TestRadarWatches" name="test_cleanup_test_watches" time="0.304" /><testcase classname="backend.tests.test_phase3_features.TestRadarLiveEvents" name="test_get_live_events" time="0.523" /><testcase classname="backend.tests.test_phase3_features.TestRadarLiveEvents" name="test_live_events_require_auth" time="0.157" /><testcase classname="backend.tests.test_phase3_features.TestVerifiedWinners" name="test_get_verified_winners_public" time="0.168" /><testcase classname="backend.tests.test_phase3_features.TestVerifiedWinners" name="test_get_winners_with_sort" time="0.503" /><testcase classname="backend.tests.test_phase3_features.TestVerifiedWinners" name="test_submit_winner_requires_auth" time="0.715" /><testcase classname="backend.tests.test_phase3_features.TestVerifiedWinners" name="test_submit_winner" time="0.238" /><testcase classname="backend.tests.test_phase3_features.TestVerifiedWinners" name="test_get_my_submissions" time="0.148" /><testcase classname="backend.tests.test_phase3_features.TestVerifiedWinners" name="test_upvote_requires_auth" time="0.123" /><testcase classname="backend.tests.test_phase3_features.TestVerifiedWinnersAdmin" name="test_verify_requires_admin" time="0.580" /><testcase classname="backend.tests.test_phase3_features.TestShopifyPush" name="test_push_product_requires_auth" time="0.595" /><testcase classname="backend.tests.test_phase3_features.TestShopifyPush" name="test_push_product_no_connection" time="0.135" /><testcase classname="backend.tests.test_phase3_features.TestShopifyPush" name="test_push_requires_product_id" time="0.186" /><testcase classname="backend.tests.test_phase3_features.TestShopifyPush" name="test_get_exports" time="0.149" /><testcase classname="backend.tests.test_phase3_features.TestShopifyPush" name="test_exports_requires_auth" time="0.126" /><testcase classname="backend.tests.test_phase3_features.TestProductSearch" name="test_product_search" time="0.558" /></testsuite></testsuites>