<?xml version="1.0" encoding="utf-8"?><testsuites name="pytest tests"><testsuite name="pytest" errors="0" failures="0" skipped="0" tests="6" time="4.326" timestamp="2026-03-19T20:42:17.765788+00:00" hostname="agent-env-a2056aa4-9417-4e31-bbda-049b4fa67b83"><testcase classname="backend.tests.test_phase3_cro_leads.TestLeadCaptureAPI" name="test_valid_email_capture" time="3.300" /><testcase classname="backend.tests.test_phase3_cro_leads.TestLeadCaptureAPI" name="test_invalid_email_missing_at" time="0.289" /><testcase classname="backend.tests.test_phase3_cro_leads.TestLeadCaptureAPI" name="test_empty_email" time="0.170" /><testcase classname="backend.tests.test_phase3_cro_leads.TestLeadCaptureAPI" name="test_whitespace_only_email" time="0.168" /><testcase classname="backend.tests.test_phase3_cro_leads.TestLeadCaptureAPI" name="test_lead_capture_with_source_and_context" time="0.178" /><testcase classname="backend.tests.test_phase3_cro_leads.TestLeadCaptureAPI" name="test_lead_capture_minimal_payload" time="0.109" /></testsuite></testsuites>