<?xml version="1.0" encoding="utf-8"?><testsuites name="pytest tests"><testsuite name="pytest" errors="0" failures="2" skipped="14" tests="19" time="9.653" timestamp="2026-03-13T20:53:56.351642+00:00" hostname="agent-env-b50d0dec-0792-4114-b082-ef48abe05d6f"><testcase classname="backend.tests.test_platform_connections.TestConnectionsPlatforms" name="test_get_supported_platforms" time="0.261" /><testcase classname="backend.tests.test_platform_connections.TestAuthenticatedConnections" name="test_get_user_connections" time="0.353"><skipped type="pytest.skip" message="No access token received - skipping authenticated tests">/app/backend/tests/test_platform_connections.py:88: No access token received - skipping authenticated tests</skipped></testcase><testcase classname="backend.tests.test_platform_connections.TestAuthenticatedConnections" name="test_connect_woocommerce_store" time="0.341"><skipped type="pytest.skip" message="No access token received - skipping authenticated tests">/app/backend/tests/test_platform_connections.py:101: No access token received - skipping authenticated tests</skipped></testcase><testcase classname="backend.tests.test_platform_connections.TestAuthenticatedConnections" name="test_connect_etsy_store" time="0.352"><skipped type="pytest.skip" message="No access token received - skipping authenticated tests">/app/backend/tests/test_platform_connections.py:120: No access token received - skipping authenticated tests</skipped></testcase><testcase classname="backend.tests.test_platform_connections.TestAuthenticatedConnections" name="test_connect_meta_ads" time="0.333"><skipped type="pytest.skip" message="No access token received - skipping authenticated tests">/app/backend/tests/test_platform_connections.py:138: No access token received - skipping authenticated tests</skipped></testcase><testcase classname="backend.tests.test_platform_connections.TestAuthenticatedConnections" name="test_connect_tiktok_ads" time="0.411"><skipped type="pytest.skip" message="No access token received - skipping authenticated tests">/app/backend/tests/test_platform_connections.py:157: No access token received - skipping authenticated tests</skipped></testcase><testcase classname="backend.tests.test_platform_connections.TestAuthenticatedConnections" name="test_connect_google_ads" time="0.343"><skipped type="pytest.skip" message="No access token received - skipping authenticated tests">/app/backend/tests/test_platform_connections.py:174: No access token received - skipping authenticated tests</skipped></testcase><testcase classname="backend.tests.test_platform_connections.TestAuthenticatedConnections" name="test_verify_all_connections" time="0.355"><skipped type="pytest.skip" message="No access token received - skipping authenticated tests">/app/backend/tests/test_platform_connections.py:191: No access token received - skipping authenticated tests</skipped></testcase><testcase classname="backend.tests.test_platform_connections.TestAuthenticatedConnections" name="test_connect_unsupported_platform" time="0.419"><skipped type="pytest.skip" message="No access token received - skipping authenticated tests">/app/backend/tests/test_platform_connections.py:207: No access token received - skipping authenticated tests</skipped></testcase><testcase classname="backend.tests.test_platform_connections.TestAuthenticatedConnections" name="test_disconnect_woocommerce" time="0.343"><skipped type="pytest.skip" message="No access token received - skipping authenticated tests">/app/backend/tests/test_platform_connections.py:222: No access token received - skipping authenticated tests</skipped></testcase><testcase classname="backend.tests.test_platform_connections.TestAuthenticatedConnections" name="test_disconnect_etsy" time="0.334"><skipped type="pytest.skip" message="No access token received - skipping authenticated tests">/app/backend/tests/test_platform_connections.py:234: No access token received - skipping authenticated tests</skipped></testcase><testcase classname="backend.tests.test_platform_connections.TestAuthenticatedConnections" name="test_disconnect_meta_ads" time="0.337"><skipped type="pytest.skip" message="No access token received - skipping authenticated tests">/app/backend/tests/test_platform_connections.py:240: No access token received - skipping authenticated tests</skipped></testcase><testcase classname="backend.tests.test_platform_connections.TestAuthenticatedConnections" name="test_disconnect_tiktok_ads" time="0.348"><skipped type="pytest.skip" message="No access token received - skipping authenticated tests">/app/backend/tests/test_platform_connections.py:246: No access token received - skipping authenticated tests</skipped></testcase><testcase classname="backend.tests.test_platform_connections.TestAuthenticatedConnections" name="test_disconnect_google_ads" time="0.335"><skipped type="pytest.skip" message="No access token received - skipping authenticated tests">/app/backend/tests/test_platform_connections.py:252: No access token received - skipping authenticated tests</skipped></testcase><testcase classname="backend.tests.test_platform_connections.TestAutoPublishAndPost" name="test_auto_publish_requires_store_connection" time="0.820"><failure message="assert 401 in [400, 404]&#10; +  where 401 = &lt;Response [401]&gt;.status_code">backend/tests/test_platform_connections.py:310: in test_auto_publish_requires_store_connection
    assert response.status_code in [400, 404]
E   assert 401 in [400, 404]
E    +  where 401 = &lt;Response [401]&gt;.status_code</failure></testcase><testcase classname="backend.tests.test_platform_connections.TestAutoPublishAndPost" name="test_auto_post_ads_requires_ad_connection" time="0.856"><failure message="assert 401 in [400, 404]&#10; +  where 401 = &lt;Response [401]&gt;.status_code">backend/tests/test_platform_connections.py:322: in test_auto_post_ads_requires_ad_connection
    assert response.status_code in [400, 404]
E   assert 401 in [400, 404]
E    +  where 401 = &lt;Response [401]&gt;.status_code</failure></testcase><testcase classname="backend.tests.test_platform_connections.TestAutoPublishAndPost" name="test_auto_publish_with_store_connected" time="0.769"><skipped type="pytest.skip" message="No stores available for testing">/app/backend/tests/test_platform_connections.py:330: No stores available for testing</skipped></testcase><testcase classname="backend.tests.test_platform_connections.TestAutoPublishAndPost" name="test_auto_post_ads_with_ad_connected" time="0.997" /><testcase classname="backend.tests.test_platform_connections.TestConnectionsCleanup" name="test_cleanup_test_connections" time="1.198" /></testsuite></testsuites>