<?xml version="1.0" encoding="utf-8"?><testsuites name="pytest tests"><testsuite name="pytest" errors="0" failures="0" skipped="0" tests="11" time="2.010" timestamp="2026-03-10T20:54:16.974416+00:00" hostname="agent-env-9476d891-585c-49dc-a165-a94cd3a57d66"><testcase classname="backend.tests.test_potw.TestProductOfTheWeekEndpoint" name="test_potw_endpoint_returns_200" time="0.274" /><testcase classname="backend.tests.test_potw.TestProductOfTheWeekEndpoint" name="test_potw_has_featured_product" time="0.139" /><testcase classname="backend.tests.test_potw.TestProductOfTheWeekEndpoint" name="test_potw_product_has_launch_score" time="0.136" /><testcase classname="backend.tests.test_potw.TestProductOfTheWeekEndpoint" name="test_potw_product_has_required_fields" time="0.114" /><testcase classname="backend.tests.test_potw.TestProductOfTheWeekEndpoint" name="test_potw_has_runners_up_array" time="0.110" /><testcase classname="backend.tests.test_potw.TestProductOfTheWeekEndpoint" name="test_potw_has_week_of_field" time="0.132" /><testcase classname="backend.tests.test_potw.TestSendProductOfTheWeekEndpoint" name="test_send_potw_requires_api_key" time="0.170" /><testcase classname="backend.tests.test_potw.TestSendProductOfTheWeekEndpoint" name="test_send_potw_rejects_invalid_api_key" time="0.133" /><testcase classname="backend.tests.test_potw.TestSendProductOfTheWeekEndpoint" name="test_send_potw_accepts_valid_api_key" time="0.668" /><testcase classname="backend.tests.test_potw.TestEmailBranding" name="test_email_service_uses_trendscout_branding" time="0.000" /><testcase classname="backend.tests.test_potw.TestEmailBranding" name="test_weekly_digest_branding" time="0.000" /></testsuite></testsuites>