<?xml version="1.0" encoding="utf-8"?><testsuites name="pytest tests"><testsuite name="pytest" errors="0" failures="0" skipped="0" tests="19" time="8.333" timestamp="2026-03-13T16:45:48.856083+00:00" hostname="agent-env-b50d0dec-0792-4114-b082-ef48abe05d6f"><testcase classname="tests.test_pricing_launch.TestHealthCheck" name="test_api_health" time="1.643" /><testcase classname="tests.test_pricing_launch.TestPricingPlans" name="test_plans_endpoint_returns_correct_plans" time="0.182" /><testcase classname="tests.test_pricing_launch.TestPricingPlans" name="test_free_plan_pricing" time="0.132" /><testcase classname="tests.test_pricing_launch.TestPricingPlans" name="test_starter_plan_pricing" time="0.120" /><testcase classname="tests.test_pricing_launch.TestPricingPlans" name="test_pro_plan_pricing" time="0.163" /><testcase classname="tests.test_pricing_launch.TestPricingPlans" name="test_elite_plan_pricing" time="0.161" /><testcase classname="tests.test_pricing_launch.TestPricingPlans" name="test_no_growth_plan_exists" time="0.177" /><testcase classname="tests.test_pricing_launch.TestAuthLogin" name="test_admin_login_success" time="0.361" /><testcase classname="tests.test_pricing_launch.TestAuthLogin" name="test_test_user_login_success" time="0.356" /><testcase classname="tests.test_pricing_launch.TestAuthLogin" name="test_login_invalid_credentials" time="0.139" /><testcase classname="tests.test_pricing_launch.TestFeatureAccess" name="test_admin_gets_elite_access" time="0.535" /><testcase classname="tests.test_pricing_launch.TestFeatureAccess" name="test_feature_access_requires_auth" time="0.116" /><testcase classname="tests.test_pricing_launch.TestCheckoutSession" name="test_admin_cannot_checkout" time="0.445" /><testcase classname="tests.test_pricing_launch.TestCheckoutSession" name="test_starter_checkout_session" time="0.946" /><testcase classname="tests.test_pricing_launch.TestCheckoutSession" name="test_pro_checkout_session" time="0.836" /><testcase classname="tests.test_pricing_launch.TestCheckoutSession" name="test_elite_checkout_session" time="0.855" /><testcase classname="tests.test_pricing_launch.TestCheckoutSession" name="test_free_plan_checkout_rejected" time="0.472" /><testcase classname="tests.test_pricing_launch.TestCheckoutSession" name="test_invalid_plan_checkout_rejected" time="0.478" /><testcase classname="tests.test_pricing_launch.TestCheckoutSession" name="test_checkout_requires_auth" time="0.132" /></testsuite></testsuites>