<?xml version="1.0" encoding="utf-8"?><testsuites name="pytest tests"><testsuite name="pytest" errors="0" failures="0" skipped="0" tests="11" time="5.718" timestamp="2026-03-13T19:00:30.257037+00:00" hostname="agent-env-b50d0dec-0792-4114-b082-ef48abe05d6f"><testcase classname="backend.tests.test_product_validation_fix.TestProductValidationFix" name="test_complete_analysis_not_insufficient_data" time="1.537" /><testcase classname="backend.tests.test_product_validation_fix.TestProductValidationFix" name="test_recommendation_label_not_insufficient" time="0.136" /><testcase classname="backend.tests.test_product_validation_fix.TestProductValidationFix" name="test_strengths_array_populated" time="0.161" /><testcase classname="backend.tests.test_product_validation_fix.TestProductValidationFix" name="test_weaknesses_no_missing_data" time="0.542" /><testcase classname="backend.tests.test_product_validation_fix.TestProductValidationFix" name="test_confidence_above_minimum" time="0.349" /><testcase classname="backend.tests.test_product_validation_fix.TestProductValidationFix" name="test_success_probability_above_zero" time="0.499" /><testcase classname="backend.tests.test_product_validation_fix.TestProductValidationFix" name="test_multiple_products_have_valid_recommendations" time="0.665" /><testcase classname="backend.tests.test_product_validation_fix.TestProductValidationFix" name="test_validation_details_have_signals" time="0.130" /><testcase classname="backend.tests.test_product_validation_fix.TestValidateEndpoint" name="test_validate_endpoint_returns_recommendation" time="0.501" /><testcase classname="backend.tests.test_product_validation_fix.TestTrendAnalysisEndpoint" name="test_trend_analysis_uses_view_growth_rate" time="0.604" /><testcase classname="backend.tests.test_product_validation_fix.TestSuccessPredictionEndpoint" name="test_success_prediction_uses_fallback_fields" time="0.528" /></testsuite></testsuites>