<?xml version="1.0" encoding="utf-8"?><testsuites name="pytest tests"><testsuite name="pytest" errors="0" failures="0" skipped="0" tests="21" time="9.168" timestamp="2026-03-29T04:18:03.621925+00:00" hostname="agent-env-5ecae0bb-b83f-44f3-bbe3-3a66884e34e6"><testcase classname="backend.tests.test_product_alerts.TestProductAlertsAPI" name="test_get_categories_requires_auth" time="4.969" /><testcase classname="backend.tests.test_product_alerts.TestProductAlertsAPI" name="test_get_categories_with_auth" time="0.112" /><testcase classname="backend.tests.test_product_alerts.TestProductAlertsAPI" name="test_list_subscriptions_requires_auth" time="0.132" /><testcase classname="backend.tests.test_product_alerts.TestProductAlertsAPI" name="test_list_subscriptions_with_auth" time="0.111" /><testcase classname="backend.tests.test_product_alerts.TestProductAlertsAPI" name="test_create_subscription_requires_auth" time="0.104" /><testcase classname="backend.tests.test_product_alerts.TestProductAlertsAPI" name="test_create_subscription_success" time="0.223" /><testcase classname="backend.tests.test_product_alerts.TestProductAlertsAPI" name="test_create_subscription_validates_categories" time="0.123" /><testcase classname="backend.tests.test_product_alerts.TestProductAlertsAPI" name="test_create_subscription_validates_min_score_range" time="0.228" /><testcase classname="backend.tests.test_product_alerts.TestProductAlertsAPI" name="test_toggle_subscription" time="0.477" /><testcase classname="backend.tests.test_product_alerts.TestProductAlertsAPI" name="test_toggle_nonexistent_subscription" time="0.109" /><testcase classname="backend.tests.test_product_alerts.TestProductAlertsAPI" name="test_update_subscription" time="0.334" /><testcase classname="backend.tests.test_product_alerts.TestProductAlertsAPI" name="test_update_nonexistent_subscription" time="0.107" /><testcase classname="backend.tests.test_product_alerts.TestProductAlertsAPI" name="test_delete_subscription" time="0.338" /><testcase classname="backend.tests.test_product_alerts.TestProductAlertsAPI" name="test_delete_nonexistent_subscription" time="0.111" /><testcase classname="backend.tests.test_product_alerts.TestProductAlertsAPI" name="test_get_history_requires_auth" time="0.103" /><testcase classname="backend.tests.test_product_alerts.TestProductAlertsAPI" name="test_get_history_with_auth" time="0.103" /><testcase classname="backend.tests.test_product_alerts.TestProductAlertsAPI" name="test_get_history_with_limit" time="0.109" /><testcase classname="backend.tests.test_product_alerts.TestProductAlertsPlanGating" name="test_unauthenticated_blocked" time="0.106" /><testcase classname="backend.tests.test_product_alerts.TestProductAlertsDataPersistence" name="test_create_and_verify_persistence" time="0.357" /><testcase classname="backend.tests.test_product_alerts.TestProductAlertsDataPersistence" name="test_update_and_verify_persistence" time="0.475" /><testcase classname="backend.tests.test_product_alerts.TestProductAlertsDataPersistence" name="test_delete_and_verify_removal" time="0.345" /></testsuite></testsuites>