<?xml version="1.0" encoding="utf-8"?><testsuites name="pytest tests"><testsuite name="pytest" errors="0" failures="0" skipped="0" tests="25" time="3.830" timestamp="2026-03-14T09:45:31.658687+00:00" hostname="agent-env-b3857465-ad35-439e-a0bf-95ca1aa64793"><testcase classname="backend.tests.test_programmatic_seo.TestSeoTrendingToday" name="test_trending_today_returns_200" time="0.291" /><testcase classname="backend.tests.test_programmatic_seo.TestSeoTrendingToday" name="test_trending_today_has_correct_structure" time="0.150" /><testcase classname="backend.tests.test_programmatic_seo.TestSeoTrendingToday" name="test_trending_today_products_have_required_fields" time="0.108" /><testcase classname="backend.tests.test_programmatic_seo.TestSeoTrendingThisWeek" name="test_trending_this_week_returns_200" time="0.253" /><testcase classname="backend.tests.test_programmatic_seo.TestSeoTrendingThisWeek" name="test_trending_this_week_has_correct_structure" time="0.140" /><testcase classname="backend.tests.test_programmatic_seo.TestSeoTrendingThisMonth" name="test_trending_this_month_returns_200" time="0.115" /><testcase classname="backend.tests.test_programmatic_seo.TestSeoTrendingThisMonth" name="test_trending_this_month_has_correct_structure" time="0.105" /><testcase classname="backend.tests.test_programmatic_seo.TestSeoCategoryPage" name="test_category_page_returns_200_for_valid_category" time="0.211" /><testcase classname="backend.tests.test_programmatic_seo.TestSeoCategoryPage" name="test_category_page_has_correct_structure" time="0.214" /><testcase classname="backend.tests.test_programmatic_seo.TestSeoCategoryPage" name="test_category_page_404_for_invalid_category" time="0.097" /><testcase classname="backend.tests.test_programmatic_seo.TestSeoAllCategories" name="test_all_categories_returns_200" time="0.098" /><testcase classname="backend.tests.test_programmatic_seo.TestSeoAllCategories" name="test_all_categories_returns_array_with_required_fields" time="0.140" /><testcase classname="backend.tests.test_programmatic_seo.TestSitemapUpgrade" name="test_sitemap_includes_trending_today" time="0.104" /><testcase classname="backend.tests.test_programmatic_seo.TestSitemapUpgrade" name="test_sitemap_includes_trending_this_week" time="0.104" /><testcase classname="backend.tests.test_programmatic_seo.TestSitemapUpgrade" name="test_sitemap_includes_trending_this_month" time="0.105" /><testcase classname="backend.tests.test_programmatic_seo.TestSitemapUpgrade" name="test_sitemap_includes_category_pages" time="0.103" /><testcase classname="backend.tests.test_programmatic_seo.TestSitemapUpgrade" name="test_sitemap_url_count" time="0.102" /><testcase classname="backend.tests.test_programmatic_seo.TestProductDataForStructuredData" name="test_product_has_pricing_for_offers_schema" time="0.215" /><testcase classname="backend.tests.test_programmatic_seo.TestProductDataForStructuredData" name="test_product_has_category_for_breadcrumb" time="0.213" /><testcase classname="backend.tests.test_programmatic_seo.TestProductDataForStructuredData" name="test_product_has_image_url" time="0.208" /><testcase classname="backend.tests.test_programmatic_seo.TestInternalLinkingData" name="test_trending_products_have_slug_for_linking" time="0.107" /><testcase classname="backend.tests.test_programmatic_seo.TestInternalLinkingData" name="test_trending_products_have_category_for_linking" time="0.104" /><testcase classname="backend.tests.test_programmatic_seo.TestInternalLinkingData" name="test_category_products_have_slug" time="0.201" /><testcase classname="backend.tests.test_programmatic_seo.TestCrossEndpointConsistency" name="test_product_count_matches" time="0.109" /><testcase classname="backend.tests.test_programmatic_seo.TestCrossEndpointConsistency" name="test_categories_have_unique_slugs" time="0.098" /></testsuite></testsuites>