<?xml version="1.0" encoding="utf-8"?><testsuites name="pytest tests"><testsuite name="pytest" errors="0" failures="0" skipped="0" tests="12" time="3.434" timestamp="2026-03-12T14:08:35.110917+00:00" hostname="agent-env-8224266b-2d27-44a9-a253-5832fe5945f8"><testcase classname="tests.test_public_seo.TestPublicTrendingProductsAPI" name="test_trending_products_returns_200" time="1.465" /><testcase classname="tests.test_public_seo.TestPublicTrendingProductsAPI" name="test_trending_products_structure" time="0.116" /><testcase classname="tests.test_public_seo.TestPublicTrendingProductsAPI" name="test_trending_products_fields" time="0.135" /><testcase classname="tests.test_public_seo.TestPublicTrendingProductsAPI" name="test_trending_products_returns_reasonable_count" time="0.139" /><testcase classname="tests.test_public_seo.TestPublicTrendingProductsAPI" name="test_trending_products_no_auth_required" time="0.126" /><testcase classname="tests.test_public_seo.TestPublicProductDetailAPI" name="test_product_detail_returns_200" time="0.231" /><testcase classname="tests.test_public_seo.TestPublicProductDetailAPI" name="test_product_detail_structure" time="0.135" /><testcase classname="tests.test_public_seo.TestPublicProductDetailAPI" name="test_product_detail_related_products" time="0.171" /><testcase classname="tests.test_public_seo.TestPublicProductDetailAPI" name="test_product_detail_404_for_invalid_slug" time="0.147" /><testcase classname="tests.test_public_seo.TestPublicProductDetailAPI" name="test_product_detail_no_auth_required" time="0.143" /><testcase classname="tests.test_public_seo.TestCaching" name="test_caching_performance" time="0.429" /><testcase classname="tests.test_public_seo.TestHealthEndpoint" name="test_health_check" time="0.132" /></testsuite></testsuites>