<?xml version="1.0" encoding="utf-8"?><testsuites name="pytest tests"><testsuite name="pytest" errors="0" failures="0" skipped="0" tests="22" time="3.015" timestamp="2026-03-09T22:55:55.062261+00:00" hostname="agent-env-6d98e32a-caa6-4ab5-9387-36b6ebdaef5c"><testcase classname="tests.test_viralscout_api.TestHealth" name="test_health_endpoint" time="0.117" /><testcase classname="tests.test_viralscout_api.TestHealth" name="test_root_endpoint" time="0.113" /><testcase classname="tests.test_viralscout_api.TestProductsAPI" name="test_get_products" time="0.114" /><testcase classname="tests.test_viralscout_api.TestProductsAPI" name="test_get_products_with_filters" time="0.132" /><testcase classname="tests.test_viralscout_api.TestProductsAPI" name="test_get_products_with_search" time="0.115" /><testcase classname="tests.test_viralscout_api.TestProductsAPI" name="test_get_products_sorted" time="0.110" /><testcase classname="tests.test_viralscout_api.TestProductsAPI" name="test_create_product_with_automation" time="0.233" /><testcase classname="tests.test_viralscout_api.TestProductsAPI" name="test_get_single_product" time="0.263" /><testcase classname="tests.test_viralscout_api.TestProductsAPI" name="test_get_nonexistent_product" time="0.172" /><testcase classname="tests.test_viralscout_api.TestAlertsAPI" name="test_get_alerts" time="0.108" /><testcase classname="tests.test_viralscout_api.TestAlertsAPI" name="test_get_alerts_unread_only" time="0.120" /><testcase classname="tests.test_viralscout_api.TestAlertsAPI" name="test_mark_alert_read" time="0.233" /><testcase classname="tests.test_viralscout_api.TestAutomationAPI" name="test_get_automation_stats" time="0.109" /><testcase classname="tests.test_viralscout_api.TestAutomationAPI" name="test_get_automation_logs" time="0.118" /><testcase classname="tests.test_viralscout_api.TestAutomationAPI" name="test_run_automation_full_pipeline" time="0.119" /><testcase classname="tests.test_viralscout_api.TestAutomationAPI" name="test_scheduled_daily_automation_with_api_key" time="0.117" /><testcase classname="tests.test_viralscout_api.TestAutomationAPI" name="test_scheduled_daily_automation_without_api_key" time="0.124" /><testcase classname="tests.test_viralscout_api.TestAutomationAPI" name="test_scheduled_daily_automation_invalid_key" time="0.099" /><testcase classname="tests.test_viralscout_api.TestStripeAPI" name="test_create_checkout_session_demo_mode" time="0.114" /><testcase classname="tests.test_viralscout_api.TestStripeAPI" name="test_create_portal_session_demo_mode" time="0.110" /><testcase classname="tests.test_viralscout_api.TestStripeAPI" name="test_cancel_subscription_demo_mode" time="0.106" /><testcase classname="tests.test_viralscout_api.TestStripeAPI" name="test_stripe_webhook_demo_mode" time="0.115" /></testsuite></testsuites>