<?xml version="1.0" encoding="utf-8"?><testsuites name="pytest tests"><testsuite name="pytest" errors="0" failures="0" skipped="0" tests="7" time="32.655" timestamp="2026-03-13T19:34:24.740474+00:00" hostname="agent-env-b50d0dec-0792-4114-b082-ef48abe05d6f"><testcase classname="tests.test_quick_launch_flow.TestQuickLaunchFlowAPIs" name="test_products_endpoint_returns_data_for_quick_launch" time="2.572" /><testcase classname="tests.test_quick_launch_flow.TestQuickLaunchFlowAPIs" name="test_products_have_price_data_for_margin_calculation" time="0.486" /><testcase classname="tests.test_quick_launch_flow.TestQuickLaunchFlowAPIs" name="test_store_launch_endpoint_exists" time="0.568" /><testcase classname="tests.test_quick_launch_flow.TestQuickLaunchFlowAPIs" name="test_ad_creative_generate_endpoint_exists" time="27.151" /><testcase classname="tests.test_quick_launch_flow.TestQuickLaunchFlowAPIs" name="test_suppliers_endpoint_returns_prices" time="0.673" /><testcase classname="tests.test_quick_launch_flow.TestQuickLaunchFlowAPIs" name="test_alerts_endpoint_returns_severity" time="1.011" /><testcase classname="tests.test_quick_launch_flow.TestHealthEndpoint" name="test_backend_health" time="0.137" /></testsuite></testsuites>