<?xml version="1.0" encoding="utf-8"?><testsuites name="pytest tests"><testsuite name="pytest" errors="0" failures="0" skipped="0" tests="8" time="30.682" timestamp="2026-03-21T20:00:20.371497+00:00" hostname="agent-env-403f6501-4fd4-43ad-946e-30e17000aeb2"><testcase classname="backend.tests.test_quick_viability_api.TestQuickViabilityAPI" name="test_valid_product_name_returns_viability_data" time="19.216" /><testcase classname="backend.tests.test_quick_viability_api.TestQuickViabilityAPI" name="test_empty_product_name_returns_400" time="0.213" /><testcase classname="backend.tests.test_quick_viability_api.TestQuickViabilityAPI" name="test_too_short_product_name_returns_400" time="0.165" /><testcase classname="backend.tests.test_quick_viability_api.TestQuickViabilityAPI" name="test_whitespace_only_product_name_returns_400" time="0.174" /><testcase classname="backend.tests.test_quick_viability_api.TestQuickViabilityAPI" name="test_missing_product_name_field_returns_400" time="0.105" /><testcase classname="backend.tests.test_quick_viability_api.TestQuickViabilityAPI" name="test_product_name_with_special_characters" time="5.299" /><testcase classname="backend.tests.test_quick_viability_api.TestQuickViabilityAPI" name="test_no_auth_required" time="5.286" /><testcase classname="backend.tests.test_quick_viability_api.TestTrendingProductsAPI" name="test_trending_products_returns_data" time="0.157" /></testsuite></testsuites>