<?xml version="1.0" encoding="utf-8"?><testsuites name="pytest tests"><testsuite name="pytest" errors="0" failures="0" skipped="0" tests="20" time="4.543" timestamp="2026-03-13T22:07:22.240862+00:00" hostname="agent-env-53c95710-00ad-4f6c-8971-324fbc7d9235"><testcase classname="tests.test_rate_limit_and_platform_integrations.TestRateLimitMiddleware" name="test_rate_limit_headers_on_authenticated_requests" time="0.560" /><testcase classname="tests.test_rate_limit_and_platform_integrations.TestRateLimitMiddleware" name="test_elite_user_has_600_limit" time="0.131" /><testcase classname="tests.test_rate_limit_and_platform_integrations.TestRateLimitMiddleware" name="test_rate_limit_remaining_decreases" time="0.328" /><testcase classname="tests.test_rate_limit_and_platform_integrations.TestRateLimitMiddleware" name="test_health_endpoint_exempt_from_rate_limiting" time="0.162" /><testcase classname="tests.test_rate_limit_and_platform_integrations.TestRateLimitMiddleware" name="test_scoring_methodology_exempt_from_rate_limiting" time="0.136" /><testcase classname="tests.test_rate_limit_and_platform_integrations.TestRateLimitMiddleware" name="test_auth_login_exempt_from_rate_limiting" time="0.362" /><testcase classname="tests.test_rate_limit_and_platform_integrations.TestPlatformIntegrationsEndpoints" name="test_platforms_endpoint_includes_all_stores" time="0.212" /><testcase classname="tests.test_rate_limit_and_platform_integrations.TestPlatformIntegrationsEndpoints" name="test_etsy_config_has_store_url_field" time="0.127" /><testcase classname="tests.test_rate_limit_and_platform_integrations.TestPlatformIntegrationsEndpoints" name="test_bigcommerce_config_has_correct_fields" time="0.176" /><testcase classname="tests.test_rate_limit_and_platform_integrations.TestPlatformIntegrationsEndpoints" name="test_squarespace_config_has_correct_fields" time="0.147" /><testcase classname="tests.test_rate_limit_and_platform_integrations.TestPlatformIntegrationsEndpoints" name="test_connect_etsy_store_endpoint" time="0.582" /><testcase classname="tests.test_rate_limit_and_platform_integrations.TestPlatformIntegrationsEndpoints" name="test_connect_bigcommerce_store_endpoint" time="0.131" /><testcase classname="tests.test_rate_limit_and_platform_integrations.TestPlatformIntegrationsEndpoints" name="test_connect_squarespace_store_endpoint" time="0.136" /><testcase classname="tests.test_rate_limit_and_platform_integrations.TestPlatformIntegrationsEndpoints" name="test_invalid_platform_rejected" time="0.148" /><testcase classname="tests.test_rate_limit_and_platform_integrations.TestScoringMethodology" name="test_scoring_methodology_returns_7_signals" time="0.139" /><testcase classname="tests.test_rate_limit_and_platform_integrations.TestPlatformIntegrationFunctions" name="test_publish_to_etsy_function_exists" time="0.057" /><testcase classname="tests.test_rate_limit_and_platform_integrations.TestPlatformIntegrationFunctions" name="test_publish_to_bigcommerce_function_exists" time="0.000" /><testcase classname="tests.test_rate_limit_and_platform_integrations.TestPlatformIntegrationFunctions" name="test_publish_to_squarespace_function_exists" time="0.000" /><testcase classname="tests.test_rate_limit_and_platform_integrations.TestConnectionsEndpointRouting" name="test_get_user_connections_includes_new_platforms" time="0.496" /><testcase classname="tests.test_rate_limit_and_platform_integrations.TestConnectionsEndpointRouting" name="test_disconnect_test_platforms" time="0.447" /></testsuite></testsuites>