<?xml version="1.0" encoding="utf-8"?><testsuites name="pytest tests"><testsuite name="pytest" errors="0" failures="0" skipped="1" tests="13" time="56.885" timestamp="2026-03-13T21:07:04.205488+00:00" hostname="agent-env-b50d0dec-0792-4114-b082-ef48abe05d6f"><testcase classname="backend.tests.test_real_platform_integrations.TestRealPlatformIntegrations" name="test_store_connection_accepts_shopify" time="1.687" /><testcase classname="backend.tests.test_real_platform_integrations.TestRealPlatformIntegrations" name="test_store_connection_accepts_woocommerce" time="0.132" /><testcase classname="backend.tests.test_real_platform_integrations.TestRealPlatformIntegrations" name="test_store_connection_accepts_etsy" time="0.162" /><testcase classname="backend.tests.test_real_platform_integrations.TestRealPlatformIntegrations" name="test_store_connection_accepts_bigcommerce" time="0.131" /><testcase classname="backend.tests.test_real_platform_integrations.TestRealPlatformIntegrations" name="test_store_connection_accepts_squarespace" time="0.150" /><testcase classname="backend.tests.test_real_platform_integrations.TestRealPlatformIntegrations" name="test_ads_connection_accepts_meta" time="0.233" /><testcase classname="backend.tests.test_real_platform_integrations.TestRealPlatformIntegrations" name="test_ads_connection_accepts_tiktok" time="0.111" /><testcase classname="backend.tests.test_real_platform_integrations.TestRealPlatformIntegrations" name="test_ads_connection_accepts_google" time="0.105" /><testcase classname="backend.tests.test_real_platform_integrations.TestRealPlatformIntegrations" name="test_publish_to_shopify_calls_real_api" time="0.168"><skipped type="pytest.skip" message="No stores found to test publish">/app/backend/tests/test_real_platform_integrations.py:175: No stores found to test publish</skipped></testcase><testcase classname="backend.tests.test_real_platform_integrations.TestRealPlatformIntegrations" name="test_post_ads_to_meta_calls_real_api" time="27.301" /><testcase classname="backend.tests.test_real_platform_integrations.TestRealPlatformIntegrations" name="test_google_ads_returns_draft" time="25.380" /><testcase classname="backend.tests.test_real_platform_integrations.TestRealPlatformIntegrations" name="test_platforms_returns_all_stores_and_ads" time="0.116" /><testcase classname="backend.tests.test_real_platform_integrations.TestRealPlatformIntegrations" name="test_cleanup_test_connections" time="1.139" /></testsuite></testsuites>