<?xml version="1.0" encoding="utf-8"?><testsuites name="pytest tests"><testsuite name="pytest" errors="0" failures="0" skipped="0" tests="38" time="7.773" timestamp="2026-03-13T13:55:37.063233+00:00" hostname="agent-env-d748a77f-bb39-4e08-9fc8-693787a9bcd3"><testcase classname="backend.tests.test_backend_refactor_regression.TestHealthEndpoints" name="test_root_endpoint" time="0.135" /><testcase classname="backend.tests.test_backend_refactor_regression.TestHealthEndpoints" name="test_health_endpoint" time="0.123" /><testcase classname="backend.tests.test_backend_refactor_regression.TestAuthEndpoints" name="test_register_returns_token" time="0.370" /><testcase classname="backend.tests.test_backend_refactor_regression.TestAuthEndpoints" name="test_login_success" time="0.325" /><testcase classname="backend.tests.test_backend_refactor_regression.TestAuthEndpoints" name="test_login_invalid_credentials" time="0.124" /><testcase classname="backend.tests.test_backend_refactor_regression.TestAuthEndpoints" name="test_profile_requires_auth" time="0.149" /><testcase classname="backend.tests.test_backend_refactor_regression.TestAuthEndpoints" name="test_profile_with_auth" time="0.452" /><testcase classname="backend.tests.test_backend_refactor_regression.TestStripeEndpoints" name="test_plans_no_auth" time="0.153" /><testcase classname="backend.tests.test_backend_refactor_regression.TestStripeEndpoints" name="test_feature_access_requires_auth" time="0.102" /><testcase classname="backend.tests.test_backend_refactor_regression.TestStripeEndpoints" name="test_feature_access_with_auth" time="0.475" /><testcase classname="backend.tests.test_backend_refactor_regression.TestProductsEndpoints" name="test_products_list_requires_auth" time="0.178" /><testcase classname="backend.tests.test_backend_refactor_regression.TestProductsEndpoints" name="test_find_winning_requires_auth" time="0.114" /><testcase classname="backend.tests.test_backend_refactor_regression.TestProductsEndpoints" name="test_find_winning_with_auth" time="0.457" /><testcase classname="backend.tests.test_backend_refactor_regression.TestPublicEndpoints" name="test_top_trending" time="0.111" /><testcase classname="backend.tests.test_backend_refactor_regression.TestPublicEndpoints" name="test_daily_picks" time="0.118" /><testcase classname="backend.tests.test_backend_refactor_regression.TestPublicEndpoints" name="test_platform_stats" time="0.106" /><testcase classname="backend.tests.test_backend_refactor_regression.TestPublicEndpoints" name="test_categories" time="0.137" /><testcase classname="backend.tests.test_backend_refactor_regression.TestPublicEndpoints" name="test_trending_products" time="0.111" /><testcase classname="backend.tests.test_backend_refactor_regression.TestPublicEndpoints" name="test_featured_product" time="0.121" /><testcase classname="backend.tests.test_backend_refactor_regression.TestDashboardEndpoints" name="test_dashboard_summary_optional_auth" time="0.136" /><testcase classname="backend.tests.test_backend_refactor_regression.TestDashboardEndpoints" name="test_daily_winners" time="0.121" /><testcase classname="backend.tests.test_backend_refactor_regression.TestBlogEndpoints" name="test_blog_posts_list" time="0.128" /><testcase classname="backend.tests.test_backend_refactor_regression.TestWorkspaceEndpoints" name="test_workspace_requires_auth" time="0.122" /><testcase classname="backend.tests.test_backend_refactor_regression.TestWorkspaceEndpoints" name="test_workspace_with_auth" time="0.467" /><testcase classname="backend.tests.test_backend_refactor_regression.TestAutomationEndpoints" name="test_automation_stats" time="0.181" /><testcase classname="backend.tests.test_backend_refactor_regression.TestAutomationEndpoints" name="test_automation_logs" time="0.148" /><testcase classname="backend.tests.test_backend_refactor_regression.TestJobsEndpoints" name="test_jobs_status" time="0.151" /><testcase classname="backend.tests.test_backend_refactor_regression.TestReportsEndpoints" name="test_reports_list" time="0.132" /><testcase classname="backend.tests.test_backend_refactor_regression.TestReportsEndpoints" name="test_weekly_report" time="0.107" /><testcase classname="backend.tests.test_backend_refactor_regression.TestNotificationsEndpoints" name="test_notifications_requires_auth" time="0.229" /><testcase classname="backend.tests.test_backend_refactor_regression.TestNotificationsEndpoints" name="test_notifications_with_auth" time="0.452" /><testcase classname="backend.tests.test_backend_refactor_regression.TestAdminEndpoints" name="test_image_review_requires_admin" time="0.112" /><testcase classname="backend.tests.test_backend_refactor_regression.TestAdminEndpoints" name="test_image_review_with_admin" time="0.440" /><testcase classname="backend.tests.test_backend_refactor_regression.TestAdminEndpoints" name="test_analytics_dashboard_requires_admin" time="0.104" /><testcase classname="backend.tests.test_backend_refactor_regression.TestAdminEndpoints" name="test_analytics_dashboard_with_admin" time="0.135" /><testcase classname="backend.tests.test_backend_refactor_regression.TestSeoEndpoints" name="test_sitemap_xml" time="0.121" /><testcase classname="backend.tests.test_backend_refactor_regression.TestUserEndpoints" name="test_onboarding_status_requires_auth" time="0.096" /><testcase classname="backend.tests.test_backend_refactor_regression.TestUserEndpoints" name="test_onboarding_status_with_auth" time="0.458" /></testsuite></testsuites>