<?xml version="1.0" encoding="utf-8"?><testsuites name="pytest tests"><testsuite name="pytest" errors="0" failures="0" skipped="0" tests="28" time="3.411" timestamp="2026-03-10T12:29:55.300159+00:00" hostname="agent-env-4590e091-7c1a-491a-b95f-525f3b4ed10a"><testcase classname="tests.test_reports_api.TestHealthEndpoint" name="test_health_check" time="0.167" /><testcase classname="tests.test_reports_api.TestReportsListEndpoint" name="test_get_reports_list_success" time="0.134" /><testcase classname="tests.test_reports_api.TestReportsListEndpoint" name="test_reports_list_contains_latest_refs" time="0.128" /><testcase classname="tests.test_reports_api.TestReportsListEndpoint" name="test_reports_list_with_type_filter" time="0.158" /><testcase classname="tests.test_reports_api.TestWeeklyReportEndpoint" name="test_get_weekly_report_success" time="0.100" /><testcase classname="tests.test_reports_api.TestWeeklyReportEndpoint" name="test_weekly_report_structure" time="0.166" /><testcase classname="tests.test_reports_api.TestWeeklyReportEndpoint" name="test_weekly_report_has_sections" time="0.114" /><testcase classname="tests.test_reports_api.TestWeeklyReportEndpoint" name="test_weekly_report_free_sections_unlocked" time="0.099" /><testcase classname="tests.test_reports_api.TestWeeklyReportEndpoint" name="test_weekly_report_pro_sections_locked_for_free_user" time="0.110" /><testcase classname="tests.test_reports_api.TestWeeklyReportEndpoint" name="test_weekly_report_has_summary" time="0.121" /><testcase classname="tests.test_reports_api.TestMonthlyReportEndpoint" name="test_get_monthly_report_success" time="0.110" /><testcase classname="tests.test_reports_api.TestMonthlyReportEndpoint" name="test_monthly_report_structure" time="0.108" /><testcase classname="tests.test_reports_api.TestMonthlyReportEndpoint" name="test_monthly_report_has_sections" time="0.123" /><testcase classname="tests.test_reports_api.TestMonthlyReportEndpoint" name="test_monthly_report_emerging_categories" time="0.112" /><testcase classname="tests.test_reports_api.TestMonthlyReportEndpoint" name="test_monthly_report_has_market_health" time="0.102" /><testcase classname="tests.test_reports_api.TestPublicWeeklyReportEndpoint" name="test_get_public_weekly_report_success" time="0.120" /><testcase classname="tests.test_reports_api.TestPublicWeeklyReportEndpoint" name="test_public_weekly_report_has_top_5_products" time="0.111" /><testcase classname="tests.test_reports_api.TestPublicWeeklyReportEndpoint" name="test_public_weekly_report_has_locked_margin_details" time="0.095" /><testcase classname="tests.test_reports_api.TestPublicWeeklyReportEndpoint" name="test_public_weekly_report_has_cta" time="0.100" /><testcase classname="tests.test_reports_api.TestPublicMonthlyReportEndpoint" name="test_get_public_monthly_report_success" time="0.114" /><testcase classname="tests.test_reports_api.TestPublicMonthlyReportEndpoint" name="test_public_monthly_report_has_top_3_emerging" time="0.111" /><testcase classname="tests.test_reports_api.TestPublicMonthlyReportEndpoint" name="test_public_monthly_report_has_market_snapshot" time="0.104" /><testcase classname="tests.test_reports_api.TestReportHistoryEndpoint" name="test_get_weekly_history_success" time="0.110" /><testcase classname="tests.test_reports_api.TestReportHistoryEndpoint" name="test_get_monthly_history_success" time="0.098" /><testcase classname="tests.test_reports_api.TestReportHistoryEndpoint" name="test_invalid_report_type_returns_400" time="0.122" /><testcase classname="tests.test_reports_api.TestReportHistoryEndpoint" name="test_history_limit_for_free_user" time="0.106" /><testcase classname="tests.test_reports_api.TestAuthenticatedReportAccess" name="test_authenticated_weekly_report_access" time="0.123" /><testcase classname="tests.test_reports_api.TestAuthenticatedReportAccess" name="test_authenticated_monthly_report_access" time="0.113" /></testsuite></testsuites>