<?xml version="1.0" encoding="utf-8"?><testsuites name="pytest tests"><testsuite name="pytest" errors="0" failures="0" skipped="0" tests="11" time="2.648" timestamp="2026-03-13T21:46:56.859120+00:00" hostname="agent-env-53c95710-00ad-4f6c-8971-324fbc7d9235"><testcase classname="backend.tests.test_scoring_transparency.TestScoringMethodologyEndpoint" name="test_scoring_methodology_returns_200" time="0.177" /><testcase classname="backend.tests.test_scoring_transparency.TestScoringMethodologyEndpoint" name="test_scoring_methodology_returns_7_signals" time="0.143" /><testcase classname="backend.tests.test_scoring_transparency.TestScoringMethodologyEndpoint" name="test_scoring_methodology_returns_6_data_sources" time="0.109" /><testcase classname="backend.tests.test_scoring_transparency.TestScoringMethodologyEndpoint" name="test_scoring_methodology_has_formula" time="0.134" /><testcase classname="backend.tests.test_scoring_transparency.TestScoringMethodologyEndpoint" name="test_scoring_methodology_has_honest_limitations" time="0.159" /><testcase classname="backend.tests.test_scoring_transparency.TestScoringMethodologyEndpoint" name="test_scoring_methodology_signals_have_high_low_explanations" time="0.168" /><testcase classname="backend.tests.test_scoring_transparency.TestScoringMethodologyEndpoint" name="test_scoring_methodology_signals_have_weight_and_description" time="0.120" /><testcase classname="backend.tests.test_scoring_transparency.TestScoringMethodologyEndpoint" name="test_scoring_methodology_data_sources_have_update_frequency" time="0.120" /><testcase classname="backend.tests.test_scoring_transparency.TestPlatformConnectionsAutomationBadges" name="test_connections_platforms_endpoint" time="1.185" /><testcase classname="backend.tests.test_scoring_transparency.TestProductsEndpointForScoringMethodology" name="test_products_endpoint_returns_data" time="0.128" /><testcase classname="backend.tests.test_scoring_transparency.TestProductsEndpointForScoringMethodology" name="test_products_have_scoring_data" time="0.137" /></testsuite></testsuites>