<?xml version="1.0" encoding="utf-8"?><testsuites name="pytest tests"><testsuite name="pytest" errors="0" failures="0" skipped="0" tests="18" time="11.138" timestamp="2026-03-11T22:08:03.626377+00:00" hostname="agent-env-fbb5f4cf-2885-4460-9c18-2f0862d98262"><testcase classname="backend.tests.test_scoring_engine_api.TestHealthCheck" name="test_api_health" time="0.262" /><testcase classname="backend.tests.test_scoring_engine_api.TestProductsWithScores" name="test_products_have_launch_score" time="0.169" /><testcase classname="backend.tests.test_scoring_engine_api.TestProductsWithScores" name="test_products_have_component_scores" time="0.190" /><testcase classname="backend.tests.test_scoring_engine_api.TestProductsWithScores" name="test_products_have_data_sources_array" time="0.204" /><testcase classname="backend.tests.test_scoring_engine_api.TestProductsWithScores" name="test_products_have_confidence_score" time="1.372" /><testcase classname="backend.tests.test_scoring_engine_api.TestProductsWithScores" name="test_products_have_last_updated" time="0.153" /><testcase classname="backend.tests.test_scoring_engine_api.TestProductsWithScores" name="test_products_have_launch_score_breakdown_object" time="0.240" /><testcase classname="backend.tests.test_scoring_engine_api.TestLaunchScoreBreakdownEndpoint" name="test_launch_score_breakdown_endpoint_exists" time="0.322" /><testcase classname="backend.tests.test_scoring_engine_api.TestLaunchScoreBreakdownEndpoint" name="test_breakdown_has_components" time="0.325" /><testcase classname="backend.tests.test_scoring_engine_api.TestLaunchScoreBreakdownEndpoint" name="test_breakdown_has_formula" time="0.298" /><testcase classname="backend.tests.test_scoring_engine_api.TestLaunchScoreBreakdownEndpoint" name="test_breakdown_has_score_reasoning" time="0.301" /><testcase classname="backend.tests.test_scoring_engine_api.TestLaunchScoreBreakdownEndpoint" name="test_breakdown_has_data_transparency" time="0.262" /><testcase classname="backend.tests.test_scoring_engine_api.TestLaunchScoreBreakdownEndpoint" name="test_reasoning_describes_score_reason" time="0.336" /><testcase classname="backend.tests.test_scoring_engine_api.TestGoogleTrendsEndpoint" name="test_google_trends_requires_api_key" time="0.138" /><testcase classname="backend.tests.test_scoring_engine_api.TestGoogleTrendsEndpoint" name="test_google_trends_with_valid_key" time="5.849" /><testcase classname="backend.tests.test_scoring_engine_api.TestScoreRecomputeEndpoint" name="test_recompute_requires_api_key" time="0.161" /><testcase classname="backend.tests.test_scoring_engine_api.TestScoreRecomputeEndpoint" name="test_recompute_with_valid_key" time="0.199" /><testcase classname="backend.tests.test_scoring_engine_api.TestUnavailableDataHandling" name="test_unavailable_data_marked_clearly" time="0.278" /></testsuite></testsuites>