<?xml version="1.0" encoding="utf-8"?><testsuites name="pytest tests"><testsuite name="pytest" errors="0" failures="1" skipped="0" tests="16" time="49.168" timestamp="2026-03-11T21:42:48.637848+00:00" hostname="agent-env-fbb5f4cf-2885-4460-9c18-2f0862d98262"><testcase classname="backend.tests.test_scraping.TestScrapingAPI" name="test_api_health" time="0.252" /><testcase classname="backend.tests.test_scraping.TestScrapingAPI" name="test_scrape_amazon_movers" time="0.399" /><testcase classname="backend.tests.test_scraping.TestScrapingAPI" name="test_scrape_health" time="0.103" /><testcase classname="backend.tests.test_scraping.TestScrapingAPI" name="test_scrape_history" time="0.156" /><testcase classname="backend.tests.test_scraping.TestScrapingAPI" name="test_data_quality_report" time="0.123" /><testcase classname="backend.tests.test_scraping.TestProductsAPI" name="test_get_products" time="0.135" /><testcase classname="backend.tests.test_scraping.TestProductsAPI" name="test_products_have_real_data_flag" time="0.213" /><testcase classname="backend.tests.test_scraping.TestProductsAPI" name="test_products_have_supplier_links" time="0.168" /><testcase classname="backend.tests.test_scraping.TestProductsAPI" name="test_supplier_link_format" time="0.144" /><testcase classname="backend.tests.test_scraping.TestProductsAPI" name="test_products_have_trend_score" time="0.195" /><testcase classname="backend.tests.test_scraping.TestProductsAPI" name="test_products_have_last_updated" time="0.136" /><testcase classname="backend.tests.test_scraping.TestProductsAPI" name="test_product_categories_diversity" time="0.147" /><testcase classname="backend.tests.test_scraping.TestProductsAPI" name="test_metadata_includes_live_data_count" time="0.125" /><testcase classname="backend.tests.test_scraping.TestProductDetail" name="test_get_product_detail_with_supplier" time="0.252" /><testcase classname="backend.tests.test_scraping.TestFullScrapeEndpoint" name="test_full_scrape_requires_api_key" time="0.132" /><testcase classname="backend.tests.test_scraping.TestFullScrapeEndpoint" name="test_full_scrape_with_api_key" time="46.363"><failure message="AssertionError: Expected 200, got 500&#10;assert 500 == 200&#10; +  where 500 = &lt;Response [500]&gt;.status_code">backend/tests/test_scraping.py:320: in test_full_scrape_with_api_key
    assert response.status_code == 200, f"Expected 200, got {response.status_code}"
E   AssertionError: Expected 200, got 500
E   assert 500 == 200
E    +  where 500 = &lt;Response [500]&gt;.status_code</failure></testcase></testsuite></testsuites>