<?xml version="1.0" encoding="utf-8"?><testsuites name="pytest tests"><testsuite name="pytest" errors="0" failures="0" skipped="0" tests="25" time="67.437" timestamp="2026-03-10T12:50:37.027480+00:00" hostname="agent-env-4590e091-7c1a-491a-b95f-525f3b4ed10a"><testcase classname="backend.tests.test_scraping_api.TestScraperHealthAPI" name="test_health_endpoint_returns_200" time="0.264" /><testcase classname="backend.tests.test_scraping_api.TestScraperHealthAPI" name="test_health_returns_all_sources" time="0.143" /><testcase classname="backend.tests.test_scraping_api.TestScraperHealthAPI" name="test_health_single_source" time="0.111" /><testcase classname="backend.tests.test_scraping_api.TestScraperHealthAPI" name="test_health_invalid_source_returns_error" time="0.149" /><testcase classname="backend.tests.test_scraping_api.TestDataQualityAPI" name="test_quality_endpoint_returns_200" time="0.103" /><testcase classname="backend.tests.test_scraping_api.TestDataQualityAPI" name="test_quality_returns_expected_fields" time="0.105" /><testcase classname="backend.tests.test_scraping_api.TestDataQualityAPI" name="test_quality_has_source_breakdown" time="0.110" /><testcase classname="backend.tests.test_scraping_api.TestScrapeHistoryAPI" name="test_history_endpoint_returns_200" time="0.109" /><testcase classname="backend.tests.test_scraping_api.TestScrapeHistoryAPI" name="test_history_returns_list" time="0.126" /><testcase classname="backend.tests.test_scraping_api.TestScrapeHistoryAPI" name="test_history_respects_limit" time="0.113" /><testcase classname="backend.tests.test_scraping_api.TestScrapeSourceAPI" name="test_scrape_requires_api_key" time="0.100" /><testcase classname="backend.tests.test_scraping_api.TestScrapeSourceAPI" name="test_scrape_wrong_api_key" time="0.106" /><testcase classname="backend.tests.test_scraping_api.TestScrapeSourceAPI" name="test_scrape_invalid_source" time="0.109" /><testcase classname="backend.tests.test_scraping_api.TestScrapeSourceAPI" name="test_scrape_aliexpress" time="0.351" /><testcase classname="backend.tests.test_scraping_api.TestScrapeSourceAPI" name="test_scrape_tiktok_trends" time="48.529" /><testcase classname="backend.tests.test_scraping_api.TestScrapeSourceAPI" name="test_scrape_amazon_movers" time="0.471" /><testcase classname="backend.tests.test_scraping_api.TestScrapeSourceAPI" name="test_scrape_cj_dropshipping" time="15.293" /><testcase classname="backend.tests.test_scraping_api.TestFullScrapeAPI" name="test_full_scrape_requires_api_key" time="0.170" /><testcase classname="backend.tests.test_scraping_api.TestFullScrapeAPI" name="test_full_scrape_single_source" time="0.108" /><testcase classname="backend.tests.test_scraping_api.TestProductDataIntegrity" name="test_products_have_data_source_field" time="0.122" /><testcase classname="backend.tests.test_scraping_api.TestProductDataIntegrity" name="test_products_have_is_real_data_field" time="0.109" /><testcase classname="backend.tests.test_scraping_api.TestProductDataIntegrity" name="test_products_have_confidence_score" time="0.128" /><testcase classname="backend.tests.test_scraping_api.TestProductDataIntegrity" name="test_products_have_last_updated" time="0.149" /><testcase classname="backend.tests.test_scraping_api.TestHealthStatusTracking" name="test_health_status_values" time="0.122" /><testcase classname="backend.tests.test_scraping_api.TestHealthStatusTracking" name="test_health_has_success_rate" time="0.113" /></testsuite></testsuites>