<?xml version="1.0" encoding="utf-8"?><testsuites name="pytest tests"><testsuite name="pytest" errors="0" failures="0" skipped="0" tests="17" time="3.257" timestamp="2026-03-12T19:43:42.323850+00:00" hostname="agent-env-5cc902d1-2c58-4977-aca4-a0d92e9c6665"><testcase classname="backend.tests.test_seo_sitemap_categories.TestSitemapXML" name="test_sitemap_returns_200_with_xml" time="0.283" /><testcase classname="backend.tests.test_seo_sitemap_categories.TestSitemapXML" name="test_sitemap_has_urlset_structure" time="0.170" /><testcase classname="backend.tests.test_seo_sitemap_categories.TestSitemapXML" name="test_sitemap_contains_static_pages" time="0.151" /><testcase classname="backend.tests.test_seo_sitemap_categories.TestSitemapXML" name="test_sitemap_contains_trending_product_urls" time="0.120" /><testcase classname="backend.tests.test_seo_sitemap_categories.TestRobotsTxt" name="test_robots_txt_from_api_returns_200" time="0.164" /><testcase classname="backend.tests.test_seo_sitemap_categories.TestRobotsTxt" name="test_robots_txt_contains_sitemap_directive" time="0.201" /><testcase classname="backend.tests.test_seo_sitemap_categories.TestRobotsTxt" name="test_robots_txt_has_allow_disallow_rules" time="0.164" /><testcase classname="backend.tests.test_seo_sitemap_categories.TestPublicCategories" name="test_categories_returns_200_with_array" time="0.115" /><testcase classname="backend.tests.test_seo_sitemap_categories.TestPublicCategories" name="test_categories_have_required_fields" time="0.130" /><testcase classname="backend.tests.test_seo_sitemap_categories.TestTrendingProductsNoRegression" name="test_trending_products_returns_200" time="0.121" /><testcase classname="backend.tests.test_seo_sitemap_categories.TestTrendingProductsNoRegression" name="test_products_have_category_field" time="0.175" /><testcase classname="backend.tests.test_seo_sitemap_categories.TestTrendingProductsNoRegression" name="test_products_have_slug_field" time="0.124" /><testcase classname="backend.tests.test_seo_sitemap_categories.TestProductDetailNoRegression" name="test_product_by_slug_returns_200" time="0.247" /><testcase classname="backend.tests.test_seo_sitemap_categories.TestProductDetailNoRegression" name="test_product_detail_has_category_for_linking" time="0.313" /><testcase classname="backend.tests.test_seo_sitemap_categories.TestProductDetailNoRegression" name="test_product_detail_has_related_products" time="0.295" /><testcase classname="backend.tests.test_seo_sitemap_categories.TestProductDetailNoRegression" name="test_invalid_slug_returns_404" time="0.111" /><testcase classname="backend.tests.test_seo_sitemap_categories.TestSitemapURLCount" name="test_sitemap_url_count_reasonable" time="0.275" /></testsuite></testsuites>