<?xml version="1.0" encoding="utf-8"?><testsuites name="pytest tests"><testsuite name="pytest" errors="0" failures="0" skipped="0" tests="14" time="4.440" timestamp="2026-03-24T23:14:44.079756+00:00" hostname="agent-env-0e490739-4adf-4be7-8265-ea35c56bf35a"><testcase classname="tests.test_shopify_products_webhooks.TestAuthentication" name="test_login_success" time="2.373" /><testcase classname="tests.test_shopify_products_webhooks.TestShopifyOAuthInit" name="test_oauth_init_accepts_shop_domain" time="0.457" /><testcase classname="tests.test_shopify_products_webhooks.TestShopifyOAuthInit" name="test_oauth_init_normalizes_domain" time="0.194" /><testcase classname="tests.test_shopify_products_webhooks.TestShopifySyncedProducts" name="test_get_synced_products_empty" time="0.115" /><testcase classname="tests.test_shopify_products_webhooks.TestShopifySyncedProducts" name="test_sync_products_no_connection" time="0.123" /><testcase classname="tests.test_shopify_products_webhooks.TestShopifyWebhooks" name="test_products_create_webhook_invalid_hmac" time="0.110" /><testcase classname="tests.test_shopify_products_webhooks.TestShopifyWebhooks" name="test_products_update_webhook_invalid_hmac" time="0.120" /><testcase classname="tests.test_shopify_products_webhooks.TestShopifyWebhooks" name="test_products_delete_webhook_invalid_hmac" time="0.118" /><testcase classname="tests.test_shopify_products_webhooks.TestShopifyWebhooks" name="test_app_uninstalled_webhook_invalid_hmac" time="0.127" /><testcase classname="tests.test_shopify_products_webhooks.TestShopifyWebhooks" name="test_webhook_missing_hmac" time="0.167" /><testcase classname="tests.test_shopify_products_webhooks.TestOAuthPlatforms" name="test_get_oauth_platforms" time="0.109" /><testcase classname="tests.test_shopify_products_webhooks.TestConnectionsPlatforms" name="test_get_connections_platforms" time="0.119" /><testcase classname="tests.test_shopify_products_webhooks.TestHealthCheck" name="test_health_check" time="0.109" /><testcase classname="tests.test_shopify_products_webhooks.TestShopifyOAuthStatus" name="test_get_shopify_status" time="0.120" /></testsuite></testsuites>