<?xml version="1.0" encoding="utf-8"?><testsuites name="pytest tests"><testsuite name="pytest" errors="0" failures="0" skipped="0" tests="17" time="3.234" timestamp="2026-03-16T20:46:35.743652+00:00" hostname="agent-env-ed643f02-c018-4367-94b1-2f1404f385bd"><testcase classname="tests.test_shopify_app.TestShopifyAppInfo" name="test_app_info_returns_200" time="0.603" /><testcase classname="tests.test_shopify_app.TestShopifyAppInfo" name="test_app_info_contains_name" time="0.159" /><testcase classname="tests.test_shopify_app.TestShopifyAppInfo" name="test_app_info_contains_version" time="0.176" /><testcase classname="tests.test_shopify_app.TestShopifyAppInfo" name="test_app_info_contains_features" time="0.165" /><testcase classname="tests.test_shopify_app.TestShopifyAppInfo" name="test_app_info_contains_scopes" time="0.144" /><testcase classname="tests.test_shopify_app.TestShopifyAppInfo" name="test_app_info_contains_gdpr_endpoints" time="0.142" /><testcase classname="tests.test_shopify_app.TestShopifyAppInfo" name="test_app_info_contains_webhooks" time="0.160" /><testcase classname="tests.test_shopify_app.TestGDPRCustomerDataRequest" name="test_customer_data_request_returns_200" time="0.153" /><testcase classname="tests.test_shopify_app.TestGDPRCustomerDataRequest" name="test_customer_data_request_response_structure" time="0.258" /><testcase classname="tests.test_shopify_app.TestGDPRCustomerRedact" name="test_customer_redact_returns_200" time="0.161" /><testcase classname="tests.test_shopify_app.TestGDPRCustomerRedact" name="test_customer_redact_response_structure" time="0.138" /><testcase classname="tests.test_shopify_app.TestGDPRShopRedact" name="test_shop_redact_returns_200" time="0.176" /><testcase classname="tests.test_shopify_app.TestGDPRShopRedact" name="test_shop_redact_response_structure" time="0.131" /><testcase classname="tests.test_shopify_app.TestAppUninstallWebhook" name="test_app_uninstalled_returns_200" time="0.156" /><testcase classname="tests.test_shopify_app.TestAppUninstallWebhook" name="test_app_uninstalled_response_structure" time="0.157" /><testcase classname="tests.test_shopify_app.TestWebSocketRegressionCheck" name="test_websocket_endpoint_exists" time="0.151" /><testcase classname="tests.test_shopify_app.TestWebSocketRegressionCheck" name="test_notifications_list_endpoint" time="0.134" /></testsuite></testsuites>