<?xml version="1.0" encoding="utf-8"?><testsuites name="pytest tests"><testsuite name="pytest" errors="0" failures="0" skipped="0" tests="13" time="6.777" timestamp="2026-03-16T21:26:50.174822+00:00" hostname="agent-env-ed643f02-c018-4367-94b1-2f1404f385bd"><testcase classname="backend.tests.test_shopify_embedded_integration.TestEmbeddedDashboard" name="test_embedded_dashboard_returns_200_with_shop" time="4.881" /><testcase classname="backend.tests.test_shopify_embedded_integration.TestEmbeddedDashboard" name="test_embedded_dashboard_response_structure" time="0.189" /><testcase classname="backend.tests.test_shopify_embedded_integration.TestEmbeddedDashboard" name="test_embedded_dashboard_requires_shop_param" time="0.132" /><testcase classname="backend.tests.test_shopify_embedded_integration.TestEmbeddedDashboard" name="test_embedded_dashboard_returns_empty_shop_400" time="0.144" /><testcase classname="backend.tests.test_shopify_embedded_integration.TestSessionToken" name="test_session_token_rejects_empty_body" time="0.153" /><testcase classname="backend.tests.test_shopify_embedded_integration.TestSessionToken" name="test_session_token_rejects_empty_token" time="0.198" /><testcase classname="backend.tests.test_shopify_embedded_integration.TestSessionToken" name="test_session_token_rejects_invalid_token" time="0.117" /><testcase classname="backend.tests.test_shopify_embedded_integration.TestSessionToken" name="test_session_token_rejects_tampered_jwt" time="0.116" /><testcase classname="backend.tests.test_shopify_embedded_integration.TestGDPREndpointsRegression" name="test_customer_data_request_endpoint_exists" time="0.227" /><testcase classname="backend.tests.test_shopify_embedded_integration.TestGDPREndpointsRegression" name="test_customer_redact_endpoint_exists" time="0.117" /><testcase classname="backend.tests.test_shopify_embedded_integration.TestGDPREndpointsRegression" name="test_shop_redact_endpoint_exists" time="0.139" /><testcase classname="backend.tests.test_shopify_embedded_integration.TestAppInfoRegression" name="test_app_info_still_works" time="0.183" /><testcase classname="backend.tests.test_shopify_embedded_integration.TestWebSocketRegression" name="test_websocket_endpoint_exists" time="0.116" /></testsuite></testsuites>