<?xml version="1.0" encoding="utf-8"?><testsuites name="pytest tests"><testsuite name="pytest" errors="0" failures="0" skipped="0" tests="16" time="2.586" timestamp="2026-03-24T23:00:52.219534+00:00" hostname="agent-env-0e490739-4adf-4be7-8265-ea35c56bf35a"><testcase classname="backend.tests.test_shopify_oauth_simplified.TestOAuthPlatformsEndpoint" name="test_oauth_platforms_returns_all_platforms" time="0.180" /><testcase classname="backend.tests.test_shopify_oauth_simplified.TestOAuthPlatformsEndpoint" name="test_shopify_oauth_ready_true" time="0.113" /><testcase classname="backend.tests.test_shopify_oauth_simplified.TestOAuthPlatformsEndpoint" name="test_other_platforms_oauth_ready_false" time="0.107" /><testcase classname="backend.tests.test_shopify_oauth_simplified.TestConnectionsPlatformsEndpoint" name="test_connections_platforms_returns_oauth_ready" time="0.125" /><testcase classname="backend.tests.test_shopify_oauth_simplified.TestConnectionsPlatformsEndpoint" name="test_shopify_store_oauth_ready" time="0.113" /><testcase classname="backend.tests.test_shopify_oauth_simplified.TestConnectionsPlatformsEndpoint" name="test_other_stores_oauth_ready_false" time="0.109" /><testcase classname="backend.tests.test_shopify_oauth_simplified.TestShopifyOAuthInit" name="test_shopify_oauth_init_only_shop_domain" time="0.494" /><testcase classname="backend.tests.test_shopify_oauth_simplified.TestShopifyOAuthInit" name="test_shopify_oauth_init_with_myshopify_domain" time="0.128" /><testcase classname="backend.tests.test_shopify_oauth_simplified.TestShopifyOAuthInit" name="test_shopify_oauth_init_missing_shop_domain" time="0.105" /><testcase classname="backend.tests.test_shopify_oauth_simplified.TestShopifyOAuthInit" name="test_shopify_oauth_init_requires_auth" time="0.128" /><testcase classname="backend.tests.test_shopify_oauth_simplified.TestShopifySyncProducts" name="test_sync_products_no_connection" time="0.141" /><testcase classname="backend.tests.test_shopify_oauth_simplified.TestShopifySyncProducts" name="test_sync_products_requires_auth" time="0.125" /><testcase classname="backend.tests.test_shopify_oauth_simplified.TestShopifySyncedProducts" name="test_synced_products_empty_list" time="0.113" /><testcase classname="backend.tests.test_shopify_oauth_simplified.TestShopifySyncedProducts" name="test_synced_products_requires_auth" time="0.105" /><testcase classname="backend.tests.test_shopify_oauth_simplified.TestLoginFlow" name="test_login_with_demo_credentials" time="0.332" /><testcase classname="backend.tests.test_shopify_oauth_simplified.TestLoginFlow" name="test_login_with_invalid_credentials" time="0.110" /></testsuite></testsuites>