<?xml version="1.0" encoding="utf-8"?><testsuites name="pytest tests"><testsuite name="pytest" errors="0" failures="0" skipped="0" tests="9" time="3.145" timestamp="2026-03-17T21:25:08.951592+00:00" hostname="agent-env-bddd46c4-7331-4f1c-a1e4-1eda2c6e32f1"><testcase classname="backend.tests.test_shopify_app_store_prep.TestHealthCheck" name="test_health_check_returns_ok" time="1.443" /><testcase classname="backend.tests.test_shopify_app_store_prep.TestShopifyAppInfo" name="test_app_info_returns_correct_support_email" time="0.186" /><testcase classname="backend.tests.test_shopify_app_store_prep.TestShopifyAppInfo" name="test_app_info_has_gdpr_endpoints" time="0.200" /><testcase classname="backend.tests.test_shopify_app_store_prep.TestShopifyAppInfo" name="test_app_info_has_correct_privacy_terms_urls" time="0.140" /><testcase classname="backend.tests.test_shopify_app_store_prep.TestGDPRWebhooks" name="test_customer_data_request_webhook_exists" time="0.130" /><testcase classname="backend.tests.test_shopify_app_store_prep.TestGDPRWebhooks" name="test_customer_redact_webhook_exists" time="0.116" /><testcase classname="backend.tests.test_shopify_app_store_prep.TestGDPRWebhooks" name="test_shop_redact_webhook_exists" time="0.115" /><testcase classname="backend.tests.test_shopify_app_store_prep.TestReviewerAccount" name="test_reviewer_login_succeeds" time="0.369" /><testcase classname="backend.tests.test_shopify_app_store_prep.TestTestUserAccount" name="test_admin_login_succeeds" time="0.378" /></testsuite></testsuites>