<?xml version="1.0" encoding="utf-8"?><testsuites name="pytest tests"><testsuite name="pytest" errors="0" failures="0" skipped="0" tests="8" time="1.743" timestamp="2026-03-15T21:31:06.296321+00:00" hostname="agent-env-ecc66b18-d7bc-49d0-b6d1-bbad5caa4b26"><testcase classname="backend.tests.test_shopify_connection_fix.TestShopifyConnectionFix" name="test_shopify_connection_invalid_token" time="0.705" /><testcase classname="backend.tests.test_shopify_connection_fix.TestShopifyConnectionFix" name="test_shopify_connection_missing_token" time="0.074" /><testcase classname="backend.tests.test_shopify_connection_fix.TestShopifyConnectionFix" name="test_shopify_connection_nonexistent_store" time="0.248" /><testcase classname="backend.tests.test_shopify_connection_fix.TestShopifyConnectionFix" name="test_shopify_connection_unauthenticated" time="0.061" /><testcase classname="backend.tests.test_shopify_connection_fix.TestShopifyConnectionFix" name="test_platforms_endpoint_shows_shopify_fields" time="0.068" /><testcase classname="backend.tests.test_shopify_connection_fix.TestOtherPagesRegression" name="test_dashboard_api" time="0.401" /><testcase classname="backend.tests.test_shopify_connection_fix.TestOtherPagesRegression" name="test_health_endpoint" time="0.057" /><testcase classname="backend.tests.test_shopify_connection_fix.TestOtherPagesRegression" name="test_user_connections_endpoint" time="0.064" /></testsuite></testsuites>