<?xml version="1.0" encoding="utf-8"?><testsuites name="pytest tests"><testsuite name="pytest" errors="0" failures="0" skipped="0" tests="13" time="4.525" timestamp="2026-03-19T12:52:37.335859+00:00" hostname="agent-env-852c313b-c2f5-4fe9-ad48-ee5fe7876920"><testcase classname="backend.tests.test_similar_products_data_freshness.TestSimilarProductsAPI" name="test_similar_products_endpoint_returns_200" time="0.679" /><testcase classname="backend.tests.test_similar_products_data_freshness.TestSimilarProductsAPI" name="test_similar_products_response_structure" time="0.406" /><testcase classname="backend.tests.test_similar_products_data_freshness.TestSimilarProductsAPI" name="test_similar_products_contain_required_fields" time="0.470" /><testcase classname="backend.tests.test_similar_products_data_freshness.TestSimilarProductsAPI" name="test_similar_products_limit_works" time="0.447" /><testcase classname="backend.tests.test_similar_products_data_freshness.TestDataFreshnessSummaryAPI" name="test_data_freshness_summary_returns_200" time="0.149" /><testcase classname="backend.tests.test_similar_products_data_freshness.TestDataFreshnessSummaryAPI" name="test_data_freshness_summary_structure" time="0.121" /><testcase classname="backend.tests.test_similar_products_data_freshness.TestDataFreshnessSummaryAPI" name="test_data_freshness_sources_have_required_fields" time="0.160" /><testcase classname="backend.tests.test_similar_products_data_freshness.TestDataFreshnessSummaryAPI" name="test_data_freshness_refresh_schedule_present" time="0.110" /><testcase classname="backend.tests.test_similar_products_data_freshness.TestScoreConsistency" name="test_product_has_launch_score" time="0.415" /><testcase classname="backend.tests.test_similar_products_data_freshness.TestScoreConsistency" name="test_intelligence_endpoint_returns_200" time="0.430" /><testcase classname="backend.tests.test_similar_products_data_freshness.TestScoreConsistency" name="test_intelligence_overall_score_matches_launch_score" time="0.545" /><testcase classname="backend.tests.test_similar_products_data_freshness.TestScoreConsistency" name="test_intelligence_recommendation_aligns_with_score" time="0.396" /><testcase classname="backend.tests.test_similar_products_data_freshness.TestProductDetailEndpoint" name="test_product_detail_includes_data_freshness_fields" time="0.119" /></testsuite></testsuites>