<?xml version="1.0" encoding="utf-8"?><testsuites name="pytest tests"><testsuite name="pytest" errors="0" failures="0" skipped="0" tests="21" time="4.242" timestamp="2026-03-10T00:08:36.376498+00:00" hostname="agent-env-01b17851-e501-40de-8910-148ee902dfbd"><testcase classname="backend.tests.test_store_api.TestStoreApiHealth" name="test_api_health" time="0.279" /><testcase classname="backend.tests.test_store_api.TestStoreApiHealth" name="test_store_limits_starter" time="0.135" /><testcase classname="backend.tests.test_store_api.TestStoreApiHealth" name="test_store_limits_pro" time="0.121" /><testcase classname="backend.tests.test_store_api.TestStoreApiHealth" name="test_store_limits_elite" time="0.183" /><testcase classname="backend.tests.test_store_api.TestStoreGeneration" name="test_generate_store_content" time="0.237" /><testcase classname="backend.tests.test_store_api.TestStoreGeneration" name="test_generate_store_with_custom_name" time="0.263" /><testcase classname="backend.tests.test_store_api.TestStoreCreation" name="test_create_store" time="0.130" /><testcase classname="backend.tests.test_store_api.TestStoreCreation" name="test_get_user_stores" time="0.152" /><testcase classname="backend.tests.test_store_api.TestStoreCreation" name="test_get_single_store" time="0.119" /><testcase classname="backend.tests.test_store_api.TestStoreCreation" name="test_get_nonexistent_store" time="0.134" /><testcase classname="backend.tests.test_store_api.TestStoreUpdates" name="test_update_store_name" time="0.141" /><testcase classname="backend.tests.test_store_api.TestStoreUpdates" name="test_update_store_tagline" time="0.239" /><testcase classname="backend.tests.test_store_api.TestStoreUpdates" name="test_publish_store" time="0.121" /><testcase classname="backend.tests.test_store_api.TestStoreUpdates" name="test_unpublish_store" time="0.127" /><testcase classname="backend.tests.test_store_api.TestStoreProducts" name="test_get_store_products" time="0.108" /><testcase classname="backend.tests.test_store_api.TestStoreProducts" name="test_regenerate_product_copy" time="0.231" /><testcase classname="backend.tests.test_store_api.TestStorePreviewAndExport" name="test_get_store_preview" time="0.130" /><testcase classname="backend.tests.test_store_api.TestStorePreviewAndExport" name="test_export_store_shopify" time="0.124" /><testcase classname="backend.tests.test_store_api.TestPlanLimits" name="test_starter_plan_limit" time="0.478" /><testcase classname="backend.tests.test_store_api.TestUserIsolation" name="test_user_isolation" time="0.296" /><testcase classname="backend.tests.test_store_api.TestCleanup" name="test_cleanup_stores" time="0.347" /></testsuite></testsuites>