<?xml version="1.0" encoding="utf-8"?><testsuites name="pytest tests"><testsuite name="pytest" errors="0" failures="0" skipped="0" tests="11" time="3.744" timestamp="2026-03-11T22:40:44.987347+00:00" hostname="agent-env-fbb5f4cf-2885-4460-9c18-2f0862d98262"><testcase classname="backend.tests.test_store_launch.TestStoreLaunch" name="test_launch_store_creates_store" time="1.116" /><testcase classname="backend.tests.test_store_launch.TestStoreLaunch" name="test_launch_response_includes_generation_data" time="0.117" /><testcase classname="backend.tests.test_store_launch.TestStoreLaunch" name="test_launch_response_includes_shipping_rules" time="0.123" /><testcase classname="backend.tests.test_store_launch.TestStoreLaunch" name="test_launch_response_includes_supplier_info" time="0.124" /><testcase classname="backend.tests.test_store_launch.TestStoreLaunch" name="test_store_product_includes_supplier_data" time="0.143" /><testcase classname="backend.tests.test_store_launch.TestStoreLaunch" name="test_export_shopify_csv" time="0.246" /><testcase classname="backend.tests.test_store_launch.TestStoreLaunch" name="test_export_woocommerce_json" time="0.254" /><testcase classname="backend.tests.test_store_launch.TestStoreLaunch" name="test_export_shopify_json" time="0.231" /><testcase classname="backend.tests.test_store_launch.TestStoreLaunchValidation" name="test_launch_requires_auth" time="0.109" /><testcase classname="backend.tests.test_store_launch.TestStoreLaunchValidation" name="test_launch_invalid_product" time="0.498" /><testcase classname="backend.tests.test_store_launch.TestStoreDetailAPI" name="test_get_store_detail" time="0.730" /></testsuite></testsuites>