<?xml version="1.0" encoding="utf-8"?><testsuites name="pytest tests"><testsuite name="pytest" errors="0" failures="0" skipped="0" tests="20" time="2.600" timestamp="2026-03-10T15:59:00.924952+00:00" hostname="agent-env-15e10a39-0c25-48c3-825c-fe2c409e0e40"><testcase classname="backend.tests.test_stripe_subscription.TestStripePlansPublicEndpoint" name="test_get_plans_returns_200" time="0.143" /><testcase classname="backend.tests.test_stripe_subscription.TestStripePlansPublicEndpoint" name="test_get_plans_returns_three_plans" time="0.176" /><testcase classname="backend.tests.test_stripe_subscription.TestStripePlansPublicEndpoint" name="test_plans_have_gbp_pricing" time="0.123" /><testcase classname="backend.tests.test_stripe_subscription.TestStripePlansPublicEndpoint" name="test_free_plan_is_zero" time="0.149" /><testcase classname="backend.tests.test_stripe_subscription.TestStripePlansPublicEndpoint" name="test_pro_plan_is_39" time="0.117" /><testcase classname="backend.tests.test_stripe_subscription.TestStripePlansPublicEndpoint" name="test_elite_plan_is_99" time="0.123" /><testcase classname="backend.tests.test_stripe_subscription.TestStripePlansPublicEndpoint" name="test_plans_have_features" time="0.115" /><testcase classname="backend.tests.test_stripe_subscription.TestStripePlansPublicEndpoint" name="test_elite_has_all_features_enabled" time="0.106" /><testcase classname="backend.tests.test_stripe_subscription.TestStripeAuthenticatedEndpoints" name="test_subscription_requires_auth" time="0.122" /><testcase classname="backend.tests.test_stripe_subscription.TestStripeAuthenticatedEndpoints" name="test_feature_access_requires_auth" time="0.104" /><testcase classname="backend.tests.test_stripe_subscription.TestStripeAuthenticatedEndpoints" name="test_create_checkout_requires_auth" time="0.123" /><testcase classname="backend.tests.test_stripe_subscription.TestStripeAuthenticatedEndpoints" name="test_create_portal_requires_auth" time="0.121" /><testcase classname="backend.tests.test_stripe_subscription.TestStripeAuthenticatedEndpoints" name="test_cancel_subscription_requires_auth" time="0.124" /><testcase classname="backend.tests.test_stripe_subscription.TestStripeWebhookEndpoint" name="test_webhook_accepts_post" time="0.113" /><testcase classname="backend.tests.test_stripe_subscription.TestStripeWebhookEndpoint" name="test_webhook_handles_checkout_completed_event" time="0.111" /><testcase classname="backend.tests.test_stripe_subscription.TestPlanFeatureMapping" name="test_free_plan_has_correct_limits" time="0.142" /><testcase classname="backend.tests.test_stripe_subscription.TestPlanFeatureMapping" name="test_pro_plan_has_correct_limits" time="0.115" /><testcase classname="backend.tests.test_stripe_subscription.TestPlanFeatureMapping" name="test_elite_unlocks_all_features" time="0.130" /><testcase classname="backend.tests.test_stripe_subscription.TestSubscriptionServiceIntegration" name="test_plans_endpoint_includes_all_required_fields" time="0.158" /><testcase classname="backend.tests.test_stripe_subscription.TestSubscriptionServiceIntegration" name="test_response_format_consistency" time="0.135" /></testsuite></testsuites>