<?xml version="1.0" encoding="utf-8"?><testsuites name="pytest tests"><testsuite name="pytest" errors="0" failures="0" skipped="0" tests="15" time="2.900" timestamp="2026-03-10T16:40:26.794783+00:00" hostname="agent-env-15e10a39-0c25-48c3-825c-fe2c409e0e40"><testcase classname="backend.tests.test_stripe_e2e.TestStripeCheckoutSessionCreation" name="test_pro_checkout_returns_stripe_url" time="0.266" /><testcase classname="backend.tests.test_stripe_e2e.TestStripeCheckoutSessionCreation" name="test_elite_checkout_returns_stripe_url" time="0.167" /><testcase classname="backend.tests.test_stripe_e2e.TestStripeWebhookCheckoutCompleted" name="test_webhook_accepts_checkout_completed_event" time="0.130" /><testcase classname="backend.tests.test_stripe_e2e.TestStripeWebhookCheckoutCompleted" name="test_webhook_updates_user_to_pro_plan" time="0.167" /><testcase classname="backend.tests.test_stripe_e2e.TestStripeWebhookCheckoutCompleted" name="test_webhook_updates_user_to_elite_plan" time="0.164" /><testcase classname="backend.tests.test_stripe_e2e.TestStripeWebhookSubscriptionUpdated" name="test_webhook_handles_subscription_updated" time="0.151" /><testcase classname="backend.tests.test_stripe_e2e.TestStripeWebhookSubscriptionDeleted" name="test_webhook_handles_subscription_deleted" time="0.218" /><testcase classname="backend.tests.test_stripe_e2e.TestStripeFeatureGating" name="test_feature_access_requires_auth" time="0.107" /><testcase classname="backend.tests.test_stripe_e2e.TestStripeFeatureGating" name="test_plans_define_feature_access" time="0.162" /><testcase classname="backend.tests.test_stripe_e2e.TestStripeCustomerPortal" name="test_portal_session_requires_auth" time="0.151" /><testcase classname="backend.tests.test_stripe_e2e.TestStripeGBPPricing" name="test_plans_return_gbp_currency" time="0.102" /><testcase classname="backend.tests.test_stripe_e2e.TestStripeGBPPricing" name="test_plan_prices_are_correct_gbp" time="0.119" /><testcase classname="backend.tests.test_stripe_e2e.TestStripeWebhookInvoiceEvents" name="test_webhook_handles_payment_succeeded" time="0.141" /><testcase classname="backend.tests.test_stripe_e2e.TestStripeWebhookInvoiceEvents" name="test_webhook_handles_payment_failed" time="0.113" /><testcase classname="backend.tests.test_stripe_e2e.TestStripeCompleteFlow" name="test_complete_subscription_flow" time="0.677" /></testsuite></testsuites>