<?xml version="1.0" encoding="utf-8"?><testsuites name="pytest tests"><testsuite name="pytest" errors="0" failures="0" skipped="0" tests="15" time="5.142" timestamp="2026-03-11T23:51:43.267107+00:00" hostname="agent-env-6b19a41d-9ad4-4bf6-89db-b7ba4c4b98c0"><testcase classname="backend.tests.test_stripe_subscription.TestStripeSetup" name="test_api_health" time="0.244" /><testcase classname="backend.tests.test_stripe_subscription.TestStripeSetup" name="test_plans_endpoint_returns_three_plans" time="0.126" /><testcase classname="backend.tests.test_stripe_subscription.TestStripeCheckout" name="test_create_checkout_session_pro" time="1.025" /><testcase classname="backend.tests.test_stripe_subscription.TestStripeCheckout" name="test_create_checkout_session_elite" time="0.417" /><testcase classname="backend.tests.test_stripe_subscription.TestStripeCheckout" name="test_create_checkout_session_requires_auth" time="0.153" /><testcase classname="backend.tests.test_stripe_subscription.TestStripePortalAndCancel" name="test_create_portal_session" time="0.664" /><testcase classname="backend.tests.test_stripe_subscription.TestStripePortalAndCancel" name="test_cancel_subscription" time="0.145" /><testcase classname="backend.tests.test_stripe_subscription.TestWebhook" name="test_webhook_checkout_completed" time="0.120" /><testcase classname="backend.tests.test_stripe_subscription.TestWebhook" name="test_webhook_subscription_deleted" time="0.117" /><testcase classname="backend.tests.test_stripe_subscription.TestFeatureAccess" name="test_feature_access_free_user" time="0.454" /><testcase classname="backend.tests.test_stripe_subscription.TestFeatureAccess" name="test_feature_access_requires_auth" time="0.136" /><testcase classname="backend.tests.test_stripe_subscription.TestServerSideGating" name="test_pdf_export_blocked_for_free_users" time="0.447" /><testcase classname="backend.tests.test_stripe_subscription.TestServerSideGating" name="test_early_opportunities_blocked_for_free_users" time="0.106" /><testcase classname="backend.tests.test_stripe_subscription.TestSubscriptionEndpoint" name="test_get_user_subscription" time="0.484" /><testcase classname="backend.tests.test_stripe_subscription.TestStoreLimitGating" name="test_feature_access_store_limits" time="0.430" /></testsuite></testsuites>