<?xml version="1.0" encoding="utf-8"?><testsuites name="pytest tests"><testsuite name="pytest" errors="0" failures="0" skipped="0" tests="15" time="3.249" timestamp="2026-03-11T22:21:12.143169+00:00" hostname="agent-env-fbb5f4cf-2885-4460-9c18-2f0862d98262"><testcase classname="backend.tests.test_supplier_integration.TestSupplierIntegration" name="test_get_suppliers_auto_discovers" time="0.389" /><testcase classname="backend.tests.test_supplier_integration.TestSupplierIntegration" name="test_get_suppliers_returns_two_sources" time="0.158" /><testcase classname="backend.tests.test_supplier_integration.TestSupplierIntegration" name="test_supplier_listing_has_required_fields" time="0.138" /><testcase classname="backend.tests.test_supplier_integration.TestSupplierIntegration" name="test_aliexpress_supplier_data" time="0.122" /><testcase classname="backend.tests.test_supplier_integration.TestSupplierIntegration" name="test_cj_dropshipping_supplier_data" time="0.131" /><testcase classname="backend.tests.test_supplier_integration.TestSupplierIntegration" name="test_invalid_product_id_returns_error" time="0.190" /><testcase classname="backend.tests.test_supplier_integration.TestSupplierIntegration" name="test_find_suppliers_refreshes_data" time="0.119" /><testcase classname="backend.tests.test_supplier_integration.TestSupplierIntegration" name="test_find_suppliers_returns_fresh_ids" time="0.294" /><testcase classname="backend.tests.test_supplier_integration.TestSupplierIntegration" name="test_select_supplier_works" time="0.639" /><testcase classname="backend.tests.test_supplier_integration.TestSupplierIntegration" name="test_select_supplier_deselects_others" time="0.353" /><testcase classname="backend.tests.test_supplier_integration.TestSupplierIntegration" name="test_select_invalid_supplier_returns_error" time="0.118" /><testcase classname="backend.tests.test_supplier_integration.TestSupplierIntegration" name="test_supplier_confidence_badges" time="0.121" /><testcase classname="backend.tests.test_supplier_integration.TestSupplierIntegration" name="test_supplier_urls_are_valid" time="0.152" /><testcase classname="backend.tests.test_supplier_integration.TestSupplierAPIHealth" name="test_api_health" time="0.132" /><testcase classname="backend.tests.test_supplier_integration.TestSupplierAPIHealth" name="test_products_endpoint_works" time="0.109" /></testsuite></testsuites>