<?xml version="1.0" encoding="utf-8"?><testsuites name="pytest tests"><testsuite name="pytest" errors="0" failures="0" skipped="0" tests="14" time="6.426" timestamp="2026-03-28T14:27:09.742048+00:00" hostname="agent-env-31ec0979-87df-46e2-a901-6ef006c2f7ac"><testcase classname="backend.tests.test_sync_history_autosync.TestHealthAndAuth" name="test_health_endpoint" time="3.717" /><testcase classname="backend.tests.test_sync_history_autosync.TestHealthAndAuth" name="test_admin_login" time="0.338" /><testcase classname="backend.tests.test_sync_history_autosync.TestHealthAndAuth" name="test_demo_login" time="0.335" /><testcase classname="backend.tests.test_sync_history_autosync.TestSyncHistory" name="test_sync_history_requires_auth" time="0.105" /><testcase classname="backend.tests.test_sync_history_autosync.TestSyncHistory" name="test_sync_history_with_auth" time="0.432" /><testcase classname="backend.tests.test_sync_history_autosync.TestSyncHistory" name="test_sync_history_summary_requires_auth" time="0.115" /><testcase classname="backend.tests.test_sync_history_autosync.TestSyncHistory" name="test_sync_history_summary_with_auth" time="0.167" /><testcase classname="backend.tests.test_sync_history_autosync.TestSyncHistory" name="test_sync_history_demo_user" time="0.442" /><testcase classname="backend.tests.test_sync_history_autosync.TestPublicEndpoints" name="test_public_trending_products" time="0.121" /><testcase classname="backend.tests.test_sync_history_autosync.TestPublicEndpoints" name="test_public_daily_picks" time="0.114" /><testcase classname="backend.tests.test_sync_history_autosync.TestPublicEndpoints" name="test_public_top_trending" time="0.117" /><testcase classname="backend.tests.test_sync_history_autosync.TestAutoSyncTaskRegistration" name="test_scheduler_tasks_endpoint" time="0.129" /><testcase classname="backend.tests.test_sync_history_autosync.TestSyncProducts" name="test_sync_products_requires_auth" time="0.118" /><testcase classname="backend.tests.test_sync_history_autosync.TestSyncProducts" name="test_sync_products_with_auth" time="0.104" /></testsuite></testsuites>