<?xml version="1.0" encoding="utf-8"?><testsuites name="pytest tests"><testsuite name="pytest" errors="0" failures="0" skipped="1" tests="10" time="1.859" timestamp="2026-03-12T10:34:03.122728+00:00" hostname="agent-env-caf07b31-80bb-4df6-b599-74511ac4b21d"><testcase classname="backend.tests.test_system_health_api.TestSystemHealthAuthentication" name="test_health_requires_authentication" time="0.289" /><testcase classname="backend.tests.test_system_health_api.TestSystemHealthAuthentication" name="test_health_requires_admin_role" time="0.217"><skipped type="pytest.skip" message="Could not create non-admin user for testing">/app/backend/tests/test_system_health_api.py:36: Could not create non-admin user for testing</skipped></testcase><testcase classname="backend.tests.test_system_health_api.TestSystemHealthAuthentication" name="test_health_admin_access_success" time="0.455" /><testcase classname="backend.tests.test_system_health_api.TestSystemHealthResponseStructure" name="test_health_response_top_level_fields" time="0.107" /><testcase classname="backend.tests.test_system_health_api.TestSystemHealthResponseStructure" name="test_health_categories_include_required" time="0.147" /><testcase classname="backend.tests.test_system_health_api.TestSystemHealthResponseStructure" name="test_health_check_structure" time="0.108" /><testcase classname="backend.tests.test_system_health_api.TestSystemHealthCategoryContent" name="test_data_ingestion_checks" time="0.111" /><testcase classname="backend.tests.test_system_health_api.TestSystemHealthCategoryContent" name="test_api_integrations_checks" time="0.113" /><testcase classname="backend.tests.test_system_health_api.TestSystemHealthCategoryContent" name="test_core_systems_checks" time="0.106" /><testcase classname="backend.tests.test_system_health_api.TestSystemHealthCategoryContent" name="test_infrastructure_checks" time="0.146" /></testsuite></testsuites>