<?xml version="1.0" encoding="utf-8"?><testsuites name="pytest tests"><testsuite name="pytest" errors="0" failures="0" skipped="0" tests="17" time="6.333" timestamp="2026-03-13T04:06:40.304581+00:00" hostname="agent-env-2dbe6127-a7be-4a37-8c5c-aa715d93973f"><testcase classname="tests.test_threshold_subscription_features.TestPublicDailyPicks" name="test_daily_picks_returns_200" time="0.142" /><testcase classname="tests.test_threshold_subscription_features.TestPublicDailyPicks" name="test_daily_picks_has_picks_array" time="0.105" /><testcase classname="tests.test_threshold_subscription_features.TestPublicDailyPicks" name="test_daily_picks_has_date_field" time="0.106" /><testcase classname="tests.test_threshold_subscription_features.TestPublicDailyPicks" name="test_daily_picks_returns_max_5_products" time="0.109" /><testcase classname="tests.test_threshold_subscription_features.TestPublicDailyPicks" name="test_daily_picks_product_fields" time="0.101" /><testcase classname="tests.test_threshold_subscription_features.TestThresholdSubscription" name="test_get_threshold_subscription_requires_auth" time="0.497" /><testcase classname="tests.test_threshold_subscription_features.TestThresholdSubscription" name="test_get_threshold_subscription_with_auth" time="0.454" /><testcase classname="tests.test_threshold_subscription_features.TestThresholdSubscription" name="test_put_threshold_subscription_requires_auth" time="0.449" /><testcase classname="tests.test_threshold_subscription_features.TestThresholdSubscription" name="test_put_threshold_subscription_update" time="0.452" /><testcase classname="tests.test_threshold_subscription_features.TestThresholdSubscription" name="test_put_threshold_subscription_with_categories" time="0.458" /><testcase classname="tests.test_threshold_subscription_features.TestDailyUsageTracking" name="test_daily_usage_requires_auth" time="0.443" /><testcase classname="tests.test_threshold_subscription_features.TestDailyUsageTracking" name="test_daily_usage_returns_usage_data" time="0.493" /><testcase classname="tests.test_threshold_subscription_features.TestDailyUsageTracking" name="test_track_insight_requires_auth" time="0.438" /><testcase classname="tests.test_threshold_subscription_features.TestDailyUsageTracking" name="test_track_insight_increments_usage" time="0.575" /><testcase classname="tests.test_threshold_subscription_features.TestDailyUsageTracking" name="test_track_insight_returns_limit_reached" time="0.477" /><testcase classname="tests.test_threshold_subscription_features.TestAdminThresholdSubscription" name="test_admin_can_access_threshold_subscription" time="0.443" /><testcase classname="tests.test_threshold_subscription_features.TestAdminThresholdSubscription" name="test_admin_daily_usage_shows_unlimited_or_high_limit" time="0.520" /></testsuite></testsuites>