<?xml version="1.0" encoding="utf-8"?><testsuites name="pytest tests"><testsuite name="pytest" errors="0" failures="0" skipped="0" tests="23" time="127.298" timestamp="2026-03-13T08:47:10.794298+00:00" hostname="agent-env-2dbe6127-a7be-4a37-8c5c-aa715d93973f"><testcase classname="backend.tests.test_tiktok_ai_simulator.TestTikTokIntelligence" name="test_tiktok_intelligence_returns_200" time="0.477" /><testcase classname="backend.tests.test_tiktok_ai_simulator.TestTikTokIntelligence" name="test_tiktok_intelligence_has_viral_products" time="0.051" /><testcase classname="backend.tests.test_tiktok_ai_simulator.TestTikTokIntelligence" name="test_tiktok_intelligence_viral_products_structure" time="0.054" /><testcase classname="backend.tests.test_tiktok_ai_simulator.TestTikTokIntelligence" name="test_tiktok_intelligence_has_categories" time="0.049" /><testcase classname="backend.tests.test_tiktok_ai_simulator.TestTikTokIntelligence" name="test_tiktok_intelligence_has_trending_patterns" time="0.051" /><testcase classname="backend.tests.test_tiktok_ai_simulator.TestTikTokIntelligence" name="test_tiktok_intelligence_has_stats" time="0.047" /><testcase classname="backend.tests.test_tiktok_ai_simulator.TestTikTokIntelligence" name="test_tiktok_intelligence_views_are_positive" time="0.047" /><testcase classname="backend.tests.test_tiktok_ai_simulator.TestBaseSimulator" name="test_simulate_requires_auth" time="0.162" /><testcase classname="backend.tests.test_tiktok_ai_simulator.TestBaseSimulator" name="test_simulate_returns_200_with_auth" time="0.333" /><testcase classname="backend.tests.test_tiktok_ai_simulator.TestBaseSimulator" name="test_simulate_returns_simulation_data" time="0.057" /><testcase classname="backend.tests.test_tiktok_ai_simulator.TestBaseSimulator" name="test_simulate_returns_potential_rating" time="0.048" /><testcase classname="backend.tests.test_tiktok_ai_simulator.TestBaseSimulator" name="test_simulate_returns_guidance" time="0.054" /><testcase classname="backend.tests.test_tiktok_ai_simulator.TestBaseSimulator" name="test_simulate_with_invalid_product_returns_404" time="0.052" /><testcase classname="backend.tests.test_tiktok_ai_simulator.TestAISimulator" name="test_ai_simulate_requires_auth" time="0.111" /><testcase classname="backend.tests.test_tiktok_ai_simulator.TestAISimulator" name="test_ai_simulate_returns_200_with_auth" time="25.344" /><testcase classname="backend.tests.test_tiktok_ai_simulator.TestAISimulator" name="test_ai_simulate_has_ai_analysis" time="23.278" /><testcase classname="backend.tests.test_tiktok_ai_simulator.TestAISimulator" name="test_ai_simulate_has_strategy_phases" time="23.490" /><testcase classname="backend.tests.test_tiktok_ai_simulator.TestAISimulator" name="test_ai_simulate_has_target_audience" time="29.798" /><testcase classname="backend.tests.test_tiktok_ai_simulator.TestAISimulator" name="test_ai_simulate_has_revenue_projection" time="23.471" /><testcase classname="backend.tests.test_tiktok_ai_simulator.TestScheduledTasks" name="test_jobs_status_returns_200" time="0.051" /><testcase classname="backend.tests.test_tiktok_ai_simulator.TestScheduledTasks" name="test_scheduler_has_18_tasks" time="0.052" /><testcase classname="backend.tests.test_tiktok_ai_simulator.TestScheduledTasks" name="test_weekly_competitor_scan_is_registered" time="0.048" /><testcase classname="backend.tests.test_tiktok_ai_simulator.TestScheduledTasks" name="test_weekly_competitor_scan_scheduled" time="0.049" /></testsuite></testsuites>