<?xml version="1.0" encoding="utf-8"?><testsuites name="pytest tests"><testsuite name="pytest" errors="0" failures="0" skipped="0" tests="21" time="3.400" timestamp="2026-03-31T12:10:50.236093+00:00" hostname="agent-env-ba1c04d1-026f-44ea-9520-7f4c47d2665f"><testcase classname="tests.test_uk_supplier_features.TestIsUkSupplierFunction" name="test_is_uk_supplier_with_avasam_pid" time="0.001" /><testcase classname="tests.test_uk_supplier_features.TestIsUkSupplierFunction" name="test_is_uk_supplier_with_avasam_data_source" time="0.000" /><testcase classname="tests.test_uk_supplier_features.TestIsUkSupplierFunction" name="test_is_uk_supplier_with_gb_supplier" time="0.000" /><testcase classname="tests.test_uk_supplier_features.TestIsUkSupplierFunction" name="test_is_uk_supplier_with_uk_supplier" time="0.000" /><testcase classname="tests.test_uk_supplier_features.TestIsUkSupplierFunction" name="test_is_uk_supplier_with_lowercase_gb" time="0.000" /><testcase classname="tests.test_uk_supplier_features.TestIsUkSupplierFunction" name="test_is_uk_supplier_with_cn_supplier" time="0.000" /><testcase classname="tests.test_uk_supplier_features.TestIsUkSupplierFunction" name="test_is_uk_supplier_with_no_suppliers" time="0.007" /><testcase classname="tests.test_uk_supplier_features.TestIsUkSupplierFunction" name="test_is_uk_supplier_with_empty_suppliers" time="0.000" /><testcase classname="tests.test_uk_supplier_features.TestIsUkSupplierFunction" name="test_is_uk_supplier_with_cj_data_source" time="0.000" /><testcase classname="tests.test_uk_supplier_features.TestLaunchScoreUkBonus" name="test_launch_score_includes_uk_bonus" time="0.000" /><testcase classname="tests.test_uk_supplier_features.TestLaunchScoreUkBonus" name="test_launch_score_reasoning_includes_uk_bonus" time="0.000" /><testcase classname="tests.test_uk_supplier_features.TestLaunchScoreUkBonus" name="test_non_uk_supplier_no_bonus_in_reasoning" time="0.000" /><testcase classname="tests.test_uk_supplier_features.TestUkSupplierInApiResponses" name="test_trending_products_has_uk_supplier_field" time="1.812" /><testcase classname="tests.test_uk_supplier_features.TestUkSupplierInApiResponses" name="test_top_trending_has_uk_supplier_field" time="0.180" /><testcase classname="tests.test_uk_supplier_features.TestUkSupplierInApiResponses" name="test_products_list_has_uk_supplier_field" time="0.143" /><testcase classname="tests.test_uk_supplier_features.TestUkSupplierInApiResponses" name="test_product_detail_has_uk_supplier_field" time="0.304" /><testcase classname="tests.test_uk_supplier_features.TestUkSupplierInApiResponses" name="test_public_product_by_slug_has_uk_supplier_field" time="0.285" /><testcase classname="tests.test_uk_supplier_features.TestUkSupplierValueCorrectness" name="test_uk_supplier_false_for_standard_products" time="0.124" /><testcase classname="tests.test_uk_supplier_features.TestUkSupplierValueCorrectness" name="test_uk_shipping_and_uk_supplier_both_present" time="0.193" /><testcase classname="tests.test_uk_supplier_features.TestHealthEndpoints" name="test_health_endpoint" time="0.165" /><testcase classname="tests.test_uk_supplier_features.TestHealthEndpoints" name="test_api_health_endpoint" time="0.112" /></testsuite></testsuites>