<?xml version="1.0" encoding="utf-8"?><testsuites name="pytest tests"><testsuite name="pytest" errors="0" failures="0" skipped="2" tests="12" time="3.799" timestamp="2026-03-30T22:37:51.098003+00:00" hostname="agent-env-ba1c04d1-026f-44ea-9520-7f4c47d2665f"><testcase classname="tests.test_uk_shipping_indicator.TestUKShippingTierLogic" name="test_trending_products_has_uk_shipping" time="1.700" /><testcase classname="tests.test_uk_shipping_indicator.TestUKShippingTierLogic" name="test_top_trending_has_uk_shipping" time="0.126" /><testcase classname="tests.test_uk_shipping_indicator.TestUKShippingTierLogic" name="test_products_list_has_uk_shipping" time="0.119" /><testcase classname="tests.test_uk_shipping_indicator.TestUKShippingTierLogic" name="test_single_product_has_uk_shipping" time="0.323" /><testcase classname="tests.test_uk_shipping_indicator.TestUKShippingTierLogic" name="test_public_product_by_slug_has_uk_shipping" time="0.278" /><testcase classname="tests.test_uk_shipping_indicator.TestShippingTierAssignment" name="test_cj_products_get_yellow_tier" time="0.175"><skipped type="pytest.skip" message="No CJ products in top 50 by score - expected behavior">/app/backend/tests/test_uk_shipping_indicator.py:162: No CJ products in top 50 by score - expected behavior</skipped></testcase><testcase classname="tests.test_uk_shipping_indicator.TestShippingTierAssignment" name="test_non_cj_products_get_red_tier" time="0.152" /><testcase classname="tests.test_uk_shipping_indicator.TestShippingTierAssignment" name="test_landing_page_products_tier_distribution" time="0.133" /><testcase classname="tests.test_uk_shipping_indicator.TestShippingFieldStructure" name="test_green_tier_structure" time="0.212"><skipped type="pytest.skip" message="No green tier products available">/app/backend/tests/test_uk_shipping_indicator.py:239: No green tier products available</skipped></testcase><testcase classname="tests.test_uk_shipping_indicator.TestShippingFieldStructure" name="test_yellow_tier_structure" time="0.160" /><testcase classname="tests.test_uk_shipping_indicator.TestShippingFieldStructure" name="test_red_tier_structure" time="0.118" /><testcase classname="tests.test_uk_shipping_indicator.TestAPIResponseConsistency" name="test_same_product_same_shipping_info" time="0.215" /></testsuite></testsuites>