<?xml version="1.0" encoding="utf-8"?><testsuites name="pytest tests"><testsuite name="pytest" errors="0" failures="0" skipped="0" tests="8" time="1.782" timestamp="2026-03-13T19:24:34.709025+00:00" hostname="agent-env-b50d0dec-0792-4114-b082-ef48abe05d6f"><testcase classname="backend.tests.test_ux_fixes.TestProductValidationAPI" name="test_sunset_lamp_returns_real_recommendation" time="0.355" /><testcase classname="backend.tests.test_ux_fixes.TestProductValidationAPI" name="test_validation_has_strengths_array" time="0.131" /><testcase classname="backend.tests.test_ux_fixes.TestProductValidationAPI" name="test_validation_no_missing_data_weakness" time="0.156" /><testcase classname="backend.tests.test_ux_fixes.TestProductValidationAPI" name="test_confidence_above_minimum" time="0.111" /><testcase classname="backend.tests.test_ux_fixes.TestProductValidationAPI" name="test_success_probability_positive" time="0.157" /><testcase classname="backend.tests.test_ux_fixes.TestSupplierAPI" name="test_supplier_returns_data" time="0.152" /><testcase classname="backend.tests.test_ux_fixes.TestAlertsAPI" name="test_alerts_endpoint_exists" time="0.440" /><testcase classname="backend.tests.test_ux_fixes.TestHealthAPI" name="test_health_endpoint" time="0.222" /></testsuite></testsuites>