<?xml version="1.0" encoding="utf-8"?><testsuites name="pytest tests"><testsuite name="pytest" errors="0" failures="0" skipped="0" tests="14" time="42.300" timestamp="2026-03-30T17:42:01.401929+00:00" hostname="agent-env-355dcb1e-a76e-4783-b80a-809001093a5d"><testcase classname="backend.tests.test_viral_predictions.TestPublicViralPredictions" name="test_public_viral_predictions_returns_3_predictions" time="2.469" /><testcase classname="backend.tests.test_viral_predictions.TestPublicViralPredictions" name="test_public_viral_predictions_structure" time="0.053" /><testcase classname="backend.tests.test_viral_predictions.TestPremiumViralPredictions" name="test_premium_predictions_without_auth_returns_401" time="0.164" /><testcase classname="backend.tests.test_viral_predictions.TestPremiumViralPredictions" name="test_premium_predictions_with_auth_returns_all" time="0.490" /><testcase classname="backend.tests.test_viral_predictions.TestPremiumViralPredictions" name="test_premium_predictions_full_details" time="0.060" /><testcase classname="backend.tests.test_viral_predictions.TestViralPredictionsRefresh" name="test_refresh_without_auth_returns_401" time="0.146" /><testcase classname="backend.tests.test_viral_predictions.TestViralPredictionsRefresh" name="test_refresh_with_auth_generates_predictions" time="37.149" /><testcase classname="backend.tests.test_viral_predictions.TestViralPredictionsHistory" name="test_history_without_auth_returns_401" time="0.279" /><testcase classname="backend.tests.test_viral_predictions.TestViralPredictionsHistory" name="test_history_with_auth_returns_batches" time="0.107" /><testcase classname="backend.tests.test_viral_predictions.TestViralPredictionsHistory" name="test_history_limit_parameter" time="0.074" /><testcase classname="backend.tests.test_viral_predictions.TestRegressionEndpoints" name="test_product_validator_still_works" time="0.155" /><testcase classname="backend.tests.test_viral_predictions.TestRegressionEndpoints" name="test_competitor_spy_still_works" time="0.709" /><testcase classname="backend.tests.test_viral_predictions.TestRegressionEndpoints" name="test_auth_login_still_works" time="0.297" /><testcase classname="backend.tests.test_viral_predictions.TestRegressionEndpoints" name="test_landing_page_health" time="0.071" /></testsuite></testsuites>