<?xml version="1.0" encoding="utf-8"?><testsuites name="pytest tests"><testsuite name="pytest" errors="0" failures="0" skipped="0" tests="15" time="2.793" timestamp="2026-03-10T20:42:26.668896+00:00" hostname="agent-env-9476d891-585c-49dc-a165-a94cd3a57d66"><testcase classname="tests.test_viral_features.TestTrendingProductsAPI" name="test_trending_products_returns_200" time="0.258" /><testcase classname="tests.test_viral_features.TestTrendingProductsAPI" name="test_trending_products_has_correct_structure" time="0.159" /><testcase classname="tests.test_viral_features.TestTrendingProductsAPI" name="test_trending_products_limit_param" time="0.179" /><testcase classname="tests.test_viral_features.TestTrendingProductsAPI" name="test_trending_product_has_launch_score" time="0.151" /><testcase classname="tests.test_viral_features.TestPublicProductAPI" name="test_public_product_returns_404_for_invalid_id" time="0.190" /><testcase classname="tests.test_viral_features.TestPublicProductAPI" name="test_public_product_returns_partial_data" time="0.234" /><testcase classname="tests.test_viral_features.TestPublicProductAPI" name="test_public_product_has_margin_range_not_exact" time="0.259" /><testcase classname="tests.test_viral_features.TestReferralTrackAPI" name="test_track_referral_invalid_code_returns_404" time="0.195" /><testcase classname="tests.test_viral_features.TestReferralTrackAPI" name="test_track_referral_requires_both_params" time="0.132" /><testcase classname="tests.test_viral_features.TestReferralStatsAPI" name="test_referral_stats_requires_auth" time="0.134" /><testcase classname="tests.test_viral_features.TestReferralStatsAPI" name="test_referral_stats_with_demo_token" time="0.156" /><testcase classname="tests.test_viral_features.TestReferralHistoryAPI" name="test_referral_history_requires_auth" time="0.166" /><testcase classname="tests.test_viral_features.TestReferralHistoryAPI" name="test_referral_history_with_demo_token" time="0.216" /><testcase classname="tests.test_viral_features.TestAPIHealth" name="test_api_health" time="0.111" /><testcase classname="tests.test_viral_features.TestAPIHealth" name="test_api_root" time="0.149" /></testsuite></testsuites>