<?xml version="1.0" encoding="utf-8"?><testsuites name="pytest tests"><testsuite name="pytest" errors="0" failures="0" skipped="0" tests="14" time="9.056" timestamp="2026-03-13T01:11:00.998945+00:00" hostname="agent-env-2dbe6127-a7be-4a37-8c5c-aa715d93973f"><testcase classname="backend.tests.test_viral_upgrade_features.TestDailyPicksPublic" name="test_daily_picks_returns_200" time="2.498" /><testcase classname="backend.tests.test_viral_upgrade_features.TestDailyPicksPublic" name="test_daily_picks_returns_required_fields" time="0.116" /><testcase classname="backend.tests.test_viral_upgrade_features.TestDailyPicksPublic" name="test_daily_picks_product_structure" time="0.123" /><testcase classname="backend.tests.test_viral_upgrade_features.TestDailyPicksPublic" name="test_daily_picks_returns_max_5_products" time="0.116" /><testcase classname="backend.tests.test_viral_upgrade_features.TestDailyUsage" name="test_daily_usage_requires_auth" time="0.638" /><testcase classname="backend.tests.test_viral_upgrade_features.TestDailyUsage" name="test_daily_usage_returns_data_with_auth" time="0.697" /><testcase classname="backend.tests.test_viral_upgrade_features.TestDailyUsage" name="test_daily_usage_has_plan_field" time="0.577" /><testcase classname="backend.tests.test_viral_upgrade_features.TestTrackInsight" name="test_track_insight_requires_auth" time="0.647" /><testcase classname="backend.tests.test_viral_upgrade_features.TestTrackInsight" name="test_track_insight_increments_usage" time="0.675" /><testcase classname="backend.tests.test_viral_upgrade_features.TestTrackInsight" name="test_track_insight_returns_limit_reached" time="0.579" /><testcase classname="backend.tests.test_viral_upgrade_features.TestFeatureAccess" name="test_feature_access_requires_auth" time="0.548" /><testcase classname="backend.tests.test_viral_upgrade_features.TestFeatureAccess" name="test_feature_access_returns_daily_limits" time="0.597" /><testcase classname="backend.tests.test_viral_upgrade_features.TestFeatureAccess" name="test_feature_access_returns_plan" time="0.578" /><testcase classname="backend.tests.test_viral_upgrade_features.TestAdminUserFeatureAccess" name="test_admin_has_unlimited_access" time="0.596" /></testsuite></testsuites>