<?xml version="1.0" encoding="utf-8"?><testsuites name="pytest tests"><testsuite name="pytest" errors="0" failures="1" skipped="3" tests="14" time="6.111" timestamp="2026-03-16T20:40:35.704347+00:00" hostname="agent-env-ed643f02-c018-4367-94b1-2f1404f385bd"><testcase classname="backend.tests.test_websocket_upgrade.TestNotificationWebSocketEndpoint" name="test_websocket_endpoint_exists" time="0.581" /><testcase classname="backend.tests.test_websocket_upgrade.TestNotificationWebSocketEndpoint" name="test_websocket_without_token_rejected" time="0.588" /><testcase classname="backend.tests.test_websocket_upgrade.TestNotificationWebSocketEndpoint" name="test_websocket_with_invalid_token_rejected" time="0.526" /><testcase classname="backend.tests.test_websocket_upgrade.TestNotificationRESTEndpoints" name="test_get_notifications_list" time="0.783" /><testcase classname="backend.tests.test_websocket_upgrade.TestNotificationRESTEndpoints" name="test_get_unread_count" time="0.764" /><testcase classname="backend.tests.test_websocket_upgrade.TestNotificationRESTEndpoints" name="test_post_mark_read" time="0.559" /><testcase classname="backend.tests.test_websocket_upgrade.TestNotificationRESTEndpoints" name="test_post_mark_all_read" time="0.554" /><testcase classname="backend.tests.test_websocket_upgrade.TestNotificationRESTEndpoints" name="test_post_test_alert" time="0.516" /><testcase classname="backend.tests.test_websocket_upgrade.TestNotificationRESTEndpoints" name="test_get_notifications_requires_auth" time="0.550" /><testcase classname="backend.tests.test_websocket_upgrade.TestNotificationRESTEndpoints" name="test_unread_count_requires_auth" time="0.143"><skipped type="pytest.skip" message="Login failed: 429">/app/backend/tests/test_websocket_upgrade.py:189: Login failed: 429</skipped></testcase><testcase classname="backend.tests.test_websocket_upgrade.TestSSEEndpointRemoved" name="test_sse_stream_endpoint_removed" time="0.147"><skipped type="pytest.skip" message="Login failed: 429">/app/backend/tests/test_websocket_upgrade.py:217: Login failed: 429</skipped></testcase><testcase classname="backend.tests.test_websocket_upgrade.TestLoginFlowAndDashboard" name="test_login_works" time="0.168"><failure message="AssertionError: Login failed: 429 - {&quot;success&quot;:false,&quot;error&quot;:{&quot;code&quot;:&quot;RATE_LIMITED&quot;,&quot;message&quot;:&quot;Too many requests. Please try again later.&quot;,&quot;retry_after&quot;:8}}&#10;assert 429 == 200&#10; +  where 429 = &lt;Response [429]&gt;.status_code">backend/tests/test_websocket_upgrade.py:244: in test_login_works
    assert response.status_code == 200, f"Login failed: {response.status_code} - {response.text}"
E   AssertionError: Login failed: 429 - {"success":false,"error":{"code":"RATE_LIMITED","message":"Too many requests. Please try again later.","retry_after":8}}
E   assert 429 == 200
E    +  where 429 = &lt;Response [429]&gt;.status_code</failure></testcase><testcase classname="backend.tests.test_websocket_upgrade.TestLoginFlowAndDashboard" name="test_profile_endpoint_works" time="0.117"><skipped type="pytest.skip" message="Login failed">/app/backend/tests/test_websocket_upgrade.py:264: Login failed</skipped></testcase><testcase classname="backend.tests.test_websocket_upgrade.TestWebSocketURLScheme" name="test_backend_url_for_websocket" time="0.000" /></testsuite></testsuites>