<?xml version="1.0" encoding="utf-8"?><testsuites name="pytest tests"><testsuite name="pytest" errors="0" failures="0" skipped="0" tests="8" time="6.087" timestamp="2026-03-16T20:02:52.440654+00:00" hostname="agent-env-bad92867-9df1-4804-ab3b-d57efc47e532"><testcase classname="backend.tests.test_weekly_digest.TestDigestPublicEndpoints" name="test_get_latest_digest_returns_data" time="4.224" /><testcase classname="backend.tests.test_weekly_digest.TestDigestPublicEndpoints" name="test_get_digest_archive_returns_list" time="0.158" /><testcase classname="backend.tests.test_weekly_digest.TestDigestPublicEndpoints" name="test_get_digest_by_id" time="0.316" /><testcase classname="backend.tests.test_weekly_digest.TestDigestPublicEndpoints" name="test_get_digest_by_invalid_id_returns_404" time="0.162" /><testcase classname="backend.tests.test_weekly_digest.TestDigestAdminEndpoint" name="test_generate_digest_requires_auth" time="0.123" /><testcase classname="backend.tests.test_weekly_digest.TestDigestAdminEndpoint" name="test_generate_digest_requires_admin" time="0.700" /><testcase classname="backend.tests.test_weekly_digest.TestDigestProductStructure" name="test_product_card_fields" time="0.170" /><testcase classname="backend.tests.test_weekly_digest.TestDigestProductStructure" name="test_five_products_with_diversity" time="0.166" /></testsuite></testsuites>