<?xml version="1.0" encoding="utf-8"?><testsuites name="pytest tests"><testsuite name="pytest" errors="0" failures="0" skipped="0" tests="15" time="11.660" timestamp="2026-03-30T17:57:12.901563+00:00" hostname="agent-env-355dcb1e-a76e-4783-b80a-809001093a5d"><testcase classname="backend.tests.test_weekly_digest.TestWeeklyDigestTrigger" name="test_trigger_with_api_key_returns_success" time="3.356" /><testcase classname="backend.tests.test_weekly_digest.TestWeeklyDigestTrigger" name="test_trigger_with_admin_auth_returns_success_or_csrf" time="0.402" /><testcase classname="backend.tests.test_weekly_digest.TestWeeklyDigestTrigger" name="test_trigger_without_auth_returns_401" time="0.128" /><testcase classname="backend.tests.test_weekly_digest.TestWeeklyDigestTrigger" name="test_trigger_with_invalid_api_key_returns_401" time="0.120" /><testcase classname="backend.tests.test_weekly_digest.TestWeeklyDigestTrigger" name="test_trigger_errors_array_is_empty_or_minimal" time="2.400" /><testcase classname="backend.tests.test_weekly_digest.TestWeeklyDigestTrigger" name="test_trigger_steps_have_records_processed" time="2.214" /><testcase classname="backend.tests.test_weekly_digest.TestWeeklyDigestPreview" name="test_preview_with_auth_returns_html" time="0.738" /><testcase classname="backend.tests.test_weekly_digest.TestWeeklyDigestPreview" name="test_preview_without_auth_returns_401_or_403" time="0.106" /><testcase classname="backend.tests.test_weekly_digest.TestWeeklyDigestPreview" name="test_preview_html_contains_product_images" time="0.415" /><testcase classname="backend.tests.test_weekly_digest.TestWeeklyDigestPreview" name="test_preview_html_contains_scores" time="0.401" /><testcase classname="backend.tests.test_weekly_digest.TestRegressionEndpoints" name="test_viral_predictions_still_works" time="0.185" /><testcase classname="backend.tests.test_weekly_digest.TestRegressionEndpoints" name="test_competitor_spy_scan_still_works" time="0.408" /><testcase classname="backend.tests.test_weekly_digest.TestRegressionEndpoints" name="test_validate_product_still_works" time="0.137" /><testcase classname="backend.tests.test_weekly_digest.TestRegressionEndpoints" name="test_auth_login_still_works" time="0.423" /><testcase classname="backend.tests.test_weekly_digest.TestRegressionEndpoints" name="test_health_check_still_works" time="0.152" /></testsuite></testsuites>