<?xml version="1.0" encoding="utf-8"?><testsuites name="pytest tests"><testsuite name="pytest" errors="0" failures="0" skipped="0" tests="25" time="3.939" timestamp="2026-03-13T10:14:23.548811+00:00" hostname="agent-env-454c0bfa-8151-45a4-9565-98c9e4694d86"><testcase classname="tests.test_workspace_email.TestWorkspaceListProducts" name="test_list_workspace_products_returns_200" time="0.522" /><testcase classname="tests.test_workspace_email.TestWorkspaceListProducts" name="test_workspace_products_have_required_fields" time="0.116" /><testcase classname="tests.test_workspace_email.TestWorkspaceListProducts" name="test_workspace_products_enriched_with_product_data" time="0.102" /><testcase classname="tests.test_workspace_email.TestWorkspaceListProducts" name="test_workspace_products_filter_by_status" time="0.114" /><testcase classname="tests.test_workspace_email.TestWorkspaceSaveProduct" name="test_save_product_success" time="0.253" /><testcase classname="tests.test_workspace_email.TestWorkspaceSaveProduct" name="test_save_duplicate_product_returns_already_saved" time="0.212" /><testcase classname="tests.test_workspace_email.TestWorkspaceSaveProduct" name="test_save_product_without_id_returns_400" time="0.100" /><testcase classname="tests.test_workspace_email.TestWorkspaceDeleteProduct" name="test_delete_product_success" time="0.264" /><testcase classname="tests.test_workspace_email.TestWorkspaceDeleteProduct" name="test_delete_nonexistent_product_returns_404" time="0.133" /><testcase classname="tests.test_workspace_email.TestWorkspaceUpdateNote" name="test_update_note_success" time="0.105" /><testcase classname="tests.test_workspace_email.TestWorkspaceUpdateNote" name="test_update_note_verify_persistence" time="0.212" /><testcase classname="tests.test_workspace_email.TestWorkspaceUpdateNote" name="test_update_note_nonexistent_product_returns_404" time="0.108" /><testcase classname="tests.test_workspace_email.TestWorkspaceUpdateStatus" name="test_update_status_researching" time="0.112" /><testcase classname="tests.test_workspace_email.TestWorkspaceUpdateStatus" name="test_update_status_testing" time="0.113" /><testcase classname="tests.test_workspace_email.TestWorkspaceUpdateStatus" name="test_update_status_launched" time="0.101" /><testcase classname="tests.test_workspace_email.TestWorkspaceUpdateStatus" name="test_update_status_dropped" time="0.102" /><testcase classname="tests.test_workspace_email.TestWorkspaceUpdateStatus" name="test_update_invalid_status_returns_400" time="0.111" /><testcase classname="tests.test_workspace_email.TestWorkspaceUpdateStatus" name="test_update_status_verify_persistence" time="0.216" /><testcase classname="tests.test_workspace_email.TestWorkspaceCheckProduct" name="test_check_saved_product_returns_true" time="0.104" /><testcase classname="tests.test_workspace_email.TestWorkspaceCheckProduct" name="test_check_unsaved_product_returns_false" time="0.225" /><testcase classname="tests.test_workspace_email.TestEmailSubscriptionStatus" name="test_get_subscription_status_returns_200" time="0.103" /><testcase classname="tests.test_workspace_email.TestEmailSubscriptionStatus" name="test_subscription_preferences_have_expected_fields" time="0.115" /><testcase classname="tests.test_workspace_email.TestAuthRequired" name="test_list_workspace_requires_auth" time="0.110" /><testcase classname="tests.test_workspace_email.TestAuthRequired" name="test_save_workspace_requires_auth" time="0.108" /><testcase classname="tests.test_workspace_email.TestAuthRequired" name="test_email_subscription_requires_auth" time="0.104" /></testsuite></testsuites>